2026-05-13 16:07:29,247 INFO [backend.app.services.mqtt_relay] [898a3eaa] MQTT relay disabled
2026-05-13 16:07:29,251 INFO [uvicorn.access] [-] [IP]:50052 - "PUT /api/v1/settings/ HTTP/1.1" 200
2026-05-13 16:15:02,821 INFO [backend.app.api.routes.websocket] [-] WebSocket client disconnected normally
2026-05-13 19:57:19,486 INFO [uvicorn.access] [-] [IP]:36660 - "POST /api/v1/printers/camera/stream-token HTTP/1.1" 401
2026-05-13 19:57:20,528 INFO [uvicorn.access] [-] [IP]:36674 - "POST /api/v1/printers/camera/stream-token HTTP/1.1" 401
2026-05-13 19:57:27,535 INFO [uvicorn.access] [-] [IP]:46072 - "POST /api/v1/auth/login HTTP/1.1" 200
2026-05-13 19:57:27,611 INFO [uvicorn.access] [-] [IP]:46072 - "POST /api/v1/printers/camera/stream-token HTTP/1.1" 200
2026-05-13 19:57:27,691 INFO [backend.app.api.routes.websocket] [-] WebSocket client connecting...
2026-05-13 19:57:27,692 INFO [backend.app.api.routes.websocket] [-] WebSocket client connected
2026-05-13 19:57:27,694 INFO [backend.app.api.routes.websocket] [-] Sent initial status for 1 printers
2026-05-13 19:57:27,928 INFO [backend.app.api.routes.cloud] [acc3d672] get_filament_info called with 2 IDs: ['GFA00', 'GFSNL03']
2026-05-13 19:57:27,929 INFO [uvicorn.access] [-] [IP]:46100 - "POST /api/v1/cloud/filament-info HTTP/1.1" 200
2026-05-13 19:57:29,243 INFO [backend.app.services.firmware_check] [40284414] Got Bambu Lab build ID: eZI9eCMkwRCLYGcXplXED
2026-05-13 19:57:52,350 INFO [backend.app.services.mqtt_relay] [0376f915] MQTT relay disabled
2026-05-13 19:57:52,354 INFO [uvicorn.access] [-] [IP]:55834 - "PUT /api/v1/settings/ HTTP/1.1" 200
2026-05-13 19:57:55,982 INFO [backend.app.api.routes.updates] [c189a487] Using git at: /usr/bin/git
2026-05-13 19:57:56,002 INFO [uvicorn.access] [-] [IP]:41774 - "POST /api/v1/updates/apply HTTP/1.1" 200
2026-05-13 19:59:11,268 INFO [backend.app.api.routes.updates] [c189a487] Update completed successfully
2026-05-13 19:59:24,766 INFO [backend.app.api.routes.websocket] [-] WebSocket client disconnected normally
2026-05-13 19:59:25,617 INFO [uvicorn.access] [-] [IP]:49902 - "POST /api/v1/printers/camera/stream-token HTTP/1.1" 200
2026-05-13 19:59:25,740 INFO [backend.app.api.routes.websocket] [-] WebSocket client connecting...
2026-05-13 19:59:25,741 INFO [backend.app.api.routes.websocket] [-] WebSocket client connected
2026-05-13 19:59:25,742 INFO [backend.app.api.routes.websocket] [-] Sent initial status for 1 printers
2026-05-13 19:59:25,746 INFO [uvicorn.access] [-] [IP]:58420 - "POST /api/v1/printers/camera/stream-token HTTP/1.1" 200
2026-05-13 20:00:02,856 INFO [backend.app.api.routes.websocket] [-] WebSocket client disconnected normally
2026-05-13 20:00:15,966 INFO [uvicorn.access] [-] [IP]:53556 - "POST /api/v1/printers/camera/stream-token HTTP/1.1" 401
2026-05-13 20:00:18,970 INFO [uvicorn.access] [-] [IP]:53588 - "POST /api/v1/printers/camera/stream-token HTTP/1.1" 401
2026-05-13 20:00:21,883 INFO [uvicorn.access] [-] [IP]:53588 - "POST /api/v1/auth/login HTTP/1.1" 200
2026-05-13 20:00:21,957 INFO [uvicorn.access] [-] [IP]:53588 - "POST /api/v1/printers/camera/stream-token HTTP/1.1" 200
2026-05-13 20:00:22,085 INFO [backend.app.api.routes.websocket] [-] WebSocket client connecting...
2026-05-13 20:00:22,085 INFO [backend.app.api.routes.websocket] [-] WebSocket client connected
2026-05-13 20:00:22,086 INFO [backend.app.api.routes.websocket] [-] Sent initial status for 1 printers
2026-05-13 20:00:22,342 INFO [backend.app.api.routes.cloud] [9925e993] get_filament_info called with 2 IDs: ['GFA00', 'GFSNL03']
2026-05-13 20:00:22,343 INFO [uvicorn.access] [-] [IP]:37648 - "POST /api/v1/cloud/filament-info HTTP/1.1" 200
2026-05-13 20:00:30,920 INFO [backend.app.api.routes.websocket] [-] WebSocket client disconnected normally
2026-05-13 20:00:31,346 INFO [uvicorn.access] [-] [IP]:37678 - "POST /api/v1/printers/camera/stream-token HTTP/1.1" 200
2026-05-13 20:00:31,438 INFO [backend.app.api.routes.websocket] [-] WebSocket client connecting...
2026-05-13 20:00:31,439 INFO [backend.app.api.routes.websocket] [-] WebSocket client connected
2026-05-13 20:00:31,440 INFO [backend.app.api.routes.websocket] [-] Sent initial status for 1 printers
2026-05-13 20:00:31,442 INFO [uvicorn.access] [-] [IP]:37672 - "POST /api/v1/printers/camera/stream-token HTTP/1.1" 200
2026-05-13 20:00:37,769 INFO [backend.app.api.routes.updates] [02697110] Using git at: /usr/bin/git
2026-05-13 20:00:37,829 INFO [uvicorn.access] [-] [IP]:47464 - "POST /api/v1/updates/apply HTTP/1.1" 200
2026-05-13 20:01:44,183 INFO [backend.app.api.routes.updates] [02697110] Update completed successfully
2026-05-13 20:02:36,569 INFO [backend.app.api.routes.websocket] [-] WebSocket client disconnected normally
2026-05-13 20:02:37,210 INFO [uvicorn.access] [-] [IP]:42610 - "POST /api/v1/printers/camera/stream-token HTTP/1.1" 200
2026-05-13 20:02:37,286 INFO [uvicorn.access] [-] [IP]:42622 - "POST /api/v1/printers/camera/stream-token HTTP/1.1" 200
2026-05-13 20:02:37,299 INFO [backend.app.api.routes.websocket] [-] WebSocket client connecting...
2026-05-13 20:02:37,299 INFO [backend.app.api.routes.websocket] [-] WebSocket client connected
2026-05-13 20:02:37,301 INFO [backend.app.api.routes.websocket] [-] Sent initial status for 1 printers
2026-05-13 20:02:48,853 INFO [uvicorn.access] [-] [IP]:60492 - "POST /api/v1/auth/logout HTTP/1.1" 401
2026-05-13 20:02:48,863 INFO [backend.app.api.routes.websocket] [-] WebSocket client disconnected normally
2026-05-13 20:02:49,081 INFO [uvicorn.access] [-] [IP]:60492 - "POST /api/v1/printers/camera/stream-token HTTP/1.1" 401
2026-05-13 20:02:50,110 INFO [uvicorn.access] [-] [IP]:60504 - "POST /api/v1/printers/camera/stream-token HTTP/1.1" 401
2026-05-13 20:02:53,377 INFO [uvicorn.access] [-] [IP]:60504 - "POST /api/v1/auth/login HTTP/1.1" 200
2026-05-13 20:02:53,460 INFO [uvicorn.access] [-] [IP]:60504 - "POST /api/v1/printers/camera/stream-token HTTP/1.1" 200
2026-05-13 20:02:53,540 INFO [backend.app.api.routes.websocket] [-] WebSocket client connecting...
2026-05-13 20:02:53,540 INFO [backend.app.api.routes.websocket] [-] WebSocket client connected
2026-05-13 20:02:53,542 INFO [backend.app.api.routes.websocket] [-] Sent initial status for 1 printers
2026-05-13 20:02:53,831 INFO [backend.app.api.routes.cloud] [07d75a05] get_filament_info called with 2 IDs: ['GFA00', 'GFSNL03']
2026-05-13 20:02:53,837 INFO [uvicorn.access] [-] [IP]:60520 - "POST /api/v1/cloud/filament-info HTTP/1.1" 200
2026-05-13 20:03:05,123 INFO [uvicorn.access] [-] [IP]:34326 - "POST /api/v1/auth/logout HTTP/1.1" 401
2026-05-13 20:03:05,142 INFO [backend.app.api.routes.websocket] [-] WebSocket client disconnected normally
2026-05-13 20:03:05,478 INFO [uvicorn.access] [-] [IP]:34326 - "POST /api/v1/printers/camera/stream-token HTTP/1.1" 401
2026-05-13 20:03:06,492 INFO [uvicorn.access] [-] [IP]:34350 - "POST /api/v1/printers/camera/stream-token HTTP/1.1" 401
2026-05-13 20:03:30,156 INFO [backend.app.api.routes.websocket] [-] WebSocket client connecting...
2026-05-13 20:03:30,157 INFO [backend.app.api.routes.websocket] [-] WebSocket client connected
2026-05-13 20:03:30,160 INFO [backend.app.api.routes.websocket] [-] Sent initial status for 1 printers
2026-05-13 20:03:36,137 INFO [uvicorn.access] [-] [IP]:53000 - "POST /api/v1/printers/camera/stream-token HTTP/1.1" 200
2026-05-13 20:03:36,838 INFO [backend.app.services.mqtt_relay] [8501eb73] MQTT relay disabled
2026-05-13 20:03:36,842 INFO [uvicorn.access] [-] [IP]:55169 - "PUT /api/v1/settings/ HTTP/1.1" 200
2026-05-13 20:03:50,567 INFO [backend.app.api.routes.websocket] [-] WebSocket client disconnected normally
2026-05-13 20:03:55,870 INFO [uvicorn.access] [-] [IP]:54035 - "POST /api/v1/printers/camera/stream-token HTTP/1.1" 200
2026-05-13 20:03:55,987 INFO [backend.app.api.routes.websocket] [-] WebSocket client connecting...
2026-05-13 20:03:55,987 INFO [backend.app.api.routes.websocket] [-] WebSocket client connected
2026-05-13 20:03:55,989 INFO [backend.app.api.routes.websocket] [-] Sent initial status for 1 printers
2026-05-13 20:03:55,989 INFO [uvicorn.access] [-] [IP]:63903 - "POST /api/v1/printers/camera/stream-token HTTP/1.1" 200
2026-05-13 20:05:48,658 INFO [backend.app.api.routes.websocket] [-] WebSocket client disconnected normally
2026-05-13 20:06:50,580 INFO [uvicorn.access] [-] [IP]:44414 - "POST /api/v1/auth/login HTTP/1.1" 200
2026-05-13 20:06:50,674 INFO [uvicorn.access] [-] [IP]:44414 - "POST /api/v1/printers/camera/stream-token HTTP/1.1" 200
2026-05-13 20:06:50,739 INFO [backend.app.api.routes.websocket] [-] WebSocket client connecting...
2026-05-13 20:06:50,739 INFO [backend.app.api.routes.websocket] [-] WebSocket client connected
2026-05-13 20:06:50,741 INFO [backend.app.api.routes.websocket] [-] Sent initial status for 1 printers
2026-05-13 20:06:50,988 INFO [backend.app.api.routes.cloud] [70d90c6a] get_filament_info called with 2 IDs: ['GFA00', 'GFSNL03']
2026-05-13 20:06:50,989 INFO [uvicorn.access] [-] [IP]:44428 - "POST /api/v1/cloud/filament-info HTTP/1.1" 200
2026-05-13 20:07:06,549 INFO [backend.app.services.mqtt_relay] [b592360b] MQTT relay disabled
2026-05-13 20:07:06,554 INFO [uvicorn.access] [-] [IP]:56798 - "PUT /api/v1/settings/ HTTP/1.1" 200
2026-05-13 20:14:12,952 INFO [backend.app.api.routes.websocket] [-] WebSocket client disconnected normally
2026-05-13 20:19:06,899 INFO [backend.app.api.routes.websocket] [-] WebSocket client connecting...
2026-05-13 20:19:06,899 INFO [backend.app.api.routes.websocket] [-] WebSocket client connected
2026-05-13 20:19:06,900 INFO [backend.app.api.routes.websocket] [-] Sent initial status for 1 printers
2026-05-13 20:20:57,117 ERROR [asyncio] [-] ConnectionClosedError exception in shielded future
future: <Future finished exception=ConnectionClosedError(None, Close(code=<CloseCode.INTERNAL_ERROR: 1011>, reason='keepalive ping timeout'), None)>
Traceback (most recent call last):
  File "/opt/[user]/venv/lib/python3.14/site-packages/websockets/legacy/protocol.py", line 1276, in close_connection
    await self.transfer_data_task
  File "/opt/[user]/venv/lib/python3.14/site-packages/websockets/legacy/protocol.py", line 940, in transfer_data
    message = await self.read_message()
              ^^^^^^^^^^^^^^^^^^^^^^^^^
  File "/opt/[user]/venv/lib/python3.14/site-packages/websockets/legacy/protocol.py", line 1010, in read_message
    frame = await self.read_data_frame(max_size=self.max_size)
            ^^^^^^^^^^^^^^^^^^^^^^^^^^^^^^^^^^^^^^^^^^^^^^^^^^
  File "/opt/[user]/venv/lib/python3.14/site-packages/websockets/legacy/protocol.py", line 1087, in read_data_frame
    frame = await self.read_frame(max_size)
            ^^^^^^^^^^^^^^^^^^^^^^^^^^^^^^^
  File "/opt/[user]/venv/lib/python3.14/site-packages/websockets/legacy/protocol.py", line 1144, in read_frame
    frame = await Frame.read(
            ^^^^^^^^^^^^^^^^^
    ...<4 lines>...
    )
    ^
  File "/opt/[user]/venv/lib/python3.14/site-packages/websockets/legacy/framing.py", line 70, in read
    data = await reader(2)
           ^^^^^^^^^^^^^^^
  File "/usr/lib/python3.14/asyncio/streams.py", line 769, in readexactly
    await self._wait_for_data('readexactly')
  File "/usr/lib/python3.14/asyncio/streams.py", line 539, in _wait_for_data
    await self._waiter
asyncio.exceptions.CancelledError

The above exception was the direct cause of the following exception:

websockets.exceptions.ConnectionClosedError: sent 1011 (internal error) keepalive ping timeout; no close frame received
2026-05-13 20:20:57,119 INFO [backend.app.api.routes.websocket] [-] WebSocket client disconnected normally
2026-05-13 20:22:54,702 INFO [backend.app.services.print_scheduler] [-] Print scheduler stopped
2026-05-13 20:22:54,703 INFO [backend.app.services.background_dispatch] [-] Background dispatch dispatcher stopped
2026-05-13 20:22:54,704 INFO [backend.app.services.smart_plug_manager] [-] Smart plug scheduler stopped
2026-05-13 20:22:54,704 INFO [backend.app.services.smart_plug_manager] [-] Smart plug energy snapshot loop stopped
2026-05-13 20:22:54,704 INFO [backend.app.services.notification_service] [-] Notification digest scheduler stopped
2026-05-13 20:22:54,705 INFO [backend.app.services.github_backup] [-] Stopped GitHub backup scheduler
2026-05-13 20:22:54,705 INFO [backend.app.services.local_backup] [-] Stopped local backup scheduler
2026-05-13 20:22:54,705 INFO [backend.app.services.library_trash] [-] Stopped library trash sweeper
2026-05-13 20:22:54,706 INFO [backend.app.services.archive_purge] [-] Stopped archive auto-purge sweeper
2026-05-13 20:22:54,706 INFO [backend.app.services.obico_detection] [-] Stopped Obico detection service
2026-05-13 20:22:54,706 INFO [backend.app.main] [-] AMS history recording stopped
2026-05-13 20:22:54,706 INFO [backend.app.main] [-] Printer runtime tracking stopped
2026-05-13 20:22:54,706 INFO [backend.app.main] [-] SpoolBuddy watchdog stopped
2026-05-13 20:22:54,707 INFO [backend.app.main] [-] Camera stream cleanup stopped
2026-05-13 20:22:54,707 INFO [backend.app.main] [-] Expected prints cleanup stopped
2026-05-13 20:22:54,707 INFO [backend.app.main] [-] Auth periodic cleanup stopped
2026-05-13 20:22:56,014 INFO [backend.app.services.virtual_printer.manager] [-] Stopping all virtual printer services...
2026-05-13 20:22:56,014 INFO [backend.app.services.virtual_printer.manager] [-] All virtual printer services stopped
2026-05-13 20:22:56,020 INFO [root] [-] WAL checkpoint completed
2026-05-13 20:23:16,480 INFO [root] [-] Logging to file: /opt/[user]/logs/bambuddy.log
2026-05-13 20:23:16,483 INFO [root] [-] Bambuddy starting - debug=False, log_level=INFO
2026-05-13 20:23:18,218 INFO [backend.app.services.printer_manager] [-] Loaded 1 printer(s) awaiting plate-clear acknowledgment: [1]
2026-05-13 20:23:18,224 INFO [backend.app.services.mqtt_relay] [-] MQTT relay disabled
2026-05-13 20:23:19,243 INFO [backend.app.services.background_dispatch] [-] Background dispatch dispatcher started
2026-05-13 20:23:19,243 INFO [backend.app.services.smart_plug_manager] [-] Smart plug scheduler started
2026-05-13 20:23:19,243 INFO [backend.app.services.smart_plug_manager] [-] Smart plug energy snapshot loop started
2026-05-13 20:23:19,247 INFO [backend.app.services.print_scheduler] [-] Print scheduler started
2026-05-13 20:23:19,251 INFO [backend.app.services.notification_service] [-] Notification digest scheduler started
2026-05-13 20:23:19,251 INFO [backend.app.services.github_backup] [-] Starting GitHub backup scheduler
2026-05-13 20:23:19,251 INFO [backend.app.services.local_backup] [-] Starting local backup scheduler
2026-05-13 20:23:19,256 INFO [backend.app.services.obico_detection] [-] Starting Obico detection service
2026-05-13 20:23:19,256 INFO [backend.app.services.library_trash] [-] Starting library trash sweeper
2026-05-13 20:23:19,256 INFO [backend.app.services.archive_purge] [-] Starting archive auto-purge sweeper
2026-05-13 20:23:19,256 INFO [backend.app.main] [-] AMS history recording started
2026-05-13 20:23:19,257 INFO [backend.app.main] [-] Printer runtime tracking started
2026-05-13 20:23:19,257 INFO [backend.app.main] [-] SpoolBuddy watchdog started
2026-05-13 20:23:19,257 INFO [backend.app.main] [-] Camera stream cleanup started
2026-05-13 20:23:19,257 INFO [backend.app.main] [-] Expected prints cleanup started
2026-05-13 20:23:19,257 INFO [backend.app.main] [-] Auth periodic cleanup started
2026-05-13 20:23:19,275 INFO [root] [-] Virtual printer manager synced from database
2026-05-13 20:24:43,972 INFO [uvicorn.access] [-] [IP]:64185 - "POST /api/v1/printers/camera/stream-token HTTP/1.1" 200
2026-05-13 20:24:44,071 INFO [uvicorn.access] [-] [IP]:51844 - "POST /api/v1/printers/camera/stream-token HTTP/1.1" 200
2026-05-13 20:24:44,083 INFO [backend.app.api.routes.websocket] [-] WebSocket client connecting...
2026-05-13 20:24:44,083 INFO [backend.app.api.routes.websocket] [-] WebSocket client connected
2026-05-13 20:24:44,085 INFO [backend.app.api.routes.websocket] [-] Sent initial status for 1 printers
2026-05-13 20:24:45,583 INFO [backend.app.services.firmware_check] [95d3be66] Got Bambu Lab build ID: eZI9eCMkwRCLYGcXplXED
2026-05-13 20:24:46,719 INFO [backend.app.services.camera] [18cfa633] Found ffmpeg at: /usr/bin/ffmpeg
2026-05-13 20:24:58,692 INFO [backend.app.services.mqtt_relay] [776f5796] MQTT relay disabled
2026-05-13 20:24:58,696 INFO [uvicorn.access] [-] [IP]:53954 - "PUT /api/v1/settings/ HTTP/1.1" 200
2026-05-13 20:27:21,130 INFO [uvicorn.access] [-] [IP]:37714 - "POST /api/v1/printers/camera/stream-token HTTP/1.1" 200
2026-05-13 20:27:21,231 INFO [uvicorn.access] [-] [IP]:37742 - "POST /api/v1/printers/camera/stream-token HTTP/1.1" 200
2026-05-13 20:27:21,238 INFO [backend.app.api.routes.websocket] [-] WebSocket client connecting...
2026-05-13 20:27:21,239 INFO [backend.app.api.routes.websocket] [-] WebSocket client connected
2026-05-13 20:27:21,240 INFO [backend.app.api.routes.websocket] [-] Sent initial status for 1 printers
2026-05-13 20:29:51,385 INFO [uvicorn.access] [-] [IP]:60090 - "POST /api/v1/archives/2/slicer-token HTTP/1.1" 200
2026-05-13 20:32:33,933 INFO [backend.app.api.routes.websocket] [-] WebSocket client disconnected normally
2026-05-13 20:34:30,566 INFO [backend.app.api.routes.websocket] [-] WebSocket client connecting...
2026-05-13 20:34:30,566 INFO [backend.app.api.routes.websocket] [-] WebSocket client connected
2026-05-13 20:34:30,567 INFO [backend.app.api.routes.websocket] [-] Sent initial status for 1 printers
2026-05-13 20:36:16,813 INFO [uvicorn.access] [-] [IP]:55448 - "PATCH /api/v1/archives/2 HTTP/1.1" 200
2026-05-13 20:36:20,201 INFO [uvicorn.access] [-] [IP]:55448 - "POST /api/v1/archives/2/slicer-token HTTP/1.1" 200
2026-05-13 20:37:27,327 INFO [uvicorn.access] [-] [IP]:49171 - "PATCH /api/v1/archives/2 HTTP/1.1" 200
2026-05-13 20:37:42,830 INFO [uvicorn.access] [-] [IP]:63435 - "POST /api/v1/archives/2/slicer-token HTTP/1.1" 200
2026-05-13 20:41:14,888 INFO [backend.app.api.routes.websocket] [-] WebSocket client disconnected normally
2026-05-13 20:42:42,024 INFO [uvicorn.access] [-] [IP]:61306 - "POST /api/v1/archives/2/slicer-token HTTP/1.1" 200
2026-05-13 20:44:07,007 INFO [uvicorn.access] [-] [IP]:61306 - "POST /api/v1/archives/2/slicer-token HTTP/1.1" 200
2026-05-13 20:50:45,115 INFO [backend.app.api.routes.websocket] [-] WebSocket client disconnected normally
2026-05-13 21:00:26,839 INFO [uvicorn.access] [-] [IP]:61746 - "POST /api/v1/printers/camera/stream-token HTTP/1.1" 200
2026-05-13 21:00:26,963 INFO [uvicorn.access] [-] [IP]:61746 - "POST /api/v1/printers/camera/stream-token HTTP/1.1" 200
2026-05-13 21:00:27,019 INFO [backend.app.api.routes.websocket] [-] WebSocket client connecting...
2026-05-13 21:00:27,019 INFO [backend.app.api.routes.websocket] [-] WebSocket client connected
2026-05-13 21:00:27,021 INFO [backend.app.api.routes.websocket] [-] Sent initial status for 1 printers
2026-05-13 21:18:18,970 INFO [backend.app.api.routes.support] [3a172274] Log level changed to DEBUG
2026-05-13 21:18:18,971 INFO [backend.app.api.routes.bug_report] [3a172274] Bug report: enabled debug logging
2026-05-13 21:18:18,971 WARNING [backend.app.services.bambu_mqtt] [3a172274] [[SERIAL]] request_status_update: not connected
2026-05-13 21:18:18,971 INFO [uvicorn.access] [-] [IP]:51765 - "POST /api/v1/bug-report/start-logging HTTP/1.1" 200
2026-05-13 21:18:34,451 DEBUG [backend.app.main] [-] [[USER]] Runtime tracking: not connected