2026-05-10 10:18:00,267 DEBUG [backend.app.services.bambu_mqtt] [[SERIAL]] Parsing xcam data - all fields: ['allow_skip_parts', 'buildplate_marker_detector', 'cfg', 'first_layer_inspector', 'halt_print_sensitivity', 'print_halt', 'printing_monitor', 'spaghetti_detector']
2026-05-10 10:18:00,267 DEBUG [backend.app.services.bambu_mqtt] [[SERIAL]] xcam cfg bitmask: 8107719 (binary: 0b11110111011011011000111)
2026-05-10 10:18:00,268 DEBUG [backend.app.services.bambu_mqtt] [[SERIAL]] Received gcode_state: RUNNING, gcode_file: /data/Metadata/plate_13.gcode, subtask_name: 适用于 P2S 底座 V1.5.7
2026-05-10 10:18:00,268 DEBUG [backend.app.services.bambu_mqtt] [[SERIAL]] AMS dict fields: {'ams_exist_bits': '1', 'ams_exist_bits_raw': '1', 'cali_id': 255, 'cali_stat': 0, 'cfs': [], 'insert_flag': True, 'power_on_flag': True, 'tray_exist_bits': 'f', 'tray_hall_out_bits': '8', 'tray_is_bbl_bits': 'f', 'tray_now': '3', 'tray_pre': '3', 'tray_read_done_bits': 'f', 'tray_reading_bits': '0', 'tray_tar': '3', 'unbind_ams_stat': 0, 'version': 1093}
2026-05-10 10:18:00,268 DEBUG [backend.app.services.bambu_mqtt] [[SERIAL]] tray_now updated: 3
2026-05-10 10:18:00,269 DEBUG [backend.app.services.bambu_mqtt] [[SERIAL]] Merged AMS data: 1 new units, 1 total
2026-05-10 10:18:00,269 DEBUG [backend.app.services.bambu_mqtt] [[SERIAL]] AMS 0 info=0x10002003 -> extruder 0
2026-05-10 10:18:00,269 DEBUG [backend.app.services.bambu_mqtt] [[SERIAL]] ams_extruder_map: {'0': 0}
2026-05-10 10:18:00,270 DEBUG [backend.app.services.bambu_mqtt] [[SERIAL]] ams_status: 768 (main=3, sub=0)
2026-05-10 10:18:00,270 DEBUG [backend.app.services.bambu_mqtt] [[SERIAL]] Received command response: push_status
2026-05-10 10:18:00,271 DEBUG [backend.app.services.bambu_mqtt] [[SERIAL]] device.extruder.state=1 (switch_state bits 12-14: 0)
2026-05-10 10:18:00,271 DEBUG [backend.app.services.bambu_mqtt] [[SERIAL]] info.temp direct: 44°C (heater OFF)
2026-05-10 10:18:00,271 DEBUG [backend.app.services.bambu_mqtt] [[SERIAL]] ctc_info keys: ['temp']
2026-05-10 10:18:00,272 DEBUG [backend.app.services.bambu_mqtt] [[SERIAL]] Chamber heating calculated: target=0.0, current=44.0, heating=False, respect_local=False
2026-05-10 10:18:00,272 DEBUG [backend.app.services.bambu_mqtt] [[SERIAL]] Chamber temp updated to: 44.0, target: 0.0, heating: False
2026-05-10 10:18:00,272 DEBUG [backend.app.services.bambu_mqtt] [[SERIAL]] HMS data received: [{'attr': 83887616, 'code': 131184, 'ts_boot': 33555, 'ts_unix': '20260509140224'}, {'attr': 83887360, 'code': 65543, 'ts_boot': 72214695, 'ts_unix': '20260510101009'}]
2026-05-10 10:18:00,273 DEBUG [backend.app.services.bambu_mqtt] [[SERIAL]] ipcam field: {'agora_service': 'disable', 'brtc_service': 'enable', 'bs_state': 0, 'cap_pic_enable': 'disable', 'ipcam_dev': '1', 'ipcam_record': 'enable', 'laser_preview_res': 7, 'liveview_preview': True, 'mode_bits': 2, 'resolution': '1080p', 'rtsp_url': 'disable', 'timelapse': 'disable', 'tl_external_free_kb': 224663168, 'tl_external_total_kb': 262111936, 'tl_internal_free_kb': 931128, 'tl_internal_total_kb': 962560, 'tl_store_hpd_type': 2, 'tl_store_path_type': 2, 'tutk_server': 'disable'}
2026-05-10 10:18:00,273 DEBUG [backend.app.services.bambu_mqtt] [[SERIAL]] wifi_signal received: -50dBm
2026-05-10 10:18:00,274 DEBUG [backend.app.services.bambu_mqtt] [[SERIAL]] lights_report: [{'mode': 'on', 'node': 'chamber_light'}, {'mode': 'flashing', 'node': 'work_light'}]
2026-05-10 10:18:00,274 DEBUG [backend.app.services.bambu_mqtt] [[SERIAL]] MQTT mapping field: [65535, 65535, 65535, 3]
2026-05-10 10:18:00,275 DEBUG [backend.app.services.bambu_mqtt] [[SERIAL]] gcode_state: RUNNING -> RUNNING, file: /data/Metadata/plate_13.gcode, subtask: 适用于 P2S 底座 V1.5.7
2026-05-10 10:18:01,400 DEBUG [backend.app.services.bambu_mqtt] [[SERIAL]] Found xcam inside print data: {'allow_skip_parts': False, 'buildplate_marker_detector': False, 'cfg': 8107719, 'first_layer_inspector': True, 'halt_print_sensitivity': 'medium', 'print_halt': True, 'printing_monitor': True, 'spaghetti_detector': True}
2026-05-10 10:18:01,401 DEBUG [backend.app.services.bambu_mqtt] [[SERIAL]] Parsing xcam data - all fields: ['allow_skip_parts', 'buildplate_marker_detector', 'cfg', 'first_layer_inspector', 'halt_print_sensitivity', 'print_halt', 'printing_monitor', 'spaghetti_detector']
2026-05-10 10:18:01,401 DEBUG [backend.app.services.bambu_mqtt] [[SERIAL]] xcam cfg bitmask: 8107719 (binary: 0b11110111011011011000111)
2026-05-10 10:18:01,401 DEBUG [backend.app.services.bambu_mqtt] [[SERIAL]] Received gcode_state: RUNNING, gcode_file: /data/Metadata/plate_13.gcode, subtask_name: 适用于 P2S 底座 V1.5.7
2026-05-10 10:18:01,401 DEBUG [backend.app.services.bambu_mqtt] [[SERIAL]] AMS dict fields: {'ams_exist_bits': '1', 'ams_exist_bits_raw': '1', 'cali_id': 255, 'cali_stat': 0, 'cfs': [], 'insert_flag': True, 'power_on_flag': True, 'tray_exist_bits': 'f', 'tray_hall_out_bits': '8', 'tray_is_bbl_bits': 'f', 'tray_now': '3', 'tray_pre': '3', 'tray_read_done_bits': 'f', 'tray_reading_bits': '0', 'tray_tar': '3', 'unbind_ams_stat': 0, 'version': 1093}
2026-05-10 10:18:01,401 DEBUG [backend.app.services.bambu_mqtt] [[SERIAL]] tray_now updated: 3
2026-05-10 10:18:01,402 DEBUG [backend.app.services.bambu_mqtt] [[SERIAL]] Merged AMS data: 1 new units, 1 total
2026-05-10 10:18:01,402 DEBUG [backend.app.services.bambu_mqtt] [[SERIAL]] AMS 0 info=0x10002003 -> extruder 0
2026-05-10 10:18:01,402 DEBUG [backend.app.services.bambu_mqtt] [[SERIAL]] ams_extruder_map: {'0': 0}
2026-05-10 10:18:01,403 DEBUG [backend.app.services.bambu_mqtt] [[SERIAL]] ams_status: 768 (main=3, sub=0)
2026-05-10 10:18:01,403 DEBUG [backend.app.services.bambu_mqtt] [[SERIAL]] Received command response: push_status
2026-05-10 10:18:01,403 DEBUG [backend.app.services.bambu_mqtt] [[SERIAL]] device.extruder.state=1 (switch_state bits 12-14: 0)
2026-05-10 10:18:01,404 DEBUG [backend.app.services.bambu_mqtt] [[SERIAL]] info.temp direct: 44°C (heater OFF)
2026-05-10 10:18:01,404 DEBUG [backend.app.services.bambu_mqtt] [[SERIAL]] ctc_info keys: ['temp']
2026-05-10 10:18:01,404 DEBUG [backend.app.services.bambu_mqtt] [[SERIAL]] Chamber heating calculated: target=0.0, current=44.0, heating=False, respect_local=False
2026-05-10 10:18:01,405 DEBUG [backend.app.services.bambu_mqtt] [[SERIAL]] Chamber temp updated to: 44.0, target: 0.0, heating: False
2026-05-10 10:18:01,405 DEBUG [backend.app.services.bambu_mqtt] [[SERIAL]] HMS data received: [{'attr': 83887616, 'code': 131184, 'ts_boot': 33555, 'ts_unix': '20260509140224'}, {'attr': 83887360, 'code': 65543, 'ts_boot': 72214695, 'ts_unix': '20260510101009'}]
2026-05-10 10:18:01,405 DEBUG [backend.app.services.bambu_mqtt] [[SERIAL]] ipcam field: {'agora_service': 'disable', 'brtc_service': 'enable', 'bs_state': 0, 'cap_pic_enable': 'disable', 'ipcam_dev': '1', 'ipcam_record': 'enable', 'laser_preview_res': 7, 'liveview_preview': True, 'mode_bits': 2, 'resolution': '1080p', 'rtsp_url': 'disable', 'timelapse': 'disable', 'tl_external_free_kb': 224663168, 'tl_external_total_kb': 262111936, 'tl_internal_free_kb': 931128, 'tl_internal_total_kb': 962560, 'tl_store_hpd_type': 2, 'tl_store_path_type': 2, 'tutk_server': 'disable'}
2026-05-10 10:18:01,406 DEBUG [backend.app.services.bambu_mqtt] [[SERIAL]] wifi_signal received: -50dBm
2026-05-10 10:18:01,406 DEBUG [backend.app.services.bambu_mqtt] [[SERIAL]] lights_report: [{'mode': 'on', 'node': 'chamber_light'}, {'mode': 'flashing', 'node': 'work_light'}]
2026-05-10 10:18:01,406 DEBUG [backend.app.services.bambu_mqtt] [[SERIAL]] MQTT mapping field: [65535, 65535, 65535, 3]
2026-05-10 10:18:01,406 DEBUG [backend.app.services.bambu_mqtt] [[SERIAL]] gcode_state: RUNNING -> RUNNING, file: /data/Metadata/plate_13.gcode, subtask: 适用于 P2S 底座 V1.5.7
2026-05-10 10:18:02,084 DEBUG [backend.app.main] [[PRINTER]] Runtime tracking: added 30s, total=913530s (253.76h)
2026-05-10 10:18:02,090 DEBUG [backend.app.main] Updated runtime for 1 printer(s)
2026-05-10 10:18:02,567 DEBUG [backend.app.services.bambu_mqtt] [[SERIAL]] Found xcam inside print data: {'allow_skip_parts': False, 'buildplate_marker_detector': False, 'cfg': 8107719, 'first_layer_inspector': True, 'halt_print_sensitivity': 'medium', 'print_halt': True, 'printing_monitor': True, 'spaghetti_detector': True}
2026-05-10 10:18:02,567 DEBUG [backend.app.services.bambu_mqtt] [[SERIAL]] Parsing xcam data - all fields: ['allow_skip_parts', 'buildplate_marker_detector', 'cfg', 'first_layer_inspector', 'halt_print_sensitivity', 'print_halt', 'printing_monitor', 'spaghetti_detector']
2026-05-10 10:18:02,567 DEBUG [backend.app.services.bambu_mqtt] [[SERIAL]] xcam cfg bitmask: 8107719 (binary: 0b11110111011011011000111)
2026-05-10 10:18:02,568 DEBUG [backend.app.services.bambu_mqtt] [[SERIAL]] Received gcode_state: RUNNING, gcode_file: /data/Metadata/plate_13.gcode, subtask_name: 适用于 P2S 底座 V1.5.7
2026-05-10 10:18:02,568 DEBUG [backend.app.services.bambu_mqtt] [[SERIAL]] AMS dict fields: {'ams_exist_bits': '1', 'ams_exist_bits_raw': '1', 'cali_id': 255, 'cali_stat': 0, 'cfs': [], 'insert_flag': True, 'power_on_flag': True, 'tray_exist_bits': 'f', 'tray_hall_out_bits': '8', 'tray_is_bbl_bits': 'f', 'tray_now': '3', 'tray_pre': '3', 'tray_read_done_bits': 'f', 'tray_reading_bits': '0', 'tray_tar': '3', 'unbind_ams_stat': 0, 'version': 1093}
2026-05-10 10:18:02,568 DEBUG [backend.app.services.bambu_mqtt] [[SERIAL]] tray_now updated: 3
2026-05-10 10:18:02,568 DEBUG [backend.app.services.bambu_mqtt] [[SERIAL]] Merged AMS data: 1 new units, 1 total
2026-05-10 10:18:02,568 DEBUG [backend.app.services.bambu_mqtt] [[SERIAL]] AMS 0 info=0x10002003 -> extruder 0
2026-05-10 10:18:02,569 DEBUG [backend.app.services.bambu_mqtt] [[SERIAL]] ams_extruder_map: {'0': 0}
2026-05-10 10:18:02,569 DEBUG [backend.app.services.bambu_mqtt] [[SERIAL]] ams_status: 768 (main=3, sub=0)
2026-05-10 10:18:02,570 DEBUG [backend.app.services.bambu_mqtt] [[SERIAL]] Received command response: push_status
2026-05-10 10:18:02,570 DEBUG [backend.app.services.bambu_mqtt] [[SERIAL]] device.extruder.state=1 (switch_state bits 12-14: 0)
2026-05-10 10:18:02,571 DEBUG [backend.app.services.bambu_mqtt] [[SERIAL]] info.temp direct: 44°C (heater OFF)
2026-05-10 10:18:02,571 DEBUG [backend.app.services.bambu_mqtt] [[SERIAL]] ctc_info keys: ['temp']
2026-05-10 10:18:02,571 DEBUG [backend.app.services.bambu_mqtt] [[SERIAL]] Chamber heating calculated: target=0.0, current=44.0, heating=False, respect_local=False
2026-05-10 10:18:02,572 DEBUG [backend.app.services.bambu_mqtt] [[SERIAL]] Chamber temp updated to: 44.0, target: 0.0, heating: False
2026-05-10 10:18:02,572 DEBUG [backend.app.services.bambu_mqtt] [[SERIAL]] HMS data received: [{'attr': 83887616, 'code': 131184, 'ts_boot': 33555, 'ts_unix': '20260509140224'}, {'attr': 83887360, 'code': 65543, 'ts_boot': 72214695, 'ts_unix': '20260510101009'}]
2026-05-10 10:18:02,573 DEBUG [backend.app.services.bambu_mqtt] [[SERIAL]] ipcam field: {'agora_service': 'disable', 'brtc_service': 'enable', 'bs_state': 0, 'cap_pic_enable': 'disable', 'ipcam_dev': '1', 'ipcam_record': 'enable', 'laser_preview_res': 7, 'liveview_preview': True, 'mode_bits': 2, 'resolution': '1080p', 'rtsp_url': 'disable', 'timelapse': 'disable', 'tl_external_free_kb': 224662144, 'tl_external_total_kb': 262111936, 'tl_internal_free_kb': 931128, 'tl_internal_total_kb': 962560, 'tl_store_hpd_type': 2, 'tl_store_path_type': 2, 'tutk_server': 'disable'}
2026-05-10 10:18:02,573 DEBUG [backend.app.services.bambu_mqtt] [[SERIAL]] wifi_signal received: -50dBm
2026-05-10 10:18:02,574 DEBUG [backend.app.services.bambu_mqtt] [[SERIAL]] lights_report: [{'mode': 'on', 'node': 'chamber_light'}, {'mode': 'flashing', 'node': 'work_light'}]
2026-05-10 10:18:02,574 DEBUG [backend.app.services.bambu_mqtt] [[SERIAL]] MQTT mapping field: [65535, 65535, 65535, 3]
2026-05-10 10:18:02,575 DEBUG [backend.app.services.bambu_mqtt] [[SERIAL]] gcode_state: RUNNING -> RUNNING, file: /data/Metadata/plate_13.gcode, subtask: 适用于 P2S 底座 V1.5.7
2026-05-10 10:18:03,698 DEBUG [backend.app.services.bambu_mqtt] [[SERIAL]] Found xcam inside print data: {'allow_skip_parts': False, 'buildplate_marker_detector': False, 'cfg': 8107719, 'first_layer_inspector': True, 'halt_print_sensitivity': 'medium', 'print_halt': True, 'printing_monitor': True, 'spaghetti_detector': True}
2026-05-10 10:18:03,698 DEBUG [backend.app.services.bambu_mqtt] [[SERIAL]] Parsing xcam data - all fields: ['allow_skip_parts', 'buildplate_marker_detector', 'cfg', 'first_layer_inspector', 'halt_print_sensitivity', 'print_halt', 'printing_monitor', 'spaghetti_detector']
2026-05-10 10:18:03,698 DEBUG [backend.app.services.bambu_mqtt] [[SERIAL]] xcam cfg bitmask: 8107719 (binary: 0b11110111011011011000111)
2026-05-10 10:18:03,699 DEBUG [backend.app.services.bambu_mqtt] [[SERIAL]] Received gcode_state: RUNNING, gcode_file: /data/Metadata/plate_13.gcode, subtask_name: 适用于 P2S 底座 V1.5.7
2026-05-10 10:18:03,699 DEBUG [backend.app.services.bambu_mqtt] [[SERIAL]] AMS dict fields: {'ams_exist_bits': '1', 'ams_exist_bits_raw': '1', 'cali_id': 255, 'cali_stat': 0, 'cfs': [], 'insert_flag': True, 'power_on_flag': True, 'tray_exist_bits': 'f', 'tray_hall_out_bits': '8', 'tray_is_bbl_bits': 'f', 'tray_now': '3', 'tray_pre': '3', 'tray_read_done_bits': 'f', 'tray_reading_bits': '0', 'tray_tar': '3', 'unbind_ams_stat': 0, 'version': 1093}
2026-05-10 10:18:03,699 DEBUG [backend.app.services.bambu_mqtt] [[SERIAL]] tray_now updated: 3
2026-05-10 10:18:03,699 DEBUG [backend.app.services.bambu_mqtt] [[SERIAL]] Merged AMS data: 1 new units, 1 total
2026-05-10 10:18:03,699 DEBUG [backend.app.services.bambu_mqtt] [[SERIAL]] AMS 0 info=0x10002003 -> extruder 0
2026-05-10 10:18:03,700 DEBUG [backend.app.services.bambu_mqtt] [[SERIAL]] ams_extruder_map: {'0': 0}
2026-05-10 10:18:03,700 DEBUG [backend.app.services.bambu_mqtt] [[SERIAL]] ams_status: 768 (main=3, sub=0)
2026-05-10 10:18:03,700 DEBUG [backend.app.services.bambu_mqtt] [[SERIAL]] Received command response: push_status
2026-05-10 10:18:03,700 DEBUG [backend.app.services.bambu_mqtt] [[SERIAL]] device.extruder.state=1 (switch_state bits 12-14: 0)
2026-05-10 10:18:03,700 DEBUG [backend.app.services.bambu_mqtt] [[SERIAL]] info.temp direct: 44°C (heater OFF)
2026-05-10 10:18:03,701 DEBUG [backend.app.services.bambu_mqtt] [[SERIAL]] ctc_info keys: ['temp']
2026-05-10 10:18:03,702 DEBUG [backend.app.services.bambu_mqtt] [[SERIAL]] Chamber heating calculated: target=0.0, current=44.0, heating=False, respect_local=False
2026-05-10 10:18:03,703 DEBUG [backend.app.services.bambu_mqtt] [[SERIAL]] Chamber temp updated to: 44.0, target: 0.0, heating: False
2026-05-10 10:18:03,703 DEBUG [backend.app.services.bambu_mqtt] [[SERIAL]] HMS data received: [{'attr': 83887616, 'code': 131184, 'ts_boot': 33555, 'ts_unix': '20260509140224'}, {'attr': 83887360, 'code': 65543, 'ts_boot': 72214695, 'ts_unix': '20260510101009'}]
2026-05-10 10:18:03,703 DEBUG [backend.app.services.bambu_mqtt] [[SERIAL]] ipcam field: {'agora_service': 'disable', 'brtc_service': 'enable', 'bs_state': 0, 'cap_pic_enable': 'disable', 'ipcam_dev': '1', 'ipcam_record': 'enable', 'laser_preview_res': 7, 'liveview_preview': True, 'mode_bits': 2, 'resolution': '1080p', 'rtsp_url': 'disable', 'timelapse': 'disable', 'tl_external_free_kb': 224661120, 'tl_external_total_kb': 262111936, 'tl_internal_free_kb': 931128, 'tl_internal_total_kb': 962560, 'tl_store_hpd_type': 2, 'tl_store_path_type': 2, 'tutk_server': 'disable'}
2026-05-10 10:18:03,704 DEBUG [backend.app.services.bambu_mqtt] [[SERIAL]] wifi_signal received: -50dBm
2026-05-10 10:18:03,704 DEBUG [backend.app.services.bambu_mqtt] [[SERIAL]] lights_report: [{'mode': 'on', 'node': 'chamber_light'}, {'mode': 'flashing', 'node': 'work_light'}]
2026-05-10 10:18:03,705 DEBUG [backend.app.services.bambu_mqtt] [[SERIAL]] MQTT mapping field: [65535, 65535, 65535, 3]
2026-05-10 10:18:03,705 DEBUG [backend.app.services.bambu_mqtt] [[SERIAL]] gcode_state: RUNNING -> RUNNING, file: /data/Metadata/plate_13.gcode, subtask: 适用于 P2S 底座 V1.5.7
2026-05-10 10:18:04,889 DEBUG [backend.app.services.bambu_mqtt] [[SERIAL]] Found xcam inside print data: {'allow_skip_parts': False, 'buildplate_marker_detector': False, 'cfg': 8107719, 'first_layer_inspector': True, 'halt_print_sensitivity': 'medium', 'print_halt': True, 'printing_monitor': True, 'spaghetti_detector': True}
2026-05-10 10:18:04,889 DEBUG [backend.app.services.bambu_mqtt] [[SERIAL]] Parsing xcam data - all fields: ['allow_skip_parts', 'buildplate_marker_detector', 'cfg', 'first_layer_inspector', 'halt_print_sensitivity', 'print_halt', 'printing_monitor', 'spaghetti_detector']
2026-05-10 10:18:04,890 DEBUG [backend.app.services.bambu_mqtt] [[SERIAL]] xcam cfg bitmask: 8107719 (binary: 0b11110111011011011000111)
2026-05-10 10:18:04,890 DEBUG [backend.app.services.bambu_mqtt] [[SERIAL]] Received gcode_state: RUNNING, gcode_file: /data/Metadata/plate_13.gcode, subtask_name: 适用于 P2S 底座 V1.5.7
2026-05-10 10:18:04,890 DEBUG [backend.app.services.bambu_mqtt] [[SERIAL]] AMS dict fields: {'ams_exist_bits': '1', 'ams_exist_bits_raw': '1', 'cali_id': 255, 'cali_stat': 0, 'cfs': [], 'insert_flag': True, 'power_on_flag': True, 'tray_exist_bits': 'f', 'tray_hall_out_bits': '8', 'tray_is_bbl_bits': 'f', 'tray_now': '3', 'tray_pre': '3', 'tray_read_done_bits': 'f', 'tray_reading_bits': '0', 'tray_tar': '3', 'unbind_ams_stat': 0, 'version': 1093}
2026-05-10 10:18:04,891 DEBUG [backend.app.services.bambu_mqtt] [[SERIAL]] tray_now updated: 3
2026-05-10 10:18:04,891 DEBUG [backend.app.services.bambu_mqtt] [[SERIAL]] Merged AMS data: 1 new units, 1 total
2026-05-10 10:18:04,892 DEBUG [backend.app.services.bambu_mqtt] [[SERIAL]] AMS 0 info=0x10002003 -> extruder 0
2026-05-10 10:18:04,892 DEBUG [backend.app.services.bambu_mqtt] [[SERIAL]] ams_extruder_map: {'0': 0}
2026-05-10 10:18:04,893 DEBUG [backend.app.services.bambu_mqtt] [[SERIAL]] ams_status: 768 (main=3, sub=0)
2026-05-10 10:18:04,893 DEBUG [backend.app.services.bambu_mqtt] [[SERIAL]] Received command response: push_status
2026-05-10 10:18:04,894 DEBUG [backend.app.services.bambu_mqtt] [[SERIAL]] device.extruder.state=1 (switch_state bits 12-14: 0)
2026-05-10 10:18:04,894 DEBUG [backend.app.services.bambu_mqtt] [[SERIAL]] info.temp direct: 44°C (heater OFF)
2026-05-10 10:18:04,894 DEBUG [backend.app.services.bambu_mqtt] [[SERIAL]] ctc_info keys: ['temp']
2026-05-10 10:18:04,895 DEBUG [backend.app.services.bambu_mqtt] [[SERIAL]] Chamber heating calculated: target=0.0, current=44.0, heating=False, respect_local=False
2026-05-10 10:18:04,895 DEBUG [backend.app.services.bambu_mqtt] [[SERIAL]] Chamber temp updated to: 44.0, target: 0.0, heating: False
2026-05-10 10:18:04,896 DEBUG [backend.app.services.bambu_mqtt] [[SERIAL]] HMS data received: [{'attr': 83887616, 'code': 131184, 'ts_boot': 33555, 'ts_unix': '20260509140224'}, {'attr': 83887360, 'code': 65543, 'ts_boot': 72214695, 'ts_unix': '20260510101009'}]
2026-05-10 10:18:04,896 DEBUG [backend.app.services.bambu_mqtt] [[SERIAL]] ipcam field: {'agora_service': 'disable', 'brtc_service': 'enable', 'bs_state': 0, 'cap_pic_enable': 'disable', 'ipcam_dev': '1', 'ipcam_record': 'enable', 'laser_preview_res': 7, 'liveview_preview': True, 'mode_bits': 2, 'resolution': '1080p', 'rtsp_url': 'disable', 'timelapse': 'disable', 'tl_external_free_kb': 224661120, 'tl_external_total_kb': 262111936, 'tl_internal_free_kb': 931128, 'tl_internal_total_kb': 962560, 'tl_store_hpd_type': 2, 'tl_store_path_type': 2, 'tutk_server': 'disable'}
2026-05-10 10:18:04,897 DEBUG [backend.app.services.bambu_mqtt] [[SERIAL]] wifi_signal received: -50dBm
2026-05-10 10:18:04,897 DEBUG [backend.app.services.bambu_mqtt] [[SERIAL]] lights_report: [{'mode': 'on', 'node': 'chamber_light'}, {'mode': 'flashing', 'node': 'work_light'}]
2026-05-10 10:18:04,898 DEBUG [backend.app.services.bambu_mqtt] [[SERIAL]] MQTT mapping field: [65535, 65535, 65535, 3]
2026-05-10 10:18:04,899 DEBUG [backend.app.services.bambu_mqtt] [[SERIAL]] gcode_state: RUNNING -> RUNNING, file: /data/Metadata/plate_13.gcode, subtask: 适用于 P2S 底座 V1.5.7
2026-05-10 10:18:06,016 DEBUG [backend.app.services.bambu_mqtt] [[SERIAL]] Found xcam inside print data: {'allow_skip_parts': False, 'buildplate_marker_detector': False, 'cfg': 8107719, 'first_layer_inspector': True, 'halt_print_sensitivity': 'medium', 'print_halt': True, 'printing_monitor': True, 'spaghetti_detector': True}
2026-05-10 10:18:06,016 DEBUG [backend.app.services.bambu_mqtt] [[SERIAL]] Parsing xcam data - all fields: ['allow_skip_parts', 'buildplate_marker_detector', 'cfg', 'first_layer_inspector', 'halt_print_sensitivity', 'print_halt', 'printing_monitor', 'spaghetti_detector']
2026-05-10 10:18:06,016 DEBUG [backend.app.services.bambu_mqtt] [[SERIAL]] xcam cfg bitmask: 8107719 (binary: 0b11110111011011011000111)
2026-05-10 10:18:06,016 DEBUG [backend.app.services.bambu_mqtt] [[SERIAL]] Received gcode_state: RUNNING, gcode_file: /data/Metadata/plate_13.gcode, subtask_name: 适用于 P2S 底座 V1.5.7
2026-05-10 10:18:06,017 DEBUG [backend.app.services.bambu_mqtt] [[SERIAL]] AMS dict fields: {'ams_exist_bits': '1', 'ams_exist_bits_raw': '1', 'cali_id': 255, 'cali_stat': 0, 'cfs': [], 'insert_flag': True, 'power_on_flag': True, 'tray_exist_bits': 'f', 'tray_hall_out_bits': '8', 'tray_is_bbl_bits': 'f', 'tray_now': '3', 'tray_pre': '3', 'tray_read_done_bits': 'f', 'tray_reading_bits': '0', 'tray_tar': '3', 'unbind_ams_stat': 0, 'version': 1093}
2026-05-10 10:18:06,017 DEBUG [backend.app.services.bambu_mqtt] [[SERIAL]] tray_now updated: 3
2026-05-10 10:18:06,017 DEBUG [backend.app.services.bambu_mqtt] [[SERIAL]] Merged AMS data: 1 new units, 1 total
2026-05-10 10:18:06,017 DEBUG [backend.app.services.bambu_mqtt] [[SERIAL]] AMS 0 info=0x10002003 -> extruder 0
2026-05-10 10:18:06,018 DEBUG [backend.app.services.bambu_mqtt] [[SERIAL]] ams_extruder_map: {'0': 0}
2026-05-10 10:18:06,018 DEBUG [backend.app.services.bambu_mqtt] [[SERIAL]] ams_status: 768 (main=3, sub=0)
2026-05-10 10:18:06,018 DEBUG [backend.app.services.bambu_mqtt] [[SERIAL]] Received command response: push_status
2026-05-10 10:18:06,018 DEBUG [backend.app.services.bambu_mqtt] [[SERIAL]] device.extruder.state=1 (switch_state bits 12-14: 0)
2026-05-10 10:18:06,018 DEBUG [backend.app.services.bambu_mqtt] [[SERIAL]] info.temp direct: 44°C (heater OFF)
2026-05-10 10:18:06,019 DEBUG [backend.app.services.bambu_mqtt] [[SERIAL]] ctc_info keys: ['temp']
2026-05-10 10:18:06,019 DEBUG [backend.app.services.bambu_mqtt] [[SERIAL]] Chamber heating calculated: target=0.0, current=44.0, heating=False, respect_local=False
2026-05-10 10:18:06,019 DEBUG [backend.app.services.bambu_mqtt] [[SERIAL]] Chamber temp updated to: 44.0, target: 0.0, heating: False
2026-05-10 10:18:06,019 DEBUG [backend.app.services.bambu_mqtt] [[SERIAL]] HMS data received: [{'attr': 83887616, 'code': 131184, 'ts_boot': 33555, 'ts_unix': '20260509140224'}, {'attr': 83887360, 'code': 65543, 'ts_boot': 72214695, 'ts_unix': '20260510101009'}]
2026-05-10 10:18:06,020 DEBUG [backend.app.services.bambu_mqtt] [[SERIAL]] ipcam field: {'agora_service': 'disable', 'brtc_service': 'enable', 'bs_state': 0, 'cap_pic_enable': 'disable', 'ipcam_dev': '1', 'ipcam_record': 'enable', 'laser_preview_res': 7, 'liveview_preview': True, 'mode_bits': 2, 'resolution': '1080p', 'rtsp_url': 'disable', 'timelapse': 'disable', 'tl_external_free_kb': 224660096, 'tl_external_total_kb': 262111936, 'tl_internal_free_kb': 931128, 'tl_internal_total_kb': 962560, 'tl_store_hpd_type': 2, 'tl_store_path_type': 2, 'tutk_server': 'disable'}
2026-05-10 10:18:06,020 DEBUG [backend.app.services.bambu_mqtt] [[SERIAL]] wifi_signal received: -50dBm
2026-05-10 10:18:06,020 DEBUG [backend.app.services.bambu_mqtt] [[SERIAL]] lights_report: [{'mode': 'on', 'node': 'chamber_light'}, {'mode': 'flashing', 'node': 'work_light'}]
2026-05-10 10:18:06,020 DEBUG [backend.app.services.bambu_mqtt] [[SERIAL]] MQTT mapping field: [65535, 65535, 65535, 3]
2026-05-10 10:18:06,021 DEBUG [backend.app.services.bambu_mqtt] [[SERIAL]] gcode_state: RUNNING -> RUNNING, file: /data/Metadata/plate_13.gcode, subtask: 适用于 P2S 底座 V1.5.7
2026-05-10 10:18:07,212 DEBUG [backend.app.services.bambu_mqtt] [[SERIAL]] Found xcam inside print data: {'allow_skip_parts': False, 'buildplate_marker_detector': False, 'cfg': 8107719, 'first_layer_inspector': True, 'halt_print_sensitivity': 'medium', 'print_halt': True, 'printing_monitor': True, 'spaghetti_detector': True}
2026-05-10 10:18:07,212 DEBUG [backend.app.services.bambu_mqtt] [[SERIAL]] Parsing xcam data - all fields: ['allow_skip_parts', 'buildplate_marker_detector', 'cfg', 'first_layer_inspector', 'halt_print_sensitivity', 'print_halt', 'printing_monitor', 'spaghetti_detector']
2026-05-10 10:18:07,212 DEBUG [backend.app.services.bambu_mqtt] [[SERIAL]] xcam cfg bitmask: 8107719 (binary: 0b11110111011011011000111)
2026-05-10 10:18:07,213 DEBUG [backend.app.services.bambu_mqtt] [[SERIAL]] Received gcode_state: RUNNING, gcode_file: /data/Metadata/plate_13.gcode, subtask_name: 适用于 P2S 底座 V1.5.7
2026-05-10 10:18:07,213 DEBUG [backend.app.services.bambu_mqtt] [[SERIAL]] AMS dict fields: {'ams_exist_bits': '1', 'ams_exist_bits_raw': '1', 'cali_id': 255, 'cali_stat': 0, 'cfs': [], 'insert_flag': True, 'power_on_flag': True, 'tray_exist_bits': 'f', 'tray_hall_out_bits': '8', 'tray_is_bbl_bits': 'f', 'tray_now': '3', 'tray_pre': '3', 'tray_read_done_bits': 'f', 'tray_reading_bits': '0', 'tray_tar': '3', 'unbind_ams_stat': 0, 'version': 1093}
2026-05-10 10:18:07,213 DEBUG [backend.app.services.bambu_mqtt] [[SERIAL]] tray_now updated: 3
2026-05-10 10:18:07,213 DEBUG [backend.app.services.bambu_mqtt] [[SERIAL]] Merged AMS data: 1 new units, 1 total
2026-05-10 10:18:07,214 DEBUG [backend.app.services.bambu_mqtt] [[SERIAL]] AMS 0 info=0x10002003 -> extruder 0
2026-05-10 10:18:07,214 DEBUG [backend.app.services.bambu_mqtt] [[SERIAL]] ams_extruder_map: {'0': 0}
2026-05-10 10:18:07,214 DEBUG [backend.app.services.bambu_mqtt] [[SERIAL]] ams_status: 768 (main=3, sub=0)
2026-05-10 10:18:07,214 DEBUG [backend.app.services.bambu_mqtt] [[SERIAL]] Received command response: push_status
2026-05-10 10:18:07,215 DEBUG [backend.app.services.bambu_mqtt] [[SERIAL]] device.extruder.state=1 (switch_state bits 12-14: 0)
2026-05-10 10:18:07,215 DEBUG [backend.app.services.bambu_mqtt] [[SERIAL]] info.temp direct: 44°C (heater OFF)
2026-05-10 10:18:07,215 DEBUG [backend.app.services.bambu_mqtt] [[SERIAL]] ctc_info keys: ['temp']
2026-05-10 10:18:07,215 DEBUG [backend.app.services.bambu_mqtt] [[SERIAL]] Chamber heating calculated: target=0.0, current=44.0, heating=False, respect_local=False
2026-05-10 10:18:07,216 DEBUG [backend.app.services.bambu_mqtt] [[SERIAL]] Chamber temp updated to: 44.0, target: 0.0, heating: False
2026-05-10 10:18:07,216 DEBUG [backend.app.services.bambu_mqtt] [[SERIAL]] HMS data received: [{'attr': 83887616, 'code': 131184, 'ts_boot': 33555, 'ts_unix': '20260509140224'}, {'attr': 83887360, 'code': 65543, 'ts_boot': 72214695, 'ts_unix': '20260510101009'}]
2026-05-10 10:18:07,216 DEBUG [backend.app.services.bambu_mqtt] [[SERIAL]] ipcam field: {'agora_service': 'disable', 'brtc_service': 'enable', 'bs_state': 0, 'cap_pic_enable': 'disable', 'ipcam_dev': '1', 'ipcam_record': 'enable', 'laser_preview_res': 7, 'liveview_preview': True, 'mode_bits': 2, 'resolution': '1080p', 'rtsp_url': 'disable', 'timelapse': 'disable', 'tl_external_free_kb': 224660096, 'tl_external_total_kb': 262111936, 'tl_internal_free_kb': 931128, 'tl_internal_total_kb': 962560, 'tl_store_hpd_type': 2, 'tl_store_path_type': 2, 'tutk_server': 'disable'}
2026-05-10 10:18:07,216 DEBUG [backend.app.services.bambu_mqtt] [[SERIAL]] wifi_signal received: -50dBm
2026-05-10 10:18:07,217 DEBUG [backend.app.services.bambu_mqtt] [[SERIAL]] lights_report: [{'mode': 'on', 'node': 'chamber_light'}, {'mode': 'flashing', 'node': 'work_light'}]
2026-05-10 10:18:07,217 DEBUG [backend.app.services.bambu_mqtt] [[SERIAL]] MQTT mapping field: [65535, 65535, 65535, 3]
2026-05-10 10:18:07,217 DEBUG [backend.app.services.bambu_mqtt] [[SERIAL]] gcode_state: RUNNING -> RUNNING, file: /data/Metadata/plate_13.gcode, subtask: 适用于 P2S 底座 V1.5.7
2026-05-10 10:18:08,335 DEBUG [backend.app.services.bambu_mqtt] [[SERIAL]] Found xcam inside print data: {'allow_skip_parts': False, 'buildplate_marker_detector': False, 'cfg': 8107719, 'first_layer_inspector': True, 'halt_print_sensitivity': 'medium', 'print_halt': True, 'printing_monitor': True, 'spaghetti_detector': True}
2026-05-10 10:18:08,336 DEBUG [backend.app.services.bambu_mqtt] [[SERIAL]] Parsing xcam data - all fields: ['allow_skip_parts', 'buildplate_marker_detector', 'cfg', 'first_layer_inspector', 'halt_print_sensitivity', 'print_halt', 'printing_monitor', 'spaghetti_detector']
2026-05-10 10:18:08,336 DEBUG [backend.app.services.bambu_mqtt] [[SERIAL]] xcam cfg bitmask: 8107719 (binary: 0b11110111011011011000111)
2026-05-10 10:18:08,336 DEBUG [backend.app.services.bambu_mqtt] [[SERIAL]] Received gcode_state: RUNNING, gcode_file: /data/Metadata/plate_13.gcode, subtask_name: 适用于 P2S 底座 V1.5.7
2026-05-10 10:18:08,336 DEBUG [backend.app.services.bambu_mqtt] [[SERIAL]] AMS dict fields: {'ams_exist_bits': '1', 'ams_exist_bits_raw': '1', 'cali_id': 255, 'cali_stat': 0, 'cfs': [], 'insert_flag': True, 'power_on_flag': True, 'tray_exist_bits': 'f', 'tray_hall_out_bits': '8', 'tray_is_bbl_bits': 'f', 'tray_now': '3', 'tray_pre': '3', 'tray_read_done_bits': 'f', 'tray_reading_bits': '0', 'tray_tar': '3', 'unbind_ams_stat': 0, 'version': 1093}
2026-05-10 10:18:08,337 DEBUG [backend.app.services.bambu_mqtt] [[SERIAL]] tray_now updated: 3
2026-05-10 10:18:08,337 DEBUG [backend.app.services.bambu_mqtt] [[SERIAL]] Merged AMS data: 1 new units, 1 total
2026-05-10 10:18:08,337 DEBUG [backend.app.services.bambu_mqtt] [[SERIAL]] AMS 0 info=0x10002003 -> extruder 0
2026-05-10 10:18:08,337 DEBUG [backend.app.services.bambu_mqtt] [[SERIAL]] ams_extruder_map: {'0': 0}
2026-05-10 10:18:08,338 DEBUG [backend.app.services.bambu_mqtt] [[SERIAL]] ams_status: 768 (main=3, sub=0)
2026-05-10 10:18:08,338 DEBUG [backend.app.services.bambu_mqtt] [[SERIAL]] Received command response: push_status
2026-05-10 10:18:08,338 DEBUG [backend.app.services.bambu_mqtt] [[SERIAL]] device.extruder.state=1 (switch_state bits 12-14: 0)
2026-05-10 10:18:08,338 DEBUG [backend.app.services.bambu_mqtt] [[SERIAL]] info.temp direct: 44°C (heater OFF)
2026-05-10 10:18:08,338 DEBUG [backend.app.services.bambu_mqtt] [[SERIAL]] ctc_info keys: ['temp']
2026-05-10 10:18:08,339 DEBUG [backend.app.services.bambu_mqtt] [[SERIAL]] Chamber heating calculated: target=0.0, current=44.0, heating=False, respect_local=False
2026-05-10 10:18:08,339 DEBUG [backend.app.services.bambu_mqtt] [[SERIAL]] Chamber temp updated to: 44.0, target: 0.0, heating: False
2026-05-10 10:18:08,339 DEBUG [backend.app.services.bambu_mqtt] [[SERIAL]] HMS data received: [{'attr': 83887616, 'code': 131184, 'ts_boot': 33555, 'ts_unix': '20260509140224'}, {'attr': 83887360, 'code': 65543, 'ts_boot': 72214695, 'ts_unix': '20260510101009'}]
2026-05-10 10:18:08,340 DEBUG [backend.app.services.bambu_mqtt] [[SERIAL]] ipcam field: {'agora_service': 'disable', 'brtc_service': 'enable', 'bs_state': 0, 'cap_pic_enable': 'disable', 'ipcam_dev': '1', 'ipcam_record': 'enable', 'laser_preview_res': 7, 'liveview_preview': True, 'mode_bits': 2, 'resolution': '1080p', 'rtsp_url': 'disable', 'timelapse': 'disable', 'tl_external_free_kb': 224659072, 'tl_external_total_kb': 262111936, 'tl_internal_free_kb': 931128, 'tl_internal_total_kb': 962560, 'tl_store_hpd_type': 2, 'tl_store_path_type': 2, 'tutk_server': 'disable'}
2026-05-10 10:18:08,340 DEBUG [backend.app.services.bambu_mqtt] [[SERIAL]] wifi_signal received: -50dBm
2026-05-10 10:18:08,340 DEBUG [backend.app.services.bambu_mqtt] [[SERIAL]] lights_report: [{'mode': 'on', 'node': 'chamber_light'}, {'mode': 'flashing', 'node': 'work_light'}]
2026-05-10 10:18:08,340 DEBUG [backend.app.services.bambu_mqtt] [[SERIAL]] MQTT mapping field: [65535, 65535, 65535, 3]
2026-05-10 10:18:08,341 DEBUG [backend.app.services.bambu_mqtt] [[SERIAL]] gcode_state: RUNNING -> RUNNING, file: /data/Metadata/plate_13.gcode, subtask: 适用于 P2S 底座 V1.5.7
2026-05-10 10:18:09,510 DEBUG [backend.app.services.bambu_mqtt] [[SERIAL]] Found xcam inside print data: {'allow_skip_parts': False, 'buildplate_marker_detector': False, 'cfg': 8107719, 'first_layer_inspector': True, 'halt_print_sensitivity': 'medium', 'print_halt': True, 'printing_monitor': True, 'spaghetti_detector': True}
2026-05-10 10:18:09,510 DEBUG [backend.app.services.bambu_mqtt] [[SERIAL]] Parsing xcam data - all fields: ['allow_skip_parts', 'buildplate_marker_detector', 'cfg', 'first_layer_inspector', 'halt_print_sensitivity', 'print_halt', 'printing_monitor', 'spaghetti_detector']
2026-05-10 10:18:09,511 DEBUG [backend.app.services.bambu_mqtt] [[SERIAL]] xcam cfg bitmask: 8107719 (binary: 0b11110111011011011000111)
2026-05-10 10:18:09,511 DEBUG [backend.app.services.bambu_mqtt] [[SERIAL]] Received gcode_state: RUNNING, gcode_file: /data/Metadata/plate_13.gcode, subtask_name: 适用于 P2S 底座 V1.5.7
2026-05-10 10:18:09,512 DEBUG [backend.app.services.bambu_mqtt] [[SERIAL]] AMS dict fields: {'ams_exist_bits': '1', 'ams_exist_bits_raw': '1', 'cali_id': 255, 'cali_stat': 0, 'cfs': [], 'insert_flag': True, 'power_on_flag': True, 'tray_exist_bits': 'f', 'tray_hall_out_bits': '8', 'tray_is_bbl_bits': 'f', 'tray_now': '3', 'tray_pre': '3', 'tray_read_done_bits': 'f', 'tray_reading_bits': '0', 'tray_tar': '3', 'unbind_ams_stat': 0, 'version': 1093}
2026-05-10 10:18:09,512 DEBUG [backend.app.services.bambu_mqtt] [[SERIAL]] tray_now updated: 3
2026-05-10 10:18:09,513 DEBUG [backend.app.services.bambu_mqtt] [[SERIAL]] Merged AMS data: 1 new units, 1 total
2026-05-10 10:18:09,513 DEBUG [backend.app.services.bambu_mqtt] [[SERIAL]] AMS 0 info=0x10002003 -> extruder 0
2026-05-10 10:18:09,514 DEBUG [backend.app.services.bambu_mqtt] [[SERIAL]] ams_extruder_map: {'0': 0}
2026-05-10 10:18:09,514 DEBUG [backend.app.services.bambu_mqtt] [[SERIAL]] ams_status: 768 (main=3, sub=0)
2026-05-10 10:18:09,515 DEBUG [backend.app.services.bambu_mqtt] [[SERIAL]] Received command response: push_status
2026-05-10 10:18:09,515 DEBUG [backend.app.services.bambu_mqtt] [[SERIAL]] device.extruder.state=1 (switch_state bits 12-14: 0)
2026-05-10 10:18:09,516 DEBUG [backend.app.services.bambu_mqtt] [[SERIAL]] info.temp direct: 44°C (heater OFF)
2026-05-10 10:18:09,516 DEBUG [backend.app.services.bambu_mqtt] [[SERIAL]] ctc_info keys: ['temp']
2026-05-10 10:18:09,517 DEBUG [backend.app.services.bambu_mqtt] [[SERIAL]] Chamber heating calculated: target=0.0, current=44.0, heating=False, respect_local=False
2026-05-10 10:18:09,517 DEBUG [backend.app.services.bambu_mqtt] [[SERIAL]] Chamber temp updated to: 44.0, target: 0.0, heating: False
2026-05-10 10:18:09,517 DEBUG [backend.app.services.bambu_mqtt] [[SERIAL]] HMS data received: [{'attr': 83887616, 'code': 131184, 'ts_boot': 33555, 'ts_unix': '20260509140224'}, {'attr': 83887360, 'code': 65543, 'ts_boot': 72214695, 'ts_unix': '20260510101009'}]
2026-05-10 10:18:09,518 DEBUG [backend.app.services.bambu_mqtt] [[SERIAL]] ipcam field: {'agora_service': 'disable', 'brtc_service': 'enable', 'bs_state': 0, 'cap_pic_enable': 'disable', 'ipcam_dev': '1', 'ipcam_record': 'enable', 'laser_preview_res': 7, 'liveview_preview': True, 'mode_bits': 2, 'resolution': '1080p', 'rtsp_url': 'disable', 'timelapse': 'disable', 'tl_external_free_kb': 224659072, 'tl_external_total_kb': 262111936, 'tl_internal_free_kb': 931128, 'tl_internal_total_kb': 962560, 'tl_store_hpd_type': 2, 'tl_store_path_type': 2, 'tutk_server': 'disable'}
2026-05-10 10:18:09,518 DEBUG [backend.app.services.bambu_mqtt] [[SERIAL]] wifi_signal received: -50dBm
2026-05-10 10:18:09,518 DEBUG [backend.app.services.bambu_mqtt] [[SERIAL]] lights_report: [{'mode': 'on', 'node': 'chamber_light'}, {'mode': 'flashing', 'node': 'work_light'}]
2026-05-10 10:18:09,519 DEBUG [backend.app.services.bambu_mqtt] [[SERIAL]] MQTT mapping field: [65535, 65535, 65535, 3]
2026-05-10 10:18:09,519 DEBUG [backend.app.services.bambu_mqtt] [[SERIAL]] gcode_state: RUNNING -> RUNNING, file: /data/Metadata/plate_13.gcode, subtask: 适用于 P2S 底座 V1.5.7
2026-05-10 10:18:09,574 INFO [backend.app.api.routes.support] Log level changed to INFO