2026-05-15 18:45:48,700 DEBUG [backend.app.services.bambu_mqtt] [-] [[SERIAL]] AMS dict fields: {'ams_exist_bits': '3', 'ams_exist_bits_raw': '3', 'insert_flag': True, 'power_on_flag': False, 'tray_exist_bits': '7', 'tray_is_bbl_bits': '7', 'tray_now': '255', 'tray_pre': '255', 'tray_read_done_bits': '7', 'tray_reading_bits': '0', 'tray_tar': '255', 'version': 1846}
2026-05-15 18:45:48,701 DEBUG [backend.app.services.bambu_mqtt] [-] [[SERIAL]] tray_now updated: 255
2026-05-15 18:45:48,701 DEBUG [backend.app.services.bambu_mqtt] [-] [[SERIAL]] Merged AMS data: 2 new units, 2 total
2026-05-15 18:45:48,701 DEBUG [backend.app.services.bambu_mqtt] [-] [[SERIAL]] ams_status: 0 (main=0, sub=0)
2026-05-15 18:45:48,701 DEBUG [backend.app.services.bambu_mqtt] [-] [[SERIAL]] Received command response: push_status
2026-05-15 18:45:48,701 DEBUG [backend.app.services.bambu_mqtt] [-] [[SERIAL]] chamber_temper raw value: 27.0
2026-05-15 18:45:48,701 DEBUG [backend.app.services.bambu_mqtt] [-] [[SERIAL]] chamber_temper direct value: 27.0°C (heater OFF)
2026-05-15 18:45:48,701 DEBUG [backend.app.services.bambu_mqtt] [-] [[SERIAL]] Chamber heating calculated: target=0.0, current=27.0, heating=False, respect_local=False
2026-05-15 18:45:48,701 DEBUG [backend.app.services.bambu_mqtt] [-] [[SERIAL]] Chamber temp updated to: 27.0, target: 0.0, heating: False
2026-05-15 18:45:48,701 DEBUG [backend.app.services.bambu_mqtt] [-] [[SERIAL]] HMS data received: []
2026-05-15 18:45:48,701 DEBUG [backend.app.services.bambu_mqtt] [-] [[SERIAL]] ipcam field: {'agora_service': 'disable', 'ipcam_dev': '1', 'ipcam_record': 'disable', 'mode_bits': 2, 'resolution': '1080p', 'rtsp_url': 'rtsps://[IP]:322/streaming/live/1', 'timelapse': 'disable', 'tutk_server': 'disable'}
2026-05-15 18:45:48,701 DEBUG [backend.app.services.bambu_mqtt] [-] [[SERIAL]] wifi_signal received: -42dBm
2026-05-15 18:45:48,701 DEBUG [backend.app.services.bambu_mqtt] [-] [[SERIAL]] lights_report: [{'mode': 'on', 'node': 'chamber_light'}, {'mode': 'flashing', 'node': 'work_light'}]
2026-05-15 18:45:48,701 DEBUG [backend.app.services.bambu_mqtt] [-] [[SERIAL]] gcode_state: IDLE -> IDLE, file: , subtask: 
2026-05-15 18:45:49,491 DEBUG [backend.app.services.bambu_mqtt] [-] [[SERIAL]] Found xcam inside print data: {'allow_skip_parts': False, 'buildplate_marker_detector': True, 'first_layer_inspector': False, 'halt_print_sensitivity': 'medium', 'print_halt': True, 'printing_monitor': False, 'spaghetti_detector': False}
2026-05-15 18:45:49,491 DEBUG [backend.app.services.bambu_mqtt] [-] [[SERIAL]] Parsing xcam data - all fields: ['allow_skip_parts', 'buildplate_marker_detector', 'first_layer_inspector', 'halt_print_sensitivity', 'print_halt', 'printing_monitor', 'spaghetti_detector']
2026-05-15 18:45:49,491 DEBUG [backend.app.services.bambu_mqtt] [-] [[SERIAL]] Received gcode_state: IDLE, gcode_file: , subtask_name: 
2026-05-15 18:45:49,491 DEBUG [backend.app.services.bambu_mqtt] [-] [[SERIAL]] AMS dict fields: {'ams_exist_bits': '3', 'ams_exist_bits_raw': '3', 'insert_flag': True, 'power_on_flag': False, 'tray_exist_bits': 'ee', 'tray_is_bbl_bits': 'ee', 'tray_now': '255', 'tray_pre': '255', 'tray_read_done_bits': 'ee', 'tray_reading_bits': '0', 'tray_tar': '255', 'version': 2234}
2026-05-15 18:45:49,491 DEBUG [backend.app.services.bambu_mqtt] [-] [[SERIAL]] tray_now updated: 255
2026-05-15 18:45:49,491 DEBUG [backend.app.services.bambu_mqtt] [-] [[SERIAL]] Merged AMS data: 2 new units, 2 total
2026-05-15 18:45:49,492 DEBUG [backend.app.services.bambu_mqtt] [-] [[SERIAL]] ams_status: 0 (main=0, sub=0)
2026-05-15 18:45:49,492 DEBUG [backend.app.services.bambu_mqtt] [-] [[SERIAL]] Received command response: push_status
2026-05-15 18:45:49,492 DEBUG [backend.app.services.bambu_mqtt] [-] [[SERIAL]] chamber_temper raw value: 27.0
2026-05-15 18:45:49,492 DEBUG [backend.app.services.bambu_mqtt] [-] [[SERIAL]] chamber_temper direct value: 27.0°C (heater OFF)
2026-05-15 18:45:49,492 DEBUG [backend.app.services.bambu_mqtt] [-] [[SERIAL]] Chamber heating calculated: target=0.0, current=27.0, heating=False, respect_local=False
2026-05-15 18:45:49,492 DEBUG [backend.app.services.bambu_mqtt] [-] [[SERIAL]] Chamber temp updated to: 27.0, target: 0.0, heating: False
2026-05-15 18:45:49,492 DEBUG [backend.app.services.bambu_mqtt] [-] [[SERIAL]] HMS data received: []
2026-05-15 18:45:49,492 DEBUG [backend.app.services.bambu_mqtt] [-] [[SERIAL]] ipcam field: {'agora_service': 'disable', 'ipcam_dev': '1', 'ipcam_record': 'disable', 'mode_bits': 2, 'resolution': '1080p', 'rtsp_url': 'rtsps://[IP]:322/streaming/live/1', 'timelapse': 'disable', 'tutk_server': 'disable'}
2026-05-15 18:45:49,492 DEBUG [backend.app.services.bambu_mqtt] [-] [[SERIAL]] wifi_signal received: -47dBm
2026-05-15 18:45:49,492 DEBUG [backend.app.services.bambu_mqtt] [-] [[SERIAL]] lights_report: [{'mode': 'on', 'node': 'chamber_light'}, {'mode': 'flashing', 'node': 'work_light'}]
2026-05-15 18:45:49,492 DEBUG [backend.app.services.bambu_mqtt] [-] [[SERIAL]] gcode_state: IDLE -> IDLE, file: , subtask: 
2026-05-15 18:45:49,716 DEBUG [backend.app.services.bambu_mqtt] [-] [[SERIAL]] Found xcam inside print data: {'allow_skip_parts': False, 'buildplate_marker_detector': True, 'first_layer_inspector': False, 'halt_print_sensitivity': 'medium', 'print_halt': True, 'printing_monitor': False, 'spaghetti_detector': False}
2026-05-15 18:45:49,716 DEBUG [backend.app.services.bambu_mqtt] [-] [[SERIAL]] Parsing xcam data - all fields: ['allow_skip_parts', 'buildplate_marker_detector', 'first_layer_inspector', 'halt_print_sensitivity', 'print_halt', 'printing_monitor', 'spaghetti_detector']
2026-05-15 18:45:49,716 DEBUG [backend.app.services.bambu_mqtt] [-] [[SERIAL]] Received gcode_state: IDLE, gcode_file: , subtask_name: 
2026-05-15 18:45:49,716 DEBUG [backend.app.services.bambu_mqtt] [-] [[SERIAL]] AMS dict fields: {'ams_exist_bits': '3', 'ams_exist_bits_raw': '3', 'insert_flag': True, 'power_on_flag': False, 'tray_exist_bits': '7', 'tray_is_bbl_bits': '7', 'tray_now': '255', 'tray_pre': '255', 'tray_read_done_bits': '7', 'tray_reading_bits': '0', 'tray_tar': '255', 'version': 1846}
2026-05-15 18:45:49,716 DEBUG [backend.app.services.bambu_mqtt] [-] [[SERIAL]] tray_now updated: 255
2026-05-15 18:45:49,716 DEBUG [backend.app.services.bambu_mqtt] [-] [[SERIAL]] Merged AMS data: 2 new units, 2 total
2026-05-15 18:45:49,716 DEBUG [backend.app.services.bambu_mqtt] [-] [[SERIAL]] ams_status: 0 (main=0, sub=0)
2026-05-15 18:45:49,716 DEBUG [backend.app.services.bambu_mqtt] [-] [[SERIAL]] Received command response: push_status
2026-05-15 18:45:49,716 DEBUG [backend.app.services.bambu_mqtt] [-] [[SERIAL]] chamber_temper raw value: 27.0
2026-05-15 18:45:49,716 DEBUG [backend.app.services.bambu_mqtt] [-] [[SERIAL]] chamber_temper direct value: 27.0°C (heater OFF)
2026-05-15 18:45:49,716 DEBUG [backend.app.services.bambu_mqtt] [-] [[SERIAL]] Chamber heating calculated: target=0.0, current=27.0, heating=False, respect_local=False
2026-05-15 18:45:49,716 DEBUG [backend.app.services.bambu_mqtt] [-] [[SERIAL]] Chamber temp updated to: 27.0, target: 0.0, heating: False
2026-05-15 18:45:49,716 DEBUG [backend.app.services.bambu_mqtt] [-] [[SERIAL]] HMS data received: []
2026-05-15 18:45:49,716 DEBUG [backend.app.services.bambu_mqtt] [-] [[SERIAL]] ipcam field: {'agora_service': 'disable', 'ipcam_dev': '1', 'ipcam_record': 'disable', 'mode_bits': 2, 'resolution': '1080p', 'rtsp_url': 'rtsps://[IP]:322/streaming/live/1', 'timelapse': 'disable', 'tutk_server': 'disable'}
2026-05-15 18:45:49,716 DEBUG [backend.app.services.bambu_mqtt] [-] [[SERIAL]] wifi_signal received: -42dBm
2026-05-15 18:45:49,716 DEBUG [backend.app.services.bambu_mqtt] [-] [[SERIAL]] lights_report: [{'mode': 'on', 'node': 'chamber_light'}, {'mode': 'flashing', 'node': 'work_light'}]
2026-05-15 18:45:49,716 DEBUG [backend.app.services.bambu_mqtt] [-] [[SERIAL]] gcode_state: IDLE -> IDLE, file: , subtask: 
2026-05-15 18:45:50,370 INFO [backend.app.api.routes.support] [f05e2f4a] Log level changed to INFO
2026-05-15 18:45:50,370 INFO [uvicorn.access] [-] [IP]:61524 - "POST /api/v1/support/debug-logging HTTP/1.1" 200
2026-05-15 18:47:13,282 INFO [backend.app.api.routes.support] [8ad701a7] Log level changed to DEBUG
2026-05-15 18:47:13,282 INFO [backend.app.api.routes.bug_report] [8ad701a7] Bug report: enabled debug logging
2026-05-15 18:47:13,282 DEBUG [backend.app.services.bambu_mqtt] [8ad701a7] [[SERIAL]] Requesting status update (pushall)
2026-05-15 18:47:13,282 DEBUG [backend.app.services.bambu_mqtt] [8ad701a7] [[SERIAL]] Requesting status update (pushall)
2026-05-15 18:47:13,283 INFO [uvicorn.access] [-] [IP]:57876 - "POST /api/v1/bug-report/start-logging HTTP/1.1" 200
2026-05-15 18:47:13,319 DEBUG [backend.app.services.bambu_mqtt] [-] [[SERIAL]] Found xcam inside print data: {'allow_skip_parts': False, 'buildplate_marker_detector': True, 'first_layer_inspector': False, 'halt_print_sensitivity': 'medium', 'print_halt': True, 'printing_monitor': False, 'spaghetti_detector': False}
2026-05-15 18:47:13,319 DEBUG [backend.app.services.bambu_mqtt] [-] [[SERIAL]] Parsing xcam data - all fields: ['allow_skip_parts', 'buildplate_marker_detector', 'first_layer_inspector', 'halt_print_sensitivity', 'print_halt', 'printing_monitor', 'spaghetti_detector']
2026-05-15 18:47:13,319 DEBUG [backend.app.services.bambu_mqtt] [-] [[SERIAL]] Received gcode_state: IDLE, gcode_file: , subtask_name: 
2026-05-15 18:47:13,319 DEBUG [backend.app.services.bambu_mqtt] [-] [[SERIAL]] AMS dict fields: {'ams_exist_bits': '3', 'ams_exist_bits_raw': '3', 'insert_flag': True, 'power_on_flag': False, 'tray_exist_bits': 'ee', 'tray_is_bbl_bits': 'ee', 'tray_now': '255', 'tray_pre': '255', 'tray_read_done_bits': 'ee', 'tray_reading_bits': '0', 'tray_tar': '255', 'version': 2234}
2026-05-15 18:47:13,319 DEBUG [backend.app.services.bambu_mqtt] [-] [[SERIAL]] tray_now updated: 255
2026-05-15 18:47:13,319 DEBUG [backend.app.services.bambu_mqtt] [-] [[SERIAL]] Merged AMS data: 2 new units, 2 total
2026-05-15 18:47:13,319 DEBUG [backend.app.services.bambu_mqtt] [-] [[SERIAL]] ams_status: 0 (main=0, sub=0)
2026-05-15 18:47:13,319 DEBUG [backend.app.services.bambu_mqtt] [-] [[SERIAL]] Received command response: push_status
2026-05-15 18:47:13,319 DEBUG [backend.app.services.bambu_mqtt] [-] [[SERIAL]] chamber_temper raw value: 27.0
2026-05-15 18:47:13,319 DEBUG [backend.app.services.bambu_mqtt] [-] [[SERIAL]] chamber_temper direct value: 27.0°C (heater OFF)
2026-05-15 18:47:13,319 DEBUG [backend.app.services.bambu_mqtt] [-] [[SERIAL]] Chamber heating calculated: target=0.0, current=27.0, heating=False, respect_local=False
2026-05-15 18:47:13,319 DEBUG [backend.app.services.bambu_mqtt] [-] [[SERIAL]] Chamber temp updated to: 27.0, target: 0.0, heating: False
2026-05-15 18:47:13,319 DEBUG [backend.app.services.bambu_mqtt] [-] [[SERIAL]] HMS data received: []
2026-05-15 18:47:13,319 DEBUG [backend.app.services.bambu_mqtt] [-] [[SERIAL]] ipcam field: {'agora_service': 'disable', 'ipcam_dev': '1', 'ipcam_record': 'disable', 'mode_bits': 2, 'resolution': '1080p', 'rtsp_url': 'rtsps://[IP]:322/streaming/live/1', 'timelapse': 'disable', 'tutk_server': 'disable'}
2026-05-15 18:47:13,319 DEBUG [backend.app.services.bambu_mqtt] [-] [[SERIAL]] wifi_signal received: -47dBm
2026-05-15 18:47:13,320 DEBUG [backend.app.services.bambu_mqtt] [-] [[SERIAL]] lights_report: [{'mode': 'on', 'node': 'chamber_light'}, {'mode': 'flashing', 'node': 'work_light'}]
2026-05-15 18:47:13,320 DEBUG [backend.app.services.bambu_mqtt] [-] [[SERIAL]] gcode_state: IDLE -> IDLE, file: , subtask: 
2026-05-15 18:47:13,454 DEBUG [backend.app.services.bambu_mqtt] [-] [[SERIAL]] Found xcam inside print data: {'allow_skip_parts': False, 'buildplate_marker_detector': True, 'first_layer_inspector': False, 'halt_print_sensitivity': 'medium', 'print_halt': True, 'printing_monitor': False, 'spaghetti_detector': False}
2026-05-15 18:47:13,454 DEBUG [backend.app.services.bambu_mqtt] [-] [[SERIAL]] Parsing xcam data - all fields: ['allow_skip_parts', 'buildplate_marker_detector', 'first_layer_inspector', 'halt_print_sensitivity', 'print_halt', 'printing_monitor', 'spaghetti_detector']
2026-05-15 18:47:13,454 DEBUG [backend.app.services.bambu_mqtt] [-] [[SERIAL]] Received gcode_state: IDLE, gcode_file: , subtask_name: 
2026-05-15 18:47:13,454 DEBUG [backend.app.services.bambu_mqtt] [-] [[SERIAL]] AMS dict fields: {'ams_exist_bits': '3', 'ams_exist_bits_raw': '3', 'insert_flag': True, 'power_on_flag': False, 'tray_exist_bits': '7', 'tray_is_bbl_bits': '7', 'tray_now': '255', 'tray_pre': '255', 'tray_read_done_bits': '7', 'tray_reading_bits': '0', 'tray_tar': '255', 'version': 1850}
2026-05-15 18:47:13,454 DEBUG [backend.app.services.bambu_mqtt] [-] [[SERIAL]] tray_now updated: 255
2026-05-15 18:47:13,454 DEBUG [backend.app.services.bambu_mqtt] [-] [[SERIAL]] Merged AMS data: 2 new units, 2 total
2026-05-15 18:47:13,454 DEBUG [backend.app.services.bambu_mqtt] [-] [[SERIAL]] ams_status: 0 (main=0, sub=0)
2026-05-15 18:47:13,454 DEBUG [backend.app.services.bambu_mqtt] [-] [[SERIAL]] Received command response: push_status
2026-05-15 18:47:13,454 DEBUG [backend.app.services.bambu_mqtt] [-] [[SERIAL]] chamber_temper raw value: 27.0
2026-05-15 18:47:13,454 DEBUG [backend.app.services.bambu_mqtt] [-] [[SERIAL]] chamber_temper direct value: 27.0°C (heater OFF)
2026-05-15 18:47:13,454 DEBUG [backend.app.services.bambu_mqtt] [-] [[SERIAL]] Chamber heating calculated: target=0.0, current=27.0, heating=False, respect_local=False
2026-05-15 18:47:13,455 DEBUG [backend.app.services.bambu_mqtt] [-] [[SERIAL]] Chamber temp updated to: 27.0, target: 0.0, heating: False
2026-05-15 18:47:13,455 DEBUG [backend.app.services.bambu_mqtt] [-] [[SERIAL]] HMS data received: []
2026-05-15 18:47:13,455 DEBUG [backend.app.services.bambu_mqtt] [-] [[SERIAL]] ipcam field: {'agora_service': 'disable', 'ipcam_dev': '1', 'ipcam_record': 'disable', 'mode_bits': 2, 'resolution': '1080p', 'rtsp_url': 'rtsps://[IP]:322/streaming/live/1', 'timelapse': 'disable', 'tutk_server': 'disable'}
2026-05-15 18:47:13,455 DEBUG [backend.app.services.bambu_mqtt] [-] [[SERIAL]] wifi_signal received: -42dBm
2026-05-15 18:47:13,455 DEBUG [backend.app.services.bambu_mqtt] [-] [[SERIAL]] lights_report: [{'mode': 'on', 'node': 'chamber_light'}, {'mode': 'flashing', 'node': 'work_light'}]
2026-05-15 18:47:13,455 DEBUG [backend.app.services.bambu_mqtt] [-] [[SERIAL]] gcode_state: IDLE -> IDLE, file: , subtask: 
2026-05-15 18:47:13,901 INFO [backend.app.api.routes.support] [577083a4] Log level changed to INFO
2026-05-15 18:47:13,901 INFO [backend.app.api.routes.bug_report] [577083a4] Bug report: restored normal logging
2026-05-15 18:47:13,901 INFO [uvicorn.access] [-] [IP]:57876 - "POST /api/v1/bug-report/stop-logging?was_debug=false HTTP/1.1" 200
2026-05-15 18:47:16,722 INFO [uvicorn.access] [-] [IP]:57876 - "POST /api/v1/bug-report/submit HTTP/1.1" 200
2026-05-15 18:48:19,575 INFO [backend.app.main] [-] Recorded 4 AMS sensor history entries
2026-05-15 18:50:03,927 INFO [backend.app.api.routes.cloud] [7adfc34b] get_filament_info called with 4 IDs: ['GFA01', 'GFG00', 'GFA00', 'GFA50']
2026-05-15 18:50:03,987 INFO [backend.app.api.routes.cloud] [d2dc7533] get_filament_info called with 2 IDs: ['GFA01', 'GFA50']
2026-05-15 18:50:04,365 WARNING [backend.app.api.routes.cloud] [7adfc34b] Failed to get cloud preset GFG00 (API ID: GFSG00): Failed to get setting detail: 400
2026-05-15 18:50:04,391 WARNING [backend.app.api.routes.cloud] [d2dc7533] Failed to get cloud preset GFA50 (API ID: GFSA50): Failed to get setting detail: 400
2026-05-15 18:50:04,392 INFO [uvicorn.access] [-] [IP]:57733 - "POST /api/v1/cloud/filament-info HTTP/1.1" 200
2026-05-15 18:50:04,728 WARNING [backend.app.api.routes.cloud] [7adfc34b] Failed to get cloud preset GFA50 (API ID: GFSA50): Failed to get setting detail: 400
2026-05-15 18:50:04,729 INFO [uvicorn.access] [-] [IP]:59384 - "POST /api/v1/cloud/filament-info HTTP/1.1" 200
2026-05-15 18:50:20,888 INFO [backend.app.services.camera] [95532155] Found ffmpeg at: /usr/bin/ffmpeg
2026-05-15 18:53:19,579 INFO [backend.app.main] [-] Recorded 4 AMS sensor history entries
2026-05-15 18:55:13,371 INFO [backend.app.api.routes.cloud] [8c0873de] get_filament_info called with 4 IDs: ['GFA01', 'GFG00', 'GFA00', 'GFA50']
2026-05-15 18:55:13,393 INFO [backend.app.api.routes.cloud] [f93520aa] get_filament_info called with 2 IDs: ['GFA01', 'GFA50']
2026-05-15 18:55:13,794 WARNING [backend.app.api.routes.cloud] [f93520aa] Failed to get cloud preset GFA50 (API ID: GFSA50): Failed to get setting detail: 400
2026-05-15 18:55:13,795 INFO [uvicorn.access] [-] [IP]:55588 - "POST /api/v1/cloud/filament-info HTTP/1.1" 200
2026-05-15 18:55:13,820 WARNING [backend.app.api.routes.cloud] [8c0873de] Failed to get cloud preset GFG00 (API ID: GFSG00): Failed to get setting detail: 400
2026-05-15 18:55:14,199 WARNING [backend.app.api.routes.cloud] [8c0873de] Failed to get cloud preset GFA50 (API ID: GFSA50): Failed to get setting detail: 400
2026-05-15 18:55:14,200 INFO [uvicorn.access] [-] [IP]:62941 - "POST /api/v1/cloud/filament-info HTTP/1.1" 200
2026-05-15 18:56:21,658 INFO [backend.app.api.routes.support] [b725d888] Log level changed to DEBUG
2026-05-15 18:56:21,658 INFO [backend.app.api.routes.bug_report] [b725d888] Bug report: enabled debug logging
2026-05-15 18:56:21,658 DEBUG [backend.app.services.bambu_mqtt] [b725d888] [[SERIAL]] Requesting status update (pushall)
2026-05-15 18:56:21,658 DEBUG [backend.app.services.bambu_mqtt] [b725d888] [[SERIAL]] Requesting status update (pushall)
2026-05-15 18:56:21,658 INFO [uvicorn.access] [-] [IP]:57084 - "POST /api/v1/bug-report/start-logging HTTP/1.1" 200
2026-05-15 18:56:22,031 DEBUG [backend.app.services.bambu_mqtt] [-] [[SERIAL]] Found xcam inside print data: {'allow_skip_parts': False, 'buildplate_marker_detector': True, 'first_layer_inspector': False, 'halt_print_sensitivity': 'medium', 'print_halt': True, 'printing_monitor': False, 'spaghetti_detector': False}
2026-05-15 18:56:22,031 DEBUG [backend.app.services.bambu_mqtt] [-] [[SERIAL]] Parsing xcam data - all fields: ['allow_skip_parts', 'buildplate_marker_detector', 'first_layer_inspector', 'halt_print_sensitivity', 'print_halt', 'printing_monitor', 'spaghetti_detector']
2026-05-15 18:56:22,031 DEBUG [backend.app.services.bambu_mqtt] [-] [[SERIAL]] Received gcode_state: IDLE, gcode_file: , subtask_name: 
2026-05-15 18:56:22,032 DEBUG [backend.app.services.bambu_mqtt] [-] [[SERIAL]] AMS dict fields: {'ams_exist_bits': '3', 'ams_exist_bits_raw': '3', 'insert_flag': True, 'power_on_flag': False, 'tray_exist_bits': 'ee', 'tray_is_bbl_bits': 'ee', 'tray_now': '255', 'tray_pre': '255', 'tray_read_done_bits': 'ee', 'tray_reading_bits': '0', 'tray_tar': '255', 'version': 2246}
2026-05-15 18:56:22,032 DEBUG [backend.app.services.bambu_mqtt] [-] [[SERIAL]] tray_now updated: 255
2026-05-15 18:56:22,032 DEBUG [backend.app.services.bambu_mqtt] [-] [[SERIAL]] Merged AMS data: 2 new units, 2 total
2026-05-15 18:56:22,032 DEBUG [backend.app.services.bambu_mqtt] [-] [[SERIAL]] ams_status: 0 (main=0, sub=0)
2026-05-15 18:56:22,032 DEBUG [backend.app.services.bambu_mqtt] [-] [[SERIAL]] Received command response: push_status
2026-05-15 18:56:22,032 DEBUG [backend.app.services.bambu_mqtt] [-] [[SERIAL]] chamber_temper raw value: 27.0
2026-05-15 18:56:22,032 DEBUG [backend.app.services.bambu_mqtt] [-] [[SERIAL]] chamber_temper direct value: 27.0°C (heater OFF)
2026-05-15 18:56:22,032 DEBUG [backend.app.services.bambu_mqtt] [-] [[SERIAL]] Chamber heating calculated: target=0.0, current=27.0, heating=False, respect_local=False
2026-05-15 18:56:22,032 DEBUG [backend.app.services.bambu_mqtt] [-] [[SERIAL]] Chamber temp updated to: 27.0, target: 0.0, heating: False
2026-05-15 18:56:22,032 DEBUG [backend.app.services.bambu_mqtt] [-] [[SERIAL]] HMS data received: []
2026-05-15 18:56:22,032 DEBUG [backend.app.services.bambu_mqtt] [-] [[SERIAL]] ipcam field: {'agora_service': 'disable', 'ipcam_dev': '1', 'ipcam_record': 'disable', 'mode_bits': 2, 'resolution': '1080p', 'rtsp_url': 'rtsps://[IP]:322/streaming/live/1', 'timelapse': 'disable', 'tutk_server': 'disable'}
2026-05-15 18:56:22,032 DEBUG [backend.app.services.bambu_mqtt] [-] [[SERIAL]] wifi_signal received: -47dBm
2026-05-15 18:56:22,032 DEBUG [backend.app.services.bambu_mqtt] [-] [[SERIAL]] lights_report: [{'mode': 'on', 'node': 'chamber_light'}, {'mode': 'flashing', 'node': 'work_light'}]
2026-05-15 18:56:22,032 DEBUG [backend.app.services.bambu_mqtt] [-] [[SERIAL]] gcode_state: IDLE -> IDLE, file: , subtask: 
2026-05-15 18:56:22,423 DEBUG [backend.app.services.bambu_mqtt] [-] [[SERIAL]] Found xcam inside print data: {'allow_skip_parts': False, 'buildplate_marker_detector': True, 'first_layer_inspector': False, 'halt_print_sensitivity': 'medium', 'print_halt': True, 'printing_monitor': False, 'spaghetti_detector': False}
2026-05-15 18:56:22,424 DEBUG [backend.app.services.bambu_mqtt] [-] [[SERIAL]] Parsing xcam data - all fields: ['allow_skip_parts', 'buildplate_marker_detector', 'first_layer_inspector', 'halt_print_sensitivity', 'print_halt', 'printing_monitor', 'spaghetti_detector']
2026-05-15 18:56:22,424 DEBUG [backend.app.services.bambu_mqtt] [-] [[SERIAL]] Received gcode_state: IDLE, gcode_file: , subtask_name: 
2026-05-15 18:56:22,424 DEBUG [backend.app.services.bambu_mqtt] [-] [[SERIAL]] AMS dict fields: {'ams_exist_bits': '3', 'ams_exist_bits_raw': '3', 'insert_flag': True, 'power_on_flag': False, 'tray_exist_bits': '7', 'tray_is_bbl_bits': '7', 'tray_now': '255', 'tray_pre': '255', 'tray_read_done_bits': '7', 'tray_reading_bits': '0', 'tray_tar': '255', 'version': 1851}
2026-05-15 18:56:22,424 DEBUG [backend.app.services.bambu_mqtt] [-] [[SERIAL]] tray_now updated: 255
2026-05-15 18:56:22,424 DEBUG [backend.app.services.bambu_mqtt] [-] [[SERIAL]] Merged AMS data: 2 new units, 2 total
2026-05-15 18:56:22,424 DEBUG [backend.app.services.bambu_mqtt] [-] [[SERIAL]] ams_status: 0 (main=0, sub=0)
2026-05-15 18:56:22,424 DEBUG [backend.app.services.bambu_mqtt] [-] [[SERIAL]] Received command response: push_status
2026-05-15 18:56:22,424 DEBUG [backend.app.services.bambu_mqtt] [-] [[SERIAL]] chamber_temper raw value: 27.0
2026-05-15 18:56:22,424 DEBUG [backend.app.services.bambu_mqtt] [-] [[SERIAL]] chamber_temper direct value: 27.0°C (heater OFF)
2026-05-15 18:56:22,424 DEBUG [backend.app.services.bambu_mqtt] [-] [[SERIAL]] Chamber heating calculated: target=0.0, current=27.0, heating=False, respect_local=False
2026-05-15 18:56:22,424 DEBUG [backend.app.services.bambu_mqtt] [-] [[SERIAL]] Chamber temp updated to: 27.0, target: 0.0, heating: False
2026-05-15 18:56:22,424 DEBUG [backend.app.services.bambu_mqtt] [-] [[SERIAL]] HMS data received: []
2026-05-15 18:56:22,424 DEBUG [backend.app.services.bambu_mqtt] [-] [[SERIAL]] ipcam field: {'agora_service': 'disable', 'ipcam_dev': '1', 'ipcam_record': 'disable', 'mode_bits': 2, 'resolution': '1080p', 'rtsp_url': 'rtsps://[IP]:322/streaming/live/1', 'timelapse': 'disable', 'tutk_server': 'disable'}
2026-05-15 18:56:22,424 DEBUG [backend.app.services.bambu_mqtt] [-] [[SERIAL]] wifi_signal received: -42dBm
2026-05-15 18:56:22,424 DEBUG [backend.app.services.bambu_mqtt] [-] [[SERIAL]] lights_report: [{'mode': 'on', 'node': 'chamber_light'}, {'mode': 'flashing', 'node': 'work_light'}]
2026-05-15 18:56:22,424 DEBUG [backend.app.services.bambu_mqtt] [-] [[SERIAL]] gcode_state: IDLE -> IDLE, file: , subtask: 
2026-05-15 18:56:23,014 DEBUG [backend.app.services.bambu_mqtt] [-] [[SERIAL]] Found xcam inside print data: {'allow_skip_parts': False, 'buildplate_marker_detector': True, 'first_layer_inspector': False, 'halt_print_sensitivity': 'medium', 'print_halt': True, 'printing_monitor': False, 'spaghetti_detector': False}
2026-05-15 18:56:23,014 DEBUG [backend.app.services.bambu_mqtt] [-] [[SERIAL]] Parsing xcam data - all fields: ['allow_skip_parts', 'buildplate_marker_detector', 'first_layer_inspector', 'halt_print_sensitivity', 'print_halt', 'printing_monitor', 'spaghetti_detector']
2026-05-15 18:56:23,014 DEBUG [backend.app.services.bambu_mqtt] [-] [[SERIAL]] Received gcode_state: IDLE, gcode_file: , subtask_name: 
2026-05-15 18:56:23,014 DEBUG [backend.app.services.bambu_mqtt] [-] [[SERIAL]] AMS dict fields: {'ams_exist_bits': '3', 'ams_exist_bits_raw': '3', 'insert_flag': True, 'power_on_flag': False, 'tray_exist_bits': 'ee', 'tray_is_bbl_bits': 'ee', 'tray_now': '255', 'tray_pre': '255', 'tray_read_done_bits': 'ee', 'tray_reading_bits': '0', 'tray_tar': '255', 'version': 2246}
2026-05-15 18:56:23,015 DEBUG [backend.app.services.bambu_mqtt] [-] [[SERIAL]] tray_now updated: 255
2026-05-15 18:56:23,015 DEBUG [backend.app.services.bambu_mqtt] [-] [[SERIAL]] Merged AMS data: 2 new units, 2 total
2026-05-15 18:56:23,015 DEBUG [backend.app.services.bambu_mqtt] [-] [[SERIAL]] ams_status: 0 (main=0, sub=0)
2026-05-15 18:56:23,015 DEBUG [backend.app.services.bambu_mqtt] [-] [[SERIAL]] Received command response: push_status
2026-05-15 18:56:23,015 DEBUG [backend.app.services.bambu_mqtt] [-] [[SERIAL]] chamber_temper raw value: 27.0
2026-05-15 18:56:23,015 DEBUG [backend.app.services.bambu_mqtt] [-] [[SERIAL]] chamber_temper direct value: 27.0°C (heater OFF)
2026-05-15 18:56:23,015 DEBUG [backend.app.services.bambu_mqtt] [-] [[SERIAL]] Chamber heating calculated: target=0.0, current=27.0, heating=False, respect_local=False
2026-05-15 18:56:23,015 DEBUG [backend.app.services.bambu_mqtt] [-] [[SERIAL]] Chamber temp updated to: 27.0, target: 0.0, heating: False
2026-05-15 18:56:23,015 DEBUG [backend.app.services.bambu_mqtt] [-] [[SERIAL]] HMS data received: []
2026-05-15 18:56:23,015 DEBUG [backend.app.services.bambu_mqtt] [-] [[SERIAL]] ipcam field: {'agora_service': 'disable', 'ipcam_dev': '1', 'ipcam_record': 'disable', 'mode_bits': 2, 'resolution': '1080p', 'rtsp_url': 'rtsps://[IP]:322/streaming/live/1', 'timelapse': 'disable', 'tutk_server': 'disable'}
2026-05-15 18:56:23,015 DEBUG [backend.app.services.bambu_mqtt] [-] [[SERIAL]] wifi_signal received: -47dBm
2026-05-15 18:56:23,015 DEBUG [backend.app.services.bambu_mqtt] [-] [[SERIAL]] lights_report: [{'mode': 'on', 'node': 'chamber_light'}, {'mode': 'flashing', 'node': 'work_light'}]
2026-05-15 18:56:23,015 DEBUG [backend.app.services.bambu_mqtt] [-] [[SERIAL]] gcode_state: IDLE -> IDLE, file: , subtask: 
2026-05-15 18:56:23,337 INFO [backend.app.api.routes.support] [b886b88c] Log level changed to INFO
2026-05-15 18:56:23,337 INFO [backend.app.api.routes.bug_report] [b886b88c] Bug report: restored normal logging
2026-05-15 18:56:23,338 INFO [uvicorn.access] [-] [IP]:57084 - "POST /api/v1/bug-report/stop-logging?was_debug=false HTTP/1.1" 200
2026-05-15 18:56:30,027 INFO [uvicorn.access] [-] [IP]:57084 - "POST /api/v1/bug-report/submit HTTP/1.1" 200
2026-05-15 18:56:35,054 INFO [backend.app.services.bambu_mqtt] [d5b7d8d6] [[SERIAL]] Requesting K-profiles for nozzle_diameter=0.4 (attempt 1/3)
2026-05-15 18:56:35,071 INFO [backend.app.services.bambu_mqtt] [-] [[SERIAL]] K-profile response: nozzle=0.4, seq_id=4, 0 profiles, expected=0.4
2026-05-15 18:56:35,071 INFO [backend.app.services.bambu_mqtt] [-] [[SERIAL]] Got 0 K-profiles for nozzle=0.4
2026-05-15 18:56:35,071 INFO [backend.app.services.bambu_mqtt] [d5b7d8d6] [[SERIAL]] Got 0 K-profiles for nozzle=0.4 on attempt 1
2026-05-15 18:56:35,081 INFO [backend.app.services.bambu_mqtt] [3b7f0bec] [[SERIAL]] Requesting K-profiles for nozzle_diameter=0.4 (attempt 1/3)
2026-05-15 18:56:35,098 INFO [backend.app.services.bambu_mqtt] [-] [[SERIAL]] K-profile response: nozzle=0.4, seq_id=4, 0 profiles, expected=0.4
2026-05-15 18:56:35,098 INFO [backend.app.services.bambu_mqtt] [-] [[SERIAL]] Got 0 K-profiles for nozzle=0.4
2026-05-15 18:56:35,098 INFO [backend.app.services.bambu_mqtt] [3b7f0bec] [[SERIAL]] Got 0 K-profiles for nozzle=0.4 on attempt 1
2026-05-15 18:57:50,255 INFO [backend.app.api.routes.support] [27c805de] Log level changed to DEBUG
2026-05-15 18:57:50,255 INFO [backend.app.api.routes.bug_report] [27c805de] Bug report: enabled debug logging
2026-05-15 18:57:50,255 DEBUG [backend.app.services.bambu_mqtt] [27c805de] [[SERIAL]] Requesting status update (pushall)
2026-05-15 18:57:50,255 DEBUG [backend.app.services.bambu_mqtt] [27c805de] [[SERIAL]] Requesting status update (pushall)
2026-05-15 18:57:50,255 INFO [uvicorn.access] [-] [IP]:52660 - "POST /api/v1/bug-report/start-logging HTTP/1.1" 200
2026-05-15 18:57:50,869 DEBUG [backend.app.services.bambu_mqtt] [-] [[SERIAL]] Found xcam inside print data: {'allow_skip_parts': False, 'buildplate_marker_detector': True, 'first_layer_inspector': False, 'halt_print_sensitivity': 'medium', 'print_halt': True, 'printing_monitor': False, 'spaghetti_detector': False}
2026-05-15 18:57:50,869 DEBUG [backend.app.services.bambu_mqtt] [-] [[SERIAL]] Parsing xcam data - all fields: ['allow_skip_parts', 'buildplate_marker_detector', 'first_layer_inspector', 'halt_print_sensitivity', 'print_halt', 'printing_monitor', 'spaghetti_detector']
2026-05-15 18:57:50,869 DEBUG [backend.app.services.bambu_mqtt] [-] [[SERIAL]] Received gcode_state: IDLE, gcode_file: , subtask_name: 
2026-05-15 18:57:50,869 DEBUG [backend.app.services.bambu_mqtt] [-] [[SERIAL]] AMS dict fields: {'ams_exist_bits': '3', 'ams_exist_bits_raw': '3', 'insert_flag': True, 'power_on_flag': False, 'tray_exist_bits': 'ee', 'tray_is_bbl_bits': 'ee', 'tray_now': '255', 'tray_pre': '255', 'tray_read_done_bits': 'ee', 'tray_reading_bits': '0', 'tray_tar': '255', 'version': 2246}
2026-05-15 18:57:50,869 DEBUG [backend.app.services.bambu_mqtt] [-] [[SERIAL]] tray_now updated: 255
2026-05-15 18:57:50,869 DEBUG [backend.app.services.bambu_mqtt] [-] [[SERIAL]] Merged AMS data: 2 new units, 2 total
2026-05-15 18:57:50,869 DEBUG [backend.app.services.bambu_mqtt] [-] [[SERIAL]] ams_status: 0 (main=0, sub=0)
2026-05-15 18:57:50,869 DEBUG [backend.app.services.bambu_mqtt] [-] [[SERIAL]] Received command response: push_status
2026-05-15 18:57:50,869 DEBUG [backend.app.services.bambu_mqtt] [-] [[SERIAL]] chamber_temper raw value: 27.0
2026-05-15 18:57:50,869 DEBUG [backend.app.services.bambu_mqtt] [-] [[SERIAL]] chamber_temper direct value: 27.0°C (heater OFF)
2026-05-15 18:57:50,869 DEBUG [backend.app.services.bambu_mqtt] [-] [[SERIAL]] Chamber heating calculated: target=0.0, current=27.0, heating=False, respect_local=False
2026-05-15 18:57:50,870 DEBUG [backend.app.services.bambu_mqtt] [-] [[SERIAL]] Chamber temp updated to: 27.0, target: 0.0, heating: False
2026-05-15 18:57:50,870 DEBUG [backend.app.services.bambu_mqtt] [-] [[SERIAL]] HMS data received: []
2026-05-15 18:57:50,870 DEBUG [backend.app.services.bambu_mqtt] [-] [[SERIAL]] ipcam field: {'agora_service': 'disable', 'ipcam_dev': '1', 'ipcam_record': 'disable', 'mode_bits': 2, 'resolution': '1080p', 'rtsp_url': 'rtsps://[IP]:322/streaming/live/1', 'timelapse': 'disable', 'tutk_server': 'disable'}
2026-05-15 18:57:50,870 DEBUG [backend.app.services.bambu_mqtt] [-] [[SERIAL]] wifi_signal received: -47dBm
2026-05-15 18:57:50,870 DEBUG [backend.app.services.bambu_mqtt] [-] [[SERIAL]] lights_report: [{'mode': 'on', 'node': 'chamber_light'}, {'mode': 'flashing', 'node': 'work_light'}]
2026-05-15 18:57:50,870 DEBUG [backend.app.services.bambu_mqtt] [-] [[SERIAL]] gcode_state: IDLE -> IDLE, file: , subtask: 