2026-05-20 09:05:15,417 DEBUG [backend.app.services.bambu_mqtt] [-] [[SERIAL]] gcode_state: RUNNING -> RUNNING, file: /data/Metadata/plate_1.gcode, subtask: Bomb_Busters_-_Kartenhalter
2026-05-20 09:05:16,713 DEBUG [backend.app.services.bambu_mqtt] [-] [[SERIAL]] Found xcam inside print data: {'allow_skip_parts': False, 'buildplate_marker_detector': True, 'cfg': 8089015, 'first_layer_inspector': True, 'halt_print_sensitivity': 'medium', 'print_halt': True, 'printing_monitor': True, 'spaghetti_detector': True}
2026-05-20 09:05:16,713 DEBUG [backend.app.services.bambu_mqtt] [-] [[SERIAL]] Parsing xcam data - all fields: ['allow_skip_parts', 'buildplate_marker_detector', 'cfg', 'first_layer_inspector', 'halt_print_sensitivity', 'print_halt', 'printing_monitor', 'spaghetti_detector']
2026-05-20 09:05:16,714 DEBUG [backend.app.services.bambu_mqtt] [-] [[SERIAL]] xcam cfg bitmask: 8089015 (binary: 0b11110110110110110110111)
2026-05-20 09:05:16,714 DEBUG [backend.app.services.bambu_mqtt] [-] [[SERIAL]] Received gcode_state: RUNNING, gcode_file: /data/Metadata/plate_1.gcode, subtask_name: Bomb_Busters_-_Kartenhalter
2026-05-20 09:05:16,714 DEBUG [backend.app.services.bambu_mqtt] [-] [[SERIAL]] AMS dict fields: {'ams_exist_bits': '11', 'ams_exist_bits_raw': '11', 'cali_id': 255, 'cali_stat': 0, 'cfs': [2, 9, 3, 4, 5, 7], 'insert_flag': True, 'power_on_flag': True, 'tray_exist_bits': '1000f', 'tray_hall_out_bits': '10008', 'tray_is_bbl_bits': '1000d', 'tray_now': '0', 'tray_pre': '0', 'tray_read_done_bits': '1000f', 'tray_reading_bits': '0', 'tray_tar': '0', 'unbind_ams_stat': 0, 'version': 10185}
2026-05-20 09:05:16,714 DEBUG [backend.app.services.bambu_mqtt] [-] [[SERIAL]] tray_now updated: 128
2026-05-20 09:05:16,714 DEBUG [backend.app.services.bambu_mqtt] [-] [[SERIAL]] Merged AMS data: 2 new units, 2 total
2026-05-20 09:05:16,714 DEBUG [backend.app.services.bambu_mqtt] [-] [[SERIAL]] ams_status: 768 (main=3, sub=0)
2026-05-20 09:05:16,714 DEBUG [backend.app.services.bambu_mqtt] [-] [[SERIAL]] Received command response: push_status
2026-05-20 09:05:16,714 DEBUG [backend.app.services.bambu_mqtt] [-] [[SERIAL]] device.extruder.state=33042 (switch_state bits 12-14: 0)
2026-05-20 09:05:16,714 DEBUG [backend.app.services.bambu_mqtt] [-] [[SERIAL]] info.temp direct: 31°C (heater OFF)
2026-05-20 09:05:16,714 DEBUG [backend.app.services.bambu_mqtt] [-] [[SERIAL]] ctc_info keys: ['temp']
2026-05-20 09:05:16,714 DEBUG [backend.app.services.bambu_mqtt] [-] [[SERIAL]] Chamber heating calculated: target=0.0, current=31.0, heating=False, respect_local=False
2026-05-20 09:05:16,714 DEBUG [backend.app.services.bambu_mqtt] [-] [[SERIAL]] Chamber temp updated to: 31.0, target: 0.0, heating: False
2026-05-20 09:05:16,714 DEBUG [backend.app.services.bambu_mqtt] [-] [[SERIAL]] HMS data received: [{'attr': 83887616, 'code': 131184, 'ts_boot': 18433, 'ts_unix': '20260519032916'}, {'attr': 402661376, 'code': 131109, 'ts_boot': 113477328, 'ts_unix': '20260520110015'}]
2026-05-20 09:05:16,714 DEBUG [backend.app.services.bambu_mqtt] [-] [[SERIAL]] ipcam field: {'agora_service': 'disable', 'brtc_service': 'enable', 'bs_state': 0, 'cap_pic_enable': 'invalid', 'ipcam_dev': '1', 'ipcam_record': 'disable', 'laser_preview_res': 7, 'liveview_preview': True, 'mode_bits': 2, 'resolution': '1080p', 'rtsp_url': 'rtsps://[IP]:322/streaming/live/1', 'timelapse': 'enable', 'tl_external_free_kb': 36553856, 'tl_external_total_kb': 125297920, 'tl_internal_free_kb': 630385, 'tl_internal_total_kb': 962560, 'tl_store_hpd_type': 2, 'tl_store_path_type': 2, 'tutk_server': 'disable'}
2026-05-20 09:05:16,714 DEBUG [backend.app.services.bambu_mqtt] [-] [[SERIAL]] Timelapse detected during print (from ipcam)
2026-05-20 09:05:16,714 DEBUG [backend.app.services.bambu_mqtt] [-] [[SERIAL]] wifi_signal received: -64dBm
2026-05-20 09:05:16,714 DEBUG [backend.app.services.bambu_mqtt] [-] [[SERIAL]] lights_report: [{'mode': 'on', 'node': 'chamber_light'}, {'mode': 'flashing', 'node': 'work_light'}]
2026-05-20 09:05:16,715 DEBUG [backend.app.services.bambu_mqtt] [-] [[SERIAL]] MQTT mapping field: [3, 32768]
2026-05-20 09:05:16,715 DEBUG [backend.app.services.bambu_mqtt] [-] [[SERIAL]] gcode_state: RUNNING -> RUNNING, file: /data/Metadata/plate_1.gcode, subtask: Bomb_Busters_-_Kartenhalter
2026-05-20 09:05:17,113 DEBUG [backend.app.services.bambu_mqtt] [-] [[SERIAL]] Received command response: push_status
2026-05-20 09:05:17,113 DEBUG [backend.app.services.bambu_mqtt] [-] [[SERIAL]] wifi_signal received: -72dBm
2026-05-20 09:05:17,505 DEBUG [backend.app.api.routes.printers] [18ddae02] API returning ams_mapping: [], ams_extruder_map: {'0': 0}
2026-05-20 09:05:17,505 DEBUG [backend.app.api.routes.printers] [18ddae02] Using tray_now directly as global ID: 1
2026-05-20 09:05:17,753 DEBUG [backend.app.services.bambu_mqtt] [-] [[SERIAL]] Found xcam inside print data: {'allow_skip_parts': False, 'buildplate_marker_detector': True, 'cfg': 8089015, 'first_layer_inspector': True, 'halt_print_sensitivity': 'medium', 'print_halt': True, 'printing_monitor': True, 'spaghetti_detector': True}
2026-05-20 09:05:17,753 DEBUG [backend.app.services.bambu_mqtt] [-] [[SERIAL]] Parsing xcam data - all fields: ['allow_skip_parts', 'buildplate_marker_detector', 'cfg', 'first_layer_inspector', 'halt_print_sensitivity', 'print_halt', 'printing_monitor', 'spaghetti_detector']
2026-05-20 09:05:17,753 DEBUG [backend.app.services.bambu_mqtt] [-] [[SERIAL]] xcam cfg bitmask: 8089015 (binary: 0b11110110110110110110111)
2026-05-20 09:05:17,753 DEBUG [backend.app.services.bambu_mqtt] [-] [[SERIAL]] Received gcode_state: RUNNING, gcode_file: /data/Metadata/plate_1.gcode, subtask_name: Bomb_Busters_-_Kartenhalter
2026-05-20 09:05:17,753 DEBUG [backend.app.services.bambu_mqtt] [-] [[SERIAL]] AMS dict fields: {'ams_exist_bits': '11', 'ams_exist_bits_raw': '11', 'cali_id': 255, 'cali_stat': 0, 'cfs': [2, 9, 3, 4, 5, 7], 'insert_flag': True, 'power_on_flag': True, 'tray_exist_bits': '1000f', 'tray_hall_out_bits': '10008', 'tray_is_bbl_bits': '1000d', 'tray_now': '0', 'tray_pre': '0', 'tray_read_done_bits': '1000f', 'tray_reading_bits': '0', 'tray_tar': '0', 'unbind_ams_stat': 0, 'version': 10185}
2026-05-20 09:05:17,753 DEBUG [backend.app.services.bambu_mqtt] [-] [[SERIAL]] tray_now updated: 128
2026-05-20 09:05:17,753 DEBUG [backend.app.services.bambu_mqtt] [-] [[SERIAL]] Merged AMS data: 2 new units, 2 total
2026-05-20 09:05:17,753 DEBUG [backend.app.services.bambu_mqtt] [-] [[SERIAL]] ams_status: 768 (main=3, sub=0)
2026-05-20 09:05:17,753 DEBUG [backend.app.services.bambu_mqtt] [-] [[SERIAL]] Received command response: push_status
2026-05-20 09:05:17,753 DEBUG [backend.app.services.bambu_mqtt] [-] [[SERIAL]] device.extruder.state=33042 (switch_state bits 12-14: 0)
2026-05-20 09:05:17,753 DEBUG [backend.app.services.bambu_mqtt] [-] [[SERIAL]] info.temp direct: 31°C (heater OFF)
2026-05-20 09:05:17,754 DEBUG [backend.app.services.bambu_mqtt] [-] [[SERIAL]] ctc_info keys: ['temp']
2026-05-20 09:05:17,754 DEBUG [backend.app.services.bambu_mqtt] [-] [[SERIAL]] Chamber heating calculated: target=0.0, current=31.0, heating=False, respect_local=False
2026-05-20 09:05:17,754 DEBUG [backend.app.services.bambu_mqtt] [-] [[SERIAL]] Chamber temp updated to: 31.0, target: 0.0, heating: False
2026-05-20 09:05:17,754 DEBUG [backend.app.services.bambu_mqtt] [-] [[SERIAL]] HMS data received: [{'attr': 83887616, 'code': 131184, 'ts_boot': 18433, 'ts_unix': '20260519032916'}, {'attr': 402661376, 'code': 131109, 'ts_boot': 113477328, 'ts_unix': '20260520110015'}]
2026-05-20 09:05:17,754 DEBUG [backend.app.services.bambu_mqtt] [-] [[SERIAL]] ipcam field: {'agora_service': 'disable', 'brtc_service': 'enable', 'bs_state': 0, 'cap_pic_enable': 'invalid', 'ipcam_dev': '1', 'ipcam_record': 'disable', 'laser_preview_res': 7, 'liveview_preview': True, 'mode_bits': 2, 'resolution': '1080p', 'rtsp_url': 'rtsps://[IP]:322/streaming/live/1', 'timelapse': 'enable', 'tl_external_free_kb': 36553856, 'tl_external_total_kb': 125297920, 'tl_internal_free_kb': 630385, 'tl_internal_total_kb': 962560, 'tl_store_hpd_type': 2, 'tl_store_path_type': 2, 'tutk_server': 'disable'}
2026-05-20 09:05:17,754 DEBUG [backend.app.services.bambu_mqtt] [-] [[SERIAL]] Timelapse detected during print (from ipcam)
2026-05-20 09:05:17,754 DEBUG [backend.app.services.bambu_mqtt] [-] [[SERIAL]] wifi_signal received: -64dBm
2026-05-20 09:05:17,754 DEBUG [backend.app.services.bambu_mqtt] [-] [[SERIAL]] lights_report: [{'mode': 'on', 'node': 'chamber_light'}, {'mode': 'flashing', 'node': 'work_light'}]
2026-05-20 09:05:17,754 DEBUG [backend.app.services.bambu_mqtt] [-] [[SERIAL]] MQTT mapping field: [3, 32768]
2026-05-20 09:05:17,754 DEBUG [backend.app.services.bambu_mqtt] [-] [[SERIAL]] gcode_state: RUNNING -> RUNNING, file: /data/Metadata/plate_1.gcode, subtask: Bomb_Busters_-_Kartenhalter
2026-05-20 09:05:18,826 DEBUG [backend.app.services.bambu_mqtt] [-] [[SERIAL]] Found xcam inside print data: {'allow_skip_parts': False, 'buildplate_marker_detector': True, 'cfg': 8089015, 'first_layer_inspector': True, 'halt_print_sensitivity': 'medium', 'print_halt': True, 'printing_monitor': True, 'spaghetti_detector': True}
2026-05-20 09:05:18,826 DEBUG [backend.app.services.bambu_mqtt] [-] [[SERIAL]] Parsing xcam data - all fields: ['allow_skip_parts', 'buildplate_marker_detector', 'cfg', 'first_layer_inspector', 'halt_print_sensitivity', 'print_halt', 'printing_monitor', 'spaghetti_detector']
2026-05-20 09:05:18,826 DEBUG [backend.app.services.bambu_mqtt] [-] [[SERIAL]] xcam cfg bitmask: 8089015 (binary: 0b11110110110110110110111)
2026-05-20 09:05:18,826 DEBUG [backend.app.services.bambu_mqtt] [-] [[SERIAL]] Received gcode_state: RUNNING, gcode_file: /data/Metadata/plate_1.gcode, subtask_name: Bomb_Busters_-_Kartenhalter
2026-05-20 09:05:18,826 DEBUG [backend.app.services.bambu_mqtt] [-] [[SERIAL]] AMS dict fields: {'ams_exist_bits': '11', 'ams_exist_bits_raw': '11', 'cali_id': 255, 'cali_stat': 0, 'cfs': [2, 9, 3, 4, 5, 7], 'insert_flag': True, 'power_on_flag': True, 'tray_exist_bits': '1000f', 'tray_hall_out_bits': '10008', 'tray_is_bbl_bits': '1000d', 'tray_now': '0', 'tray_pre': '0', 'tray_read_done_bits': '1000f', 'tray_reading_bits': '0', 'tray_tar': '0', 'unbind_ams_stat': 0, 'version': 10185}
2026-05-20 09:05:18,826 DEBUG [backend.app.services.bambu_mqtt] [-] [[SERIAL]] tray_now updated: 128
2026-05-20 09:05:18,826 DEBUG [backend.app.services.bambu_mqtt] [-] [[SERIAL]] Merged AMS data: 2 new units, 2 total
2026-05-20 09:05:18,826 DEBUG [backend.app.services.bambu_mqtt] [-] [[SERIAL]] ams_status: 768 (main=3, sub=0)
2026-05-20 09:05:18,826 DEBUG [backend.app.services.bambu_mqtt] [-] [[SERIAL]] Received command response: push_status
2026-05-20 09:05:18,826 DEBUG [backend.app.services.bambu_mqtt] [-] [[SERIAL]] device.extruder.state=33042 (switch_state bits 12-14: 0)
2026-05-20 09:05:18,827 DEBUG [backend.app.services.bambu_mqtt] [-] [[SERIAL]] info.temp direct: 31°C (heater OFF)
2026-05-20 09:05:18,827 DEBUG [backend.app.services.bambu_mqtt] [-] [[SERIAL]] ctc_info keys: ['temp']
2026-05-20 09:05:18,827 DEBUG [backend.app.services.bambu_mqtt] [-] [[SERIAL]] Chamber heating calculated: target=0.0, current=31.0, heating=False, respect_local=False
2026-05-20 09:05:18,827 DEBUG [backend.app.services.bambu_mqtt] [-] [[SERIAL]] Chamber temp updated to: 31.0, target: 0.0, heating: False
2026-05-20 09:05:18,827 DEBUG [backend.app.services.bambu_mqtt] [-] [[SERIAL]] HMS data received: [{'attr': 83887616, 'code': 131184, 'ts_boot': 18433, 'ts_unix': '20260519032916'}, {'attr': 402661376, 'code': 131109, 'ts_boot': 113477328, 'ts_unix': '20260520110015'}]
2026-05-20 09:05:18,827 DEBUG [backend.app.services.bambu_mqtt] [-] [[SERIAL]] ipcam field: {'agora_service': 'disable', 'brtc_service': 'enable', 'bs_state': 0, 'cap_pic_enable': 'invalid', 'ipcam_dev': '1', 'ipcam_record': 'disable', 'laser_preview_res': 7, 'liveview_preview': True, 'mode_bits': 2, 'resolution': '1080p', 'rtsp_url': 'rtsps://[IP]:322/streaming/live/1', 'timelapse': 'enable', 'tl_external_free_kb': 36553856, 'tl_external_total_kb': 125297920, 'tl_internal_free_kb': 630385, 'tl_internal_total_kb': 962560, 'tl_store_hpd_type': 2, 'tl_store_path_type': 2, 'tutk_server': 'disable'}
2026-05-20 09:05:18,827 DEBUG [backend.app.services.bambu_mqtt] [-] [[SERIAL]] Timelapse detected during print (from ipcam)
2026-05-20 09:05:18,827 DEBUG [backend.app.services.bambu_mqtt] [-] [[SERIAL]] wifi_signal received: -64dBm
2026-05-20 09:05:18,827 DEBUG [backend.app.services.bambu_mqtt] [-] [[SERIAL]] lights_report: [{'mode': 'on', 'node': 'chamber_light'}, {'mode': 'flashing', 'node': 'work_light'}]
2026-05-20 09:05:18,827 DEBUG [backend.app.services.bambu_mqtt] [-] [[SERIAL]] MQTT mapping field: [3, 32768]
2026-05-20 09:05:18,827 DEBUG [backend.app.services.bambu_mqtt] [-] [[SERIAL]] gcode_state: RUNNING -> RUNNING, file: /data/Metadata/plate_1.gcode, subtask: Bomb_Busters_-_Kartenhalter
2026-05-20 09:05:19,947 DEBUG [backend.app.services.bambu_mqtt] [-] [[SERIAL]] Found xcam inside print data: {'allow_skip_parts': False, 'buildplate_marker_detector': True, 'cfg': 8089015, 'first_layer_inspector': True, 'halt_print_sensitivity': 'medium', 'print_halt': True, 'printing_monitor': True, 'spaghetti_detector': True}
2026-05-20 09:05:19,947 DEBUG [backend.app.services.bambu_mqtt] [-] [[SERIAL]] Parsing xcam data - all fields: ['allow_skip_parts', 'buildplate_marker_detector', 'cfg', 'first_layer_inspector', 'halt_print_sensitivity', 'print_halt', 'printing_monitor', 'spaghetti_detector']
2026-05-20 09:05:19,947 DEBUG [backend.app.services.bambu_mqtt] [-] [[SERIAL]] xcam cfg bitmask: 8089015 (binary: 0b11110110110110110110111)
2026-05-20 09:05:19,947 DEBUG [backend.app.services.bambu_mqtt] [-] [[SERIAL]] Received gcode_state: RUNNING, gcode_file: /data/Metadata/plate_1.gcode, subtask_name: Bomb_Busters_-_Kartenhalter
2026-05-20 09:05:19,947 DEBUG [backend.app.services.bambu_mqtt] [-] [[SERIAL]] AMS dict fields: {'ams_exist_bits': '11', 'ams_exist_bits_raw': '11', 'cali_id': 255, 'cali_stat': 0, 'cfs': [2, 9, 3, 4, 5, 7], 'insert_flag': True, 'power_on_flag': True, 'tray_exist_bits': '1000f', 'tray_hall_out_bits': '10008', 'tray_is_bbl_bits': '1000d', 'tray_now': '0', 'tray_pre': '0', 'tray_read_done_bits': '1000f', 'tray_reading_bits': '0', 'tray_tar': '0', 'unbind_ams_stat': 0, 'version': 10185}
2026-05-20 09:05:19,947 DEBUG [backend.app.services.bambu_mqtt] [-] [[SERIAL]] tray_now updated: 128
2026-05-20 09:05:19,947 DEBUG [backend.app.services.bambu_mqtt] [-] [[SERIAL]] Merged AMS data: 2 new units, 2 total
2026-05-20 09:05:19,947 DEBUG [backend.app.services.bambu_mqtt] [-] [[SERIAL]] ams_status: 768 (main=3, sub=0)
2026-05-20 09:05:19,947 DEBUG [backend.app.services.bambu_mqtt] [-] [[SERIAL]] Received command response: push_status
2026-05-20 09:05:19,947 DEBUG [backend.app.services.bambu_mqtt] [-] [[SERIAL]] device.extruder.state=33042 (switch_state bits 12-14: 0)
2026-05-20 09:05:19,948 DEBUG [backend.app.services.bambu_mqtt] [-] [[SERIAL]] info.temp direct: 31°C (heater OFF)
2026-05-20 09:05:19,948 DEBUG [backend.app.services.bambu_mqtt] [-] [[SERIAL]] ctc_info keys: ['temp']
2026-05-20 09:05:19,948 DEBUG [backend.app.services.bambu_mqtt] [-] [[SERIAL]] Chamber heating calculated: target=0.0, current=31.0, heating=False, respect_local=False
2026-05-20 09:05:19,948 DEBUG [backend.app.services.bambu_mqtt] [-] [[SERIAL]] Chamber temp updated to: 31.0, target: 0.0, heating: False
2026-05-20 09:05:19,948 DEBUG [backend.app.services.bambu_mqtt] [-] [[SERIAL]] HMS data received: [{'attr': 83887616, 'code': 131184, 'ts_boot': 18433, 'ts_unix': '20260519032916'}, {'attr': 402661376, 'code': 131109, 'ts_boot': 113477328, 'ts_unix': '20260520110015'}]
2026-05-20 09:05:19,948 DEBUG [backend.app.services.bambu_mqtt] [-] [[SERIAL]] ipcam field: {'agora_service': 'disable', 'brtc_service': 'enable', 'bs_state': 0, 'cap_pic_enable': 'invalid', 'ipcam_dev': '1', 'ipcam_record': 'disable', 'laser_preview_res': 7, 'liveview_preview': True, 'mode_bits': 2, 'resolution': '1080p', 'rtsp_url': 'rtsps://[IP]:322/streaming/live/1', 'timelapse': 'enable', 'tl_external_free_kb': 36553856, 'tl_external_total_kb': 125297920, 'tl_internal_free_kb': 630385, 'tl_internal_total_kb': 962560, 'tl_store_hpd_type': 2, 'tl_store_path_type': 2, 'tutk_server': 'disable'}
2026-05-20 09:05:19,948 DEBUG [backend.app.services.bambu_mqtt] [-] [[SERIAL]] Timelapse detected during print (from ipcam)
2026-05-20 09:05:19,948 DEBUG [backend.app.services.bambu_mqtt] [-] [[SERIAL]] wifi_signal received: -64dBm
2026-05-20 09:05:19,948 DEBUG [backend.app.services.bambu_mqtt] [-] [[SERIAL]] lights_report: [{'mode': 'on', 'node': 'chamber_light'}, {'mode': 'flashing', 'node': 'work_light'}]
2026-05-20 09:05:19,948 DEBUG [backend.app.services.bambu_mqtt] [-] [[SERIAL]] MQTT mapping field: [3, 32768]
2026-05-20 09:05:19,948 DEBUG [backend.app.services.bambu_mqtt] [-] [[SERIAL]] gcode_state: RUNNING -> RUNNING, file: /data/Metadata/plate_1.gcode, subtask: Bomb_Busters_-_Kartenhalter
2026-05-20 09:05:21,020 DEBUG [backend.app.services.bambu_mqtt] [-] [[SERIAL]] Found xcam inside print data: {'allow_skip_parts': False, 'buildplate_marker_detector': True, 'cfg': 8089015, 'first_layer_inspector': True, 'halt_print_sensitivity': 'medium', 'print_halt': True, 'printing_monitor': True, 'spaghetti_detector': True}
2026-05-20 09:05:21,020 DEBUG [backend.app.services.bambu_mqtt] [-] [[SERIAL]] Parsing xcam data - all fields: ['allow_skip_parts', 'buildplate_marker_detector', 'cfg', 'first_layer_inspector', 'halt_print_sensitivity', 'print_halt', 'printing_monitor', 'spaghetti_detector']
2026-05-20 09:05:21,020 DEBUG [backend.app.services.bambu_mqtt] [-] [[SERIAL]] xcam cfg bitmask: 8089015 (binary: 0b11110110110110110110111)
2026-05-20 09:05:21,020 DEBUG [backend.app.services.bambu_mqtt] [-] [[SERIAL]] Received gcode_state: RUNNING, gcode_file: /data/Metadata/plate_1.gcode, subtask_name: Bomb_Busters_-_Kartenhalter
2026-05-20 09:05:21,020 DEBUG [backend.app.services.bambu_mqtt] [-] [[SERIAL]] AMS dict fields: {'ams_exist_bits': '11', 'ams_exist_bits_raw': '11', 'cali_id': 255, 'cali_stat': 0, 'cfs': [2, 9, 3, 4, 5, 7], 'insert_flag': True, 'power_on_flag': True, 'tray_exist_bits': '1000f', 'tray_hall_out_bits': '10008', 'tray_is_bbl_bits': '1000d', 'tray_now': '0', 'tray_pre': '0', 'tray_read_done_bits': '1000f', 'tray_reading_bits': '0', 'tray_tar': '0', 'unbind_ams_stat': 0, 'version': 10185}
2026-05-20 09:05:21,020 DEBUG [backend.app.services.bambu_mqtt] [-] [[SERIAL]] tray_now updated: 128
2026-05-20 09:05:21,021 DEBUG [backend.app.services.bambu_mqtt] [-] [[SERIAL]] Merged AMS data: 2 new units, 2 total
2026-05-20 09:05:21,021 DEBUG [backend.app.services.bambu_mqtt] [-] [[SERIAL]] ams_status: 768 (main=3, sub=0)
2026-05-20 09:05:21,021 DEBUG [backend.app.services.bambu_mqtt] [-] [[SERIAL]] Received command response: push_status
2026-05-20 09:05:21,021 DEBUG [backend.app.services.bambu_mqtt] [-] [[SERIAL]] device.extruder.state=33042 (switch_state bits 12-14: 0)
2026-05-20 09:05:21,021 DEBUG [backend.app.services.bambu_mqtt] [-] [[SERIAL]] info.temp direct: 31°C (heater OFF)
2026-05-20 09:05:21,021 DEBUG [backend.app.services.bambu_mqtt] [-] [[SERIAL]] ctc_info keys: ['temp']
2026-05-20 09:05:21,021 DEBUG [backend.app.services.bambu_mqtt] [-] [[SERIAL]] Chamber heating calculated: target=0.0, current=31.0, heating=False, respect_local=False
2026-05-20 09:05:21,021 DEBUG [backend.app.services.bambu_mqtt] [-] [[SERIAL]] Chamber temp updated to: 31.0, target: 0.0, heating: False
2026-05-20 09:05:21,021 DEBUG [backend.app.services.bambu_mqtt] [-] [[SERIAL]] HMS data received: [{'attr': 83887616, 'code': 131184, 'ts_boot': 18433, 'ts_unix': '20260519032916'}, {'attr': 402661376, 'code': 131109, 'ts_boot': 113477328, 'ts_unix': '20260520110015'}]
2026-05-20 09:05:21,021 DEBUG [backend.app.services.bambu_mqtt] [-] [[SERIAL]] ipcam field: {'agora_service': 'disable', 'brtc_service': 'enable', 'bs_state': 0, 'cap_pic_enable': 'invalid', 'ipcam_dev': '1', 'ipcam_record': 'disable', 'laser_preview_res': 7, 'liveview_preview': True, 'mode_bits': 2, 'resolution': '1080p', 'rtsp_url': 'rtsps://[IP]:322/streaming/live/1', 'timelapse': 'enable', 'tl_external_free_kb': 36553856, 'tl_external_total_kb': 125297920, 'tl_internal_free_kb': 630385, 'tl_internal_total_kb': 962560, 'tl_store_hpd_type': 2, 'tl_store_path_type': 2, 'tutk_server': 'disable'}
2026-05-20 09:05:21,021 DEBUG [backend.app.services.bambu_mqtt] [-] [[SERIAL]] Timelapse detected during print (from ipcam)
2026-05-20 09:05:21,021 DEBUG [backend.app.services.bambu_mqtt] [-] [[SERIAL]] wifi_signal received: -64dBm
2026-05-20 09:05:21,022 DEBUG [backend.app.services.bambu_mqtt] [-] [[SERIAL]] lights_report: [{'mode': 'on', 'node': 'chamber_light'}, {'mode': 'flashing', 'node': 'work_light'}]
2026-05-20 09:05:21,022 DEBUG [backend.app.services.bambu_mqtt] [-] [[SERIAL]] MQTT mapping field: [3, 32768]
2026-05-20 09:05:21,022 DEBUG [backend.app.services.bambu_mqtt] [-] [[SERIAL]] gcode_state: RUNNING -> RUNNING, file: /data/Metadata/plate_1.gcode, subtask: Bomb_Busters_-_Kartenhalter
2026-05-20 09:05:21,160 DEBUG [backend.app.services.bambu_mqtt] [-] [[SERIAL]] Merged AMS data: 1 new units, 1 total
2026-05-20 09:05:21,160 DEBUG [backend.app.services.bambu_mqtt] [-] [[SERIAL]] AMS 0 info=0x1001 -> extruder 0
2026-05-20 09:05:21,160 DEBUG [backend.app.services.bambu_mqtt] [-] [[SERIAL]] ams_extruder_map: {'0': 0}
2026-05-20 09:05:21,160 DEBUG [backend.app.services.bambu_mqtt] [-] [[SERIAL]] Received command response: push_status
2026-05-20 09:05:22,349 DEBUG [backend.app.services.bambu_mqtt] [-] [[SERIAL]] Found xcam inside print data: {'allow_skip_parts': False, 'buildplate_marker_detector': True, 'cfg': 8089015, 'first_layer_inspector': True, 'halt_print_sensitivity': 'medium', 'print_halt': True, 'printing_monitor': True, 'spaghetti_detector': True}
2026-05-20 09:05:22,350 DEBUG [backend.app.services.bambu_mqtt] [-] [[SERIAL]] Parsing xcam data - all fields: ['allow_skip_parts', 'buildplate_marker_detector', 'cfg', 'first_layer_inspector', 'halt_print_sensitivity', 'print_halt', 'printing_monitor', 'spaghetti_detector']
2026-05-20 09:05:22,350 DEBUG [backend.app.services.bambu_mqtt] [-] [[SERIAL]] xcam cfg bitmask: 8089015 (binary: 0b11110110110110110110111)
2026-05-20 09:05:22,350 DEBUG [backend.app.services.bambu_mqtt] [-] [[SERIAL]] Received gcode_state: RUNNING, gcode_file: /data/Metadata/plate_1.gcode, subtask_name: Bomb_Busters_-_Kartenhalter
2026-05-20 09:05:22,350 DEBUG [backend.app.services.bambu_mqtt] [-] [[SERIAL]] AMS dict fields: {'ams_exist_bits': '11', 'ams_exist_bits_raw': '11', 'cali_id': 255, 'cali_stat': 0, 'cfs': [2, 9, 3, 4, 5, 7], 'insert_flag': True, 'power_on_flag': True, 'tray_exist_bits': '1000f', 'tray_hall_out_bits': '10008', 'tray_is_bbl_bits': '1000d', 'tray_now': '0', 'tray_pre': '0', 'tray_read_done_bits': '1000f', 'tray_reading_bits': '0', 'tray_tar': '0', 'unbind_ams_stat': 0, 'version': 10185}
2026-05-20 09:05:22,350 DEBUG [backend.app.services.bambu_mqtt] [-] [[SERIAL]] tray_now updated: 128
2026-05-20 09:05:22,350 DEBUG [backend.app.services.bambu_mqtt] [-] [[SERIAL]] Merged AMS data: 2 new units, 2 total
2026-05-20 09:05:22,350 DEBUG [backend.app.services.bambu_mqtt] [-] [[SERIAL]] ams_status: 768 (main=3, sub=0)
2026-05-20 09:05:22,350 DEBUG [backend.app.services.bambu_mqtt] [-] [[SERIAL]] Received command response: push_status
2026-05-20 09:05:22,350 DEBUG [backend.app.services.bambu_mqtt] [-] [[SERIAL]] device.extruder.state=33042 (switch_state bits 12-14: 0)
2026-05-20 09:05:22,350 DEBUG [backend.app.services.bambu_mqtt] [-] [[SERIAL]] info.temp direct: 31°C (heater OFF)
2026-05-20 09:05:22,350 DEBUG [backend.app.services.bambu_mqtt] [-] [[SERIAL]] ctc_info keys: ['temp']
2026-05-20 09:05:22,350 DEBUG [backend.app.services.bambu_mqtt] [-] [[SERIAL]] Chamber heating calculated: target=0.0, current=31.0, heating=False, respect_local=False
2026-05-20 09:05:22,350 DEBUG [backend.app.services.bambu_mqtt] [-] [[SERIAL]] Chamber temp updated to: 31.0, target: 0.0, heating: False
2026-05-20 09:05:22,350 DEBUG [backend.app.services.bambu_mqtt] [-] [[SERIAL]] HMS data received: [{'attr': 83887616, 'code': 131184, 'ts_boot': 18433, 'ts_unix': '20260519032916'}, {'attr': 402661376, 'code': 131109, 'ts_boot': 113477328, 'ts_unix': '20260520110015'}]
2026-05-20 09:05:22,350 DEBUG [backend.app.services.bambu_mqtt] [-] [[SERIAL]] ipcam field: {'agora_service': 'disable', 'brtc_service': 'enable', 'bs_state': 0, 'cap_pic_enable': 'invalid', 'ipcam_dev': '1', 'ipcam_record': 'disable', 'laser_preview_res': 7, 'liveview_preview': True, 'mode_bits': 2, 'resolution': '1080p', 'rtsp_url': 'rtsps://[IP]:322/streaming/live/1', 'timelapse': 'enable', 'tl_external_free_kb': 36553856, 'tl_external_total_kb': 125297920, 'tl_internal_free_kb': 630385, 'tl_internal_total_kb': 962560, 'tl_store_hpd_type': 2, 'tl_store_path_type': 2, 'tutk_server': 'disable'}
2026-05-20 09:05:22,350 DEBUG [backend.app.services.bambu_mqtt] [-] [[SERIAL]] Timelapse detected during print (from ipcam)
2026-05-20 09:05:22,350 DEBUG [backend.app.services.bambu_mqtt] [-] [[SERIAL]] wifi_signal received: -64dBm
2026-05-20 09:05:22,351 DEBUG [backend.app.services.bambu_mqtt] [-] [[SERIAL]] lights_report: [{'mode': 'on', 'node': 'chamber_light'}, {'mode': 'flashing', 'node': 'work_light'}]
2026-05-20 09:05:22,351 DEBUG [backend.app.services.bambu_mqtt] [-] [[SERIAL]] MQTT mapping field: [3, 32768]
2026-05-20 09:05:22,351 DEBUG [backend.app.services.bambu_mqtt] [-] [[SERIAL]] gcode_state: RUNNING -> RUNNING, file: /data/Metadata/plate_1.gcode, subtask: Bomb_Busters_-_Kartenhalter
2026-05-20 09:05:23,200 DEBUG [backend.app.services.bambu_mqtt] [-] [[SERIAL]] Received command response: push_status
2026-05-20 09:05:23,200 DEBUG [backend.app.services.bambu_mqtt] [-] [[SERIAL]] wifi_signal received: -73dBm
2026-05-20 09:05:23,464 DEBUG [backend.app.services.bambu_mqtt] [-] [[SERIAL]] Found xcam inside print data: {'allow_skip_parts': False, 'buildplate_marker_detector': True, 'cfg': 8089015, 'first_layer_inspector': True, 'halt_print_sensitivity': 'medium', 'print_halt': True, 'printing_monitor': True, 'spaghetti_detector': True}
2026-05-20 09:05:23,465 DEBUG [backend.app.services.bambu_mqtt] [-] [[SERIAL]] Parsing xcam data - all fields: ['allow_skip_parts', 'buildplate_marker_detector', 'cfg', 'first_layer_inspector', 'halt_print_sensitivity', 'print_halt', 'printing_monitor', 'spaghetti_detector']
2026-05-20 09:05:23,465 DEBUG [backend.app.services.bambu_mqtt] [-] [[SERIAL]] xcam cfg bitmask: 8089015 (binary: 0b11110110110110110110111)
2026-05-20 09:05:23,465 DEBUG [backend.app.services.bambu_mqtt] [-] [[SERIAL]] Received gcode_state: RUNNING, gcode_file: /data/Metadata/plate_1.gcode, subtask_name: Bomb_Busters_-_Kartenhalter
2026-05-20 09:05:23,465 DEBUG [backend.app.services.bambu_mqtt] [-] [[SERIAL]] AMS dict fields: {'ams_exist_bits': '11', 'ams_exist_bits_raw': '11', 'cali_id': 255, 'cali_stat': 0, 'cfs': [2, 9, 3, 4, 5, 7], 'insert_flag': True, 'power_on_flag': True, 'tray_exist_bits': '1000f', 'tray_hall_out_bits': '10008', 'tray_is_bbl_bits': '1000d', 'tray_now': '0', 'tray_pre': '0', 'tray_read_done_bits': '1000f', 'tray_reading_bits': '0', 'tray_tar': '0', 'unbind_ams_stat': 0, 'version': 10185}
2026-05-20 09:05:23,465 DEBUG [backend.app.services.bambu_mqtt] [-] [[SERIAL]] tray_now updated: 128
2026-05-20 09:05:23,465 DEBUG [backend.app.services.bambu_mqtt] [-] [[SERIAL]] Merged AMS data: 2 new units, 2 total
2026-05-20 09:05:23,465 DEBUG [backend.app.services.bambu_mqtt] [-] [[SERIAL]] ams_status: 768 (main=3, sub=0)
2026-05-20 09:05:23,465 DEBUG [backend.app.services.bambu_mqtt] [-] [[SERIAL]] Received command response: push_status
2026-05-20 09:05:23,465 DEBUG [backend.app.services.bambu_mqtt] [-] [[SERIAL]] device.extruder.state=33042 (switch_state bits 12-14: 0)
2026-05-20 09:05:23,465 DEBUG [backend.app.services.bambu_mqtt] [-] [[SERIAL]] info.temp direct: 31°C (heater OFF)
2026-05-20 09:05:23,465 DEBUG [backend.app.services.bambu_mqtt] [-] [[SERIAL]] ctc_info keys: ['temp']
2026-05-20 09:05:23,465 DEBUG [backend.app.services.bambu_mqtt] [-] [[SERIAL]] Chamber heating calculated: target=0.0, current=31.0, heating=False, respect_local=False
2026-05-20 09:05:23,465 DEBUG [backend.app.services.bambu_mqtt] [-] [[SERIAL]] Chamber temp updated to: 31.0, target: 0.0, heating: False
2026-05-20 09:05:23,465 DEBUG [backend.app.services.bambu_mqtt] [-] [[SERIAL]] HMS data received: [{'attr': 83887616, 'code': 131184, 'ts_boot': 18433, 'ts_unix': '20260519032916'}, {'attr': 402661376, 'code': 131109, 'ts_boot': 113477328, 'ts_unix': '20260520110015'}]
2026-05-20 09:05:23,465 DEBUG [backend.app.services.bambu_mqtt] [-] [[SERIAL]] ipcam field: {'agora_service': 'disable', 'brtc_service': 'enable', 'bs_state': 0, 'cap_pic_enable': 'invalid', 'ipcam_dev': '1', 'ipcam_record': 'disable', 'laser_preview_res': 7, 'liveview_preview': True, 'mode_bits': 2, 'resolution': '1080p', 'rtsp_url': 'rtsps://[IP]:322/streaming/live/1', 'timelapse': 'enable', 'tl_external_free_kb': 36553856, 'tl_external_total_kb': 125297920, 'tl_internal_free_kb': 630385, 'tl_internal_total_kb': 962560, 'tl_store_hpd_type': 2, 'tl_store_path_type': 2, 'tutk_server': 'disable'}
2026-05-20 09:05:23,465 DEBUG [backend.app.services.bambu_mqtt] [-] [[SERIAL]] Timelapse detected during print (from ipcam)
2026-05-20 09:05:23,465 DEBUG [backend.app.services.bambu_mqtt] [-] [[SERIAL]] wifi_signal received: -64dBm
2026-05-20 09:05:23,465 DEBUG [backend.app.services.bambu_mqtt] [-] [[SERIAL]] lights_report: [{'mode': 'on', 'node': 'chamber_light'}, {'mode': 'flashing', 'node': 'work_light'}]
2026-05-20 09:05:23,465 DEBUG [backend.app.services.bambu_mqtt] [-] [[SERIAL]] MQTT mapping field: [3, 32768]
2026-05-20 09:05:23,465 DEBUG [backend.app.services.bambu_mqtt] [-] [[SERIAL]] gcode_state: RUNNING -> RUNNING, file: /data/Metadata/plate_1.gcode, subtask: Bomb_Busters_-_Kartenhalter
2026-05-20 09:05:24,802 DEBUG [backend.app.services.bambu_mqtt] [-] [[SERIAL]] Found xcam inside print data: {'allow_skip_parts': False, 'buildplate_marker_detector': True, 'cfg': 8089015, 'first_layer_inspector': True, 'halt_print_sensitivity': 'medium', 'print_halt': True, 'printing_monitor': True, 'spaghetti_detector': True}
2026-05-20 09:05:24,802 DEBUG [backend.app.services.bambu_mqtt] [-] [[SERIAL]] Parsing xcam data - all fields: ['allow_skip_parts', 'buildplate_marker_detector', 'cfg', 'first_layer_inspector', 'halt_print_sensitivity', 'print_halt', 'printing_monitor', 'spaghetti_detector']
2026-05-20 09:05:24,802 DEBUG [backend.app.services.bambu_mqtt] [-] [[SERIAL]] xcam cfg bitmask: 8089015 (binary: 0b11110110110110110110111)
2026-05-20 09:05:24,802 DEBUG [backend.app.services.bambu_mqtt] [-] [[SERIAL]] Received gcode_state: RUNNING, gcode_file: /data/Metadata/plate_1.gcode, subtask_name: Bomb_Busters_-_Kartenhalter
2026-05-20 09:05:24,802 DEBUG [backend.app.services.bambu_mqtt] [-] [[SERIAL]] AMS dict fields: {'ams_exist_bits': '11', 'ams_exist_bits_raw': '11', 'cali_id': 255, 'cali_stat': 0, 'cfs': [2, 9, 3, 4, 5, 7], 'insert_flag': True, 'power_on_flag': True, 'tray_exist_bits': '1000f', 'tray_hall_out_bits': '10008', 'tray_is_bbl_bits': '1000d', 'tray_now': '0', 'tray_pre': '0', 'tray_read_done_bits': '1000f', 'tray_reading_bits': '0', 'tray_tar': '0', 'unbind_ams_stat': 0, 'version': 10185}
2026-05-20 09:05:24,802 DEBUG [backend.app.services.bambu_mqtt] [-] [[SERIAL]] tray_now updated: 128
2026-05-20 09:05:24,802 DEBUG [backend.app.services.bambu_mqtt] [-] [[SERIAL]] Merged AMS data: 2 new units, 2 total
2026-05-20 09:05:24,802 DEBUG [backend.app.services.bambu_mqtt] [-] [[SERIAL]] ams_status: 768 (main=3, sub=0)
2026-05-20 09:05:24,803 DEBUG [backend.app.services.bambu_mqtt] [-] [[SERIAL]] Received command response: push_status
2026-05-20 09:05:24,803 DEBUG [backend.app.services.bambu_mqtt] [-] [[SERIAL]] device.extruder.state=33042 (switch_state bits 12-14: 0)
2026-05-20 09:05:24,803 DEBUG [backend.app.services.bambu_mqtt] [-] [[SERIAL]] info.temp direct: 31°C (heater OFF)
2026-05-20 09:05:24,803 DEBUG [backend.app.services.bambu_mqtt] [-] [[SERIAL]] ctc_info keys: ['temp']
2026-05-20 09:05:24,803 DEBUG [backend.app.services.bambu_mqtt] [-] [[SERIAL]] Chamber heating calculated: target=0.0, current=31.0, heating=False, respect_local=False
2026-05-20 09:05:24,803 DEBUG [backend.app.services.bambu_mqtt] [-] [[SERIAL]] Chamber temp updated to: 31.0, target: 0.0, heating: False
2026-05-20 09:05:24,803 DEBUG [backend.app.services.bambu_mqtt] [-] [[SERIAL]] HMS data received: [{'attr': 83887616, 'code': 131184, 'ts_boot': 18433, 'ts_unix': '20260519032916'}, {'attr': 402661376, 'code': 131109, 'ts_boot': 113477328, 'ts_unix': '20260520110015'}]
2026-05-20 09:05:24,803 DEBUG [backend.app.services.bambu_mqtt] [-] [[SERIAL]] ipcam field: {'agora_service': 'disable', 'brtc_service': 'enable', 'bs_state': 0, 'cap_pic_enable': 'invalid', 'ipcam_dev': '1', 'ipcam_record': 'disable', 'laser_preview_res': 7, 'liveview_preview': True, 'mode_bits': 2, 'resolution': '1080p', 'rtsp_url': 'rtsps://[IP]:322/streaming/live/1', 'timelapse': 'enable', 'tl_external_free_kb': 36553856, 'tl_external_total_kb': 125297920, 'tl_internal_free_kb': 630385, 'tl_internal_total_kb': 962560, 'tl_store_hpd_type': 2, 'tl_store_path_type': 2, 'tutk_server': 'disable'}
2026-05-20 09:05:24,803 DEBUG [backend.app.services.bambu_mqtt] [-] [[SERIAL]] Timelapse detected during print (from ipcam)
2026-05-20 09:05:24,803 DEBUG [backend.app.services.bambu_mqtt] [-] [[SERIAL]] wifi_signal received: -64dBm
2026-05-20 09:05:24,803 DEBUG [backend.app.services.bambu_mqtt] [-] [[SERIAL]] lights_report: [{'mode': 'on', 'node': 'chamber_light'}, {'mode': 'flashing', 'node': 'work_light'}]
2026-05-20 09:05:24,804 DEBUG [backend.app.services.bambu_mqtt] [-] [[SERIAL]] MQTT mapping field: [3, 32768]
2026-05-20 09:05:24,804 DEBUG [backend.app.services.bambu_mqtt] [-] [[SERIAL]] gcode_state: RUNNING -> RUNNING, file: /data/Metadata/plate_1.gcode, subtask: Bomb_Busters_-_Kartenhalter
2026-05-20 09:05:25,917 DEBUG [backend.app.services.bambu_mqtt] [-] [[SERIAL]] Found xcam inside print data: {'allow_skip_parts': False, 'buildplate_marker_detector': True, 'cfg': 8089015, 'first_layer_inspector': True, 'halt_print_sensitivity': 'medium', 'print_halt': True, 'printing_monitor': True, 'spaghetti_detector': True}
2026-05-20 09:05:25,917 DEBUG [backend.app.services.bambu_mqtt] [-] [[SERIAL]] Parsing xcam data - all fields: ['allow_skip_parts', 'buildplate_marker_detector', 'cfg', 'first_layer_inspector', 'halt_print_sensitivity', 'print_halt', 'printing_monitor', 'spaghetti_detector']
2026-05-20 09:05:25,917 DEBUG [backend.app.services.bambu_mqtt] [-] [[SERIAL]] xcam cfg bitmask: 8089015 (binary: 0b11110110110110110110111)
2026-05-20 09:05:25,917 DEBUG [backend.app.services.bambu_mqtt] [-] [[SERIAL]] Received gcode_state: RUNNING, gcode_file: /data/Metadata/plate_1.gcode, subtask_name: Bomb_Busters_-_Kartenhalter
2026-05-20 09:05:25,917 DEBUG [backend.app.services.bambu_mqtt] [-] [[SERIAL]] AMS dict fields: {'ams_exist_bits': '11', 'ams_exist_bits_raw': '11', 'cali_id': 255, 'cali_stat': 0, 'cfs': [2, 9, 3, 4, 5, 7], 'insert_flag': True, 'power_on_flag': True, 'tray_exist_bits': '1000f', 'tray_hall_out_bits': '10008', 'tray_is_bbl_bits': '1000d', 'tray_now': '0', 'tray_pre': '0', 'tray_read_done_bits': '1000f', 'tray_reading_bits': '0', 'tray_tar': '0', 'unbind_ams_stat': 0, 'version': 10186}
2026-05-20 09:05:25,917 DEBUG [backend.app.services.bambu_mqtt] [-] [[SERIAL]] tray_now updated: 128
2026-05-20 09:05:25,917 DEBUG [backend.app.services.bambu_mqtt] [-] [[SERIAL]] Merged AMS data: 2 new units, 2 total
2026-05-20 09:05:25,917 DEBUG [backend.app.services.bambu_mqtt] [-] [[SERIAL]] ams_status: 768 (main=3, sub=0)
2026-05-20 09:05:25,917 DEBUG [backend.app.services.bambu_mqtt] [-] [[SERIAL]] Received command response: push_status
2026-05-20 09:05:25,917 DEBUG [backend.app.services.bambu_mqtt] [-] [[SERIAL]] device.extruder.state=33042 (switch_state bits 12-14: 0)
2026-05-20 09:05:25,917 DEBUG [backend.app.services.bambu_mqtt] [-] [[SERIAL]] info.temp direct: 31°C (heater OFF)
2026-05-20 09:05:25,918 DEBUG [backend.app.services.bambu_mqtt] [-] [[SERIAL]] ctc_info keys: ['temp']
2026-05-20 09:05:25,918 DEBUG [backend.app.services.bambu_mqtt] [-] [[SERIAL]] Chamber heating calculated: target=0.0, current=31.0, heating=False, respect_local=False
2026-05-20 09:05:25,918 DEBUG [backend.app.services.bambu_mqtt] [-] [[SERIAL]] Chamber temp updated to: 31.0, target: 0.0, heating: False
2026-05-20 09:05:25,918 DEBUG [backend.app.services.bambu_mqtt] [-] [[SERIAL]] HMS data received: [{'attr': 83887616, 'code': 131184, 'ts_boot': 18433, 'ts_unix': '20260519032916'}, {'attr': 402661376, 'code': 131109, 'ts_boot': 113477328, 'ts_unix': '20260520110015'}]
2026-05-20 09:05:25,918 DEBUG [backend.app.services.bambu_mqtt] [-] [[SERIAL]] ipcam field: {'agora_service': 'disable', 'brtc_service': 'enable', 'bs_state': 0, 'cap_pic_enable': 'invalid', 'ipcam_dev': '1', 'ipcam_record': 'disable', 'laser_preview_res': 7, 'liveview_preview': True, 'mode_bits': 2, 'resolution': '1080p', 'rtsp_url': 'rtsps://[IP]:322/streaming/live/1', 'timelapse': 'enable', 'tl_external_free_kb': 36553856, 'tl_external_total_kb': 125297920, 'tl_internal_free_kb': 630385, 'tl_internal_total_kb': 962560, 'tl_store_hpd_type': 2, 'tl_store_path_type': 2, 'tutk_server': 'disable'}
2026-05-20 09:05:25,918 DEBUG [backend.app.services.bambu_mqtt] [-] [[SERIAL]] Timelapse detected during print (from ipcam)
2026-05-20 09:05:25,918 DEBUG [backend.app.services.bambu_mqtt] [-] [[SERIAL]] wifi_signal received: -64dBm
2026-05-20 09:05:25,918 DEBUG [backend.app.services.bambu_mqtt] [-] [[SERIAL]] lights_report: [{'mode': 'on', 'node': 'chamber_light'}, {'mode': 'flashing', 'node': 'work_light'}]
2026-05-20 09:05:25,918 DEBUG [backend.app.services.bambu_mqtt] [-] [[SERIAL]] MQTT mapping field: [3, 32768]
2026-05-20 09:05:25,918 DEBUG [backend.app.services.bambu_mqtt] [-] [[SERIAL]] gcode_state: RUNNING -> RUNNING, file: /data/Metadata/plate_1.gcode, subtask: Bomb_Busters_-_Kartenhalter