2026-05-15 14:05:08,464 DEBUG [backend.app.services.bambu_mqtt] [-] [[SERIAL]] Received gcode_state: FINISH, gcode_file: , subtask_name: cubecircle
2026-05-15 14:05:08,464 DEBUG [backend.app.services.bambu_mqtt] [-] [[SERIAL]] AMS dict fields: {'ams_exist_bits': '1', 'tray_exist_bits': 'f', 'tray_is_bbl_bits': 'f', 'tray_tar': '255', 'tray_now': '255', 'tray_pre': '255', 'tray_read_done_bits': 'f', 'tray_reading_bits': '0', 'version': 43, 'insert_flag': True, 'power_on_flag': True}
2026-05-15 14:05:08,465 DEBUG [backend.app.services.bambu_mqtt] [-] [[SERIAL]] tray_now updated: 255
2026-05-15 14:05:08,465 DEBUG [backend.app.services.bambu_mqtt] [-] [[SERIAL]] Merged AMS data: 1 new units, 1 total
2026-05-15 14:05:08,465 DEBUG [backend.app.services.bambu_mqtt] [-] [[SERIAL]] ams_status: 0 (main=0, sub=0)
2026-05-15 14:05:08,465 DEBUG [backend.app.services.bambu_mqtt] [-] [[SERIAL]] Received command response: push_status
2026-05-15 14:05:08,465 DEBUG [backend.app.services.bambu_mqtt] [-] [[SERIAL]] chamber_temper raw value: 5.0
2026-05-15 14:05:08,465 DEBUG [backend.app.services.bambu_mqtt] [-] [[SERIAL]] chamber_temper direct value: 5.0°C (heater OFF)
2026-05-15 14:05:08,466 DEBUG [backend.app.services.bambu_mqtt] [-] [[SERIAL]] Chamber heating calculated: target=0.0, current=5.0, heating=False, respect_local=False
2026-05-15 14:05:08,466 DEBUG [backend.app.services.bambu_mqtt] [-] [[SERIAL]] Chamber temp updated to: 5.0, target: 0.0, heating: False
2026-05-15 14:05:08,466 DEBUG [backend.app.services.bambu_mqtt] [-] [[SERIAL]] HMS data received: []
2026-05-15 14:05:08,466 DEBUG [backend.app.services.bambu_mqtt] [-] [[SERIAL]] ipcam field: {'ipcam_dev': '1', 'ipcam_record': 'enable', 'timelapse': 'disable', 'resolution': '', 'tutk_server': 'disable', 'mode_bits': 3}
2026-05-15 14:05:08,467 DEBUG [backend.app.services.bambu_mqtt] [-] [[SERIAL]] wifi_signal received: -64dBm
2026-05-15 14:05:08,467 DEBUG [backend.app.services.bambu_mqtt] [-] [[SERIAL]] lights_report: [{'node': 'chamber_light', 'mode': 'on'}]
2026-05-15 14:05:08,467 DEBUG [backend.app.services.bambu_mqtt] [-] [[SERIAL]] gcode_state: FINISH -> FINISH, file: , subtask: cubecircle
2026-05-15 14:05:10,484 DEBUG [backend.app.services.bambu_mqtt] [-] [[SERIAL]] Received command response: push_status
2026-05-15 14:05:10,485 DEBUG [backend.app.services.bambu_mqtt] [-] [[SERIAL]] wifi_signal received: -63dBm
2026-05-15 14:05:14,555 DEBUG [backend.app.services.bambu_mqtt] [-] [[SERIAL]] Received command response: push_status
2026-05-15 14:05:14,556 DEBUG [backend.app.services.bambu_mqtt] [-] [[SERIAL]] wifi_signal received: -64dBm
2026-05-15 14:05:16,590 DEBUG [backend.app.services.bambu_mqtt] [-] [[SERIAL]] Received command response: push_status
2026-05-15 14:05:16,591 DEBUG [backend.app.services.bambu_mqtt] [-] [[SERIAL]] wifi_signal received: -63dBm
2026-05-15 14:05:18,621 DEBUG [backend.app.services.bambu_mqtt] [-] [[SERIAL]] Received command response: push_status
2026-05-15 14:05:20,648 DEBUG [backend.app.services.bambu_mqtt] [-] [[SERIAL]] Received command response: push_status
2026-05-15 14:05:20,648 DEBUG [backend.app.services.bambu_mqtt] [-] [[SERIAL]] wifi_signal received: -64dBm
2026-05-15 14:05:23,751 DEBUG [backend.app.services.bambu_mqtt] [-] [[SERIAL]] Received gcode_state: FINISH, gcode_file: , subtask_name: cubecircle
2026-05-15 14:05:23,751 DEBUG [backend.app.services.bambu_mqtt] [-] [[SERIAL]] AMS dict fields: {'ams_exist_bits': '1', 'tray_exist_bits': 'f', 'tray_is_bbl_bits': 'f', 'tray_tar': '255', 'tray_now': '255', 'tray_pre': '255', 'tray_read_done_bits': 'f', 'tray_reading_bits': '0', 'version': 43, 'insert_flag': True, 'power_on_flag': True}
2026-05-15 14:05:23,751 DEBUG [backend.app.services.bambu_mqtt] [-] [[SERIAL]] tray_now updated: 255
2026-05-15 14:05:23,751 DEBUG [backend.app.services.bambu_mqtt] [-] [[SERIAL]] Merged AMS data: 1 new units, 1 total
2026-05-15 14:05:23,752 DEBUG [backend.app.services.bambu_mqtt] [-] [[SERIAL]] ams_status: 0 (main=0, sub=0)
2026-05-15 14:05:23,752 DEBUG [backend.app.services.bambu_mqtt] [-] [[SERIAL]] Received command response: push_status
2026-05-15 14:05:23,752 DEBUG [backend.app.services.bambu_mqtt] [-] [[SERIAL]] chamber_temper raw value: 5.0
2026-05-15 14:05:23,752 DEBUG [backend.app.services.bambu_mqtt] [-] [[SERIAL]] chamber_temper direct value: 5.0°C (heater OFF)
2026-05-15 14:05:23,752 DEBUG [backend.app.services.bambu_mqtt] [-] [[SERIAL]] Chamber heating calculated: target=0.0, current=5.0, heating=False, respect_local=False
2026-05-15 14:05:23,753 DEBUG [backend.app.services.bambu_mqtt] [-] [[SERIAL]] Chamber temp updated to: 5.0, target: 0.0, heating: False
2026-05-15 14:05:23,753 DEBUG [backend.app.services.bambu_mqtt] [-] [[SERIAL]] HMS data received: []
2026-05-15 14:05:23,753 DEBUG [backend.app.services.bambu_mqtt] [-] [[SERIAL]] ipcam field: {'ipcam_dev': '1', 'ipcam_record': 'enable', 'timelapse': 'disable', 'resolution': '', 'tutk_server': 'disable', 'mode_bits': 3}
2026-05-15 14:05:23,753 DEBUG [backend.app.services.bambu_mqtt] [-] [[SERIAL]] wifi_signal received: -64dBm
2026-05-15 14:05:23,753 DEBUG [backend.app.services.bambu_mqtt] [-] [[SERIAL]] lights_report: [{'node': 'chamber_light', 'mode': 'on'}]
2026-05-15 14:05:23,754 DEBUG [backend.app.services.bambu_mqtt] [-] [[SERIAL]] gcode_state: FINISH -> FINISH, file: , subtask: cubecircle
2026-05-15 14:05:24,801 DEBUG [backend.app.services.bambu_mqtt] [-] [[SERIAL]] Received gcode_state: FINISH, gcode_file: , subtask_name: cubecircle
2026-05-15 14:05:24,801 DEBUG [backend.app.services.bambu_mqtt] [-] [[SERIAL]] AMS dict fields: {'ams_exist_bits': '1', 'tray_exist_bits': 'f', 'tray_is_bbl_bits': 'f', 'tray_tar': '255', 'tray_now': '255', 'tray_pre': '255', 'tray_read_done_bits': 'f', 'tray_reading_bits': '0', 'version': 43, 'insert_flag': True, 'power_on_flag': True}
2026-05-15 14:05:24,801 DEBUG [backend.app.services.bambu_mqtt] [-] [[SERIAL]] tray_now updated: 255
2026-05-15 14:05:24,802 DEBUG [backend.app.services.bambu_mqtt] [-] [[SERIAL]] Merged AMS data: 1 new units, 1 total
2026-05-15 14:05:24,802 DEBUG [backend.app.services.bambu_mqtt] [-] [[SERIAL]] ams_status: 0 (main=0, sub=0)
2026-05-15 14:05:24,802 DEBUG [backend.app.services.bambu_mqtt] [-] [[SERIAL]] Received command response: push_status
2026-05-15 14:05:24,802 DEBUG [backend.app.services.bambu_mqtt] [-] [[SERIAL]] chamber_temper raw value: 5.0
2026-05-15 14:05:24,802 DEBUG [backend.app.services.bambu_mqtt] [-] [[SERIAL]] chamber_temper direct value: 5.0°C (heater OFF)
2026-05-15 14:05:24,802 DEBUG [backend.app.services.bambu_mqtt] [-] [[SERIAL]] Chamber heating calculated: target=0.0, current=5.0, heating=False, respect_local=False
2026-05-15 14:05:24,802 DEBUG [backend.app.services.bambu_mqtt] [-] [[SERIAL]] Chamber temp updated to: 5.0, target: 0.0, heating: False
2026-05-15 14:05:24,803 DEBUG [backend.app.services.bambu_mqtt] [-] [[SERIAL]] HMS data received: []
2026-05-15 14:05:24,803 DEBUG [backend.app.services.bambu_mqtt] [-] [[SERIAL]] ipcam field: {'ipcam_dev': '1', 'ipcam_record': 'enable', 'timelapse': 'disable', 'resolution': '', 'tutk_server': 'disable', 'mode_bits': 3}
2026-05-15 14:05:24,803 DEBUG [backend.app.services.bambu_mqtt] [-] [[SERIAL]] wifi_signal received: -64dBm
2026-05-15 14:05:24,803 DEBUG [backend.app.services.bambu_mqtt] [-] [[SERIAL]] lights_report: [{'node': 'chamber_light', 'mode': 'on'}]
2026-05-15 14:05:24,803 DEBUG [backend.app.services.bambu_mqtt] [-] [[SERIAL]] gcode_state: FINISH -> FINISH, file: , subtask: cubecircle
2026-05-15 14:05:28,877 DEBUG [backend.app.services.bambu_mqtt] [-] [[SERIAL]] Received command response: push_status
2026-05-15 14:05:28,878 DEBUG [backend.app.services.bambu_mqtt] [-] [[SERIAL]] wifi_signal received: -63dBm
2026-05-15 14:05:32,926 DEBUG [backend.app.services.bambu_mqtt] [-] [[SERIAL]] Received command response: push_status
2026-05-15 14:05:32,927 DEBUG [backend.app.services.bambu_mqtt] [-] [[SERIAL]] wifi_signal received: -64dBm
2026-05-15 14:05:34,951 DEBUG [backend.app.services.bambu_mqtt] [-] [[SERIAL]] Received command response: push_status
2026-05-15 14:05:34,951 DEBUG [backend.app.services.bambu_mqtt] [-] [[SERIAL]] wifi_signal received: -63dBm
2026-05-15 14:05:37,431 INFO [backend.app.main] [-] Recorded 1 AMS sensor history entries
2026-05-15 14:05:39,042 DEBUG [backend.app.services.bambu_mqtt] [-] [[SERIAL]] Received gcode_state: FINISH, gcode_file: , subtask_name: cubecircle
2026-05-15 14:05:39,042 DEBUG [backend.app.services.bambu_mqtt] [-] [[SERIAL]] AMS dict fields: {'ams_exist_bits': '1', 'tray_exist_bits': 'f', 'tray_is_bbl_bits': 'f', 'tray_tar': '255', 'tray_now': '255', 'tray_pre': '255', 'tray_read_done_bits': 'f', 'tray_reading_bits': '0', 'version': 43, 'insert_flag': True, 'power_on_flag': True}
2026-05-15 14:05:39,042 DEBUG [backend.app.services.bambu_mqtt] [-] [[SERIAL]] tray_now updated: 255
2026-05-15 14:05:39,042 DEBUG [backend.app.services.bambu_mqtt] [-] [[SERIAL]] Merged AMS data: 1 new units, 1 total
2026-05-15 14:05:39,043 DEBUG [backend.app.services.bambu_mqtt] [-] [[SERIAL]] ams_status: 0 (main=0, sub=0)
2026-05-15 14:05:39,043 DEBUG [backend.app.services.bambu_mqtt] [-] [[SERIAL]] Received command response: push_status
2026-05-15 14:05:39,043 DEBUG [backend.app.services.bambu_mqtt] [-] [[SERIAL]] chamber_temper raw value: 5.0
2026-05-15 14:05:39,043 DEBUG [backend.app.services.bambu_mqtt] [-] [[SERIAL]] chamber_temper direct value: 5.0°C (heater OFF)
2026-05-15 14:05:39,043 DEBUG [backend.app.services.bambu_mqtt] [-] [[SERIAL]] Chamber heating calculated: target=0.0, current=5.0, heating=False, respect_local=False
2026-05-15 14:05:39,044 DEBUG [backend.app.services.bambu_mqtt] [-] [[SERIAL]] Chamber temp updated to: 5.0, target: 0.0, heating: False
2026-05-15 14:05:39,044 DEBUG [backend.app.services.bambu_mqtt] [-] [[SERIAL]] HMS data received: []
2026-05-15 14:05:39,044 DEBUG [backend.app.services.bambu_mqtt] [-] [[SERIAL]] ipcam field: {'ipcam_dev': '1', 'ipcam_record': 'enable', 'timelapse': 'disable', 'resolution': '', 'tutk_server': 'disable', 'mode_bits': 3}
2026-05-15 14:05:39,044 DEBUG [backend.app.services.bambu_mqtt] [-] [[SERIAL]] wifi_signal received: -63dBm
2026-05-15 14:05:39,044 DEBUG [backend.app.services.bambu_mqtt] [-] [[SERIAL]] lights_report: [{'node': 'chamber_light', 'mode': 'on'}]
2026-05-15 14:05:39,045 DEBUG [backend.app.services.bambu_mqtt] [-] [[SERIAL]] gcode_state: FINISH -> FINISH, file: , subtask: cubecircle
2026-05-15 14:05:40,118 DEBUG [backend.app.services.bambu_mqtt] [-] [[SERIAL]] Received gcode_state: FINISH, gcode_file: , subtask_name: cubecircle
2026-05-15 14:05:40,118 DEBUG [backend.app.services.bambu_mqtt] [-] [[SERIAL]] AMS dict fields: {'ams_exist_bits': '1', 'tray_exist_bits': 'f', 'tray_is_bbl_bits': 'f', 'tray_tar': '255', 'tray_now': '255', 'tray_pre': '255', 'tray_read_done_bits': 'f', 'tray_reading_bits': '0', 'version': 43, 'insert_flag': True, 'power_on_flag': True}
2026-05-15 14:05:40,119 DEBUG [backend.app.services.bambu_mqtt] [-] [[SERIAL]] tray_now updated: 255
2026-05-15 14:05:40,119 DEBUG [backend.app.services.bambu_mqtt] [-] [[SERIAL]] Merged AMS data: 1 new units, 1 total
2026-05-15 14:05:40,119 DEBUG [backend.app.services.bambu_mqtt] [-] [[SERIAL]] ams_status: 0 (main=0, sub=0)
2026-05-15 14:05:40,119 DEBUG [backend.app.services.bambu_mqtt] [-] [[SERIAL]] Received command response: push_status
2026-05-15 14:05:40,119 DEBUG [backend.app.services.bambu_mqtt] [-] [[SERIAL]] chamber_temper raw value: 5.0
2026-05-15 14:05:40,119 DEBUG [backend.app.services.bambu_mqtt] [-] [[SERIAL]] chamber_temper direct value: 5.0°C (heater OFF)
2026-05-15 14:05:40,120 DEBUG [backend.app.services.bambu_mqtt] [-] [[SERIAL]] Chamber heating calculated: target=0.0, current=5.0, heating=False, respect_local=False
2026-05-15 14:05:40,120 DEBUG [backend.app.services.bambu_mqtt] [-] [[SERIAL]] Chamber temp updated to: 5.0, target: 0.0, heating: False
2026-05-15 14:05:40,120 DEBUG [backend.app.services.bambu_mqtt] [-] [[SERIAL]] HMS data received: []
2026-05-15 14:05:40,120 DEBUG [backend.app.services.bambu_mqtt] [-] [[SERIAL]] ipcam field: {'ipcam_dev': '1', 'ipcam_record': 'enable', 'timelapse': 'disable', 'resolution': '', 'tutk_server': 'disable', 'mode_bits': 3}
2026-05-15 14:05:40,120 DEBUG [backend.app.services.bambu_mqtt] [-] [[SERIAL]] wifi_signal received: -64dBm
2026-05-15 14:05:40,120 DEBUG [backend.app.services.bambu_mqtt] [-] [[SERIAL]] lights_report: [{'node': 'chamber_light', 'mode': 'on'}]
2026-05-15 14:05:40,121 DEBUG [backend.app.services.bambu_mqtt] [-] [[SERIAL]] gcode_state: FINISH -> FINISH, file: , subtask: cubecircle
2026-05-15 14:05:42,152 DEBUG [backend.app.services.bambu_mqtt] [-] [[SERIAL]] Received command response: push_status
2026-05-15 14:05:42,153 DEBUG [backend.app.services.bambu_mqtt] [-] [[SERIAL]] wifi_signal received: -65dBm
2026-05-15 14:05:46,198 DEBUG [backend.app.services.bambu_mqtt] [-] [[SERIAL]] Received command response: push_status
2026-05-15 14:05:46,198 DEBUG [backend.app.services.bambu_mqtt] [-] [[SERIAL]] wifi_signal received: -64dBm
2026-05-15 14:05:48,223 DEBUG [backend.app.services.bambu_mqtt] [-] [[SERIAL]] Received command response: push_status
2026-05-15 14:05:48,223 DEBUG [backend.app.services.bambu_mqtt] [-] [[SERIAL]] wifi_signal received: -63dBm
2026-05-15 14:05:50,255 DEBUG [backend.app.services.bambu_mqtt] [-] [[SERIAL]] Received command response: push_status
2026-05-15 14:05:50,255 DEBUG [backend.app.services.bambu_mqtt] [-] [[SERIAL]] wifi_signal received: -65dBm
2026-05-15 14:05:52,288 DEBUG [backend.app.services.bambu_mqtt] [-] [[SERIAL]] Received command response: push_status
2026-05-15 14:05:52,288 DEBUG [backend.app.services.bambu_mqtt] [-] [[SERIAL]] wifi_signal received: -64dBm
2026-05-15 14:05:55,396 DEBUG [backend.app.services.bambu_mqtt] [-] [[SERIAL]] Received gcode_state: FINISH, gcode_file: , subtask_name: cubecircle
2026-05-15 14:05:55,397 DEBUG [backend.app.services.bambu_mqtt] [-] [[SERIAL]] AMS dict fields: {'ams_exist_bits': '1', 'tray_exist_bits': 'f', 'tray_is_bbl_bits': 'f', 'tray_tar': '255', 'tray_now': '255', 'tray_pre': '255', 'tray_read_done_bits': 'f', 'tray_reading_bits': '0', 'version': 43, 'insert_flag': True, 'power_on_flag': True}
2026-05-15 14:05:55,397 DEBUG [backend.app.services.bambu_mqtt] [-] [[SERIAL]] tray_now updated: 255
2026-05-15 14:05:55,397 DEBUG [backend.app.services.bambu_mqtt] [-] [[SERIAL]] Merged AMS data: 1 new units, 1 total
2026-05-15 14:05:55,397 DEBUG [backend.app.services.bambu_mqtt] [-] [[SERIAL]] ams_status: 0 (main=0, sub=0)
2026-05-15 14:05:55,397 DEBUG [backend.app.services.bambu_mqtt] [-] [[SERIAL]] Received command response: push_status
2026-05-15 14:05:55,398 DEBUG [backend.app.services.bambu_mqtt] [-] [[SERIAL]] chamber_temper raw value: 5.0
2026-05-15 14:05:55,398 DEBUG [backend.app.services.bambu_mqtt] [-] [[SERIAL]] chamber_temper direct value: 5.0°C (heater OFF)
2026-05-15 14:05:55,398 DEBUG [backend.app.services.bambu_mqtt] [-] [[SERIAL]] Chamber heating calculated: target=0.0, current=5.0, heating=False, respect_local=False
2026-05-15 14:05:55,398 DEBUG [backend.app.services.bambu_mqtt] [-] [[SERIAL]] Chamber temp updated to: 5.0, target: 0.0, heating: False
2026-05-15 14:05:55,398 DEBUG [backend.app.services.bambu_mqtt] [-] [[SERIAL]] HMS data received: []
2026-05-15 14:05:55,399 DEBUG [backend.app.services.bambu_mqtt] [-] [[SERIAL]] ipcam field: {'ipcam_dev': '1', 'ipcam_record': 'enable', 'timelapse': 'disable', 'resolution': '', 'tutk_server': 'disable', 'mode_bits': 3}
2026-05-15 14:05:55,399 DEBUG [backend.app.services.bambu_mqtt] [-] [[SERIAL]] wifi_signal received: -64dBm
2026-05-15 14:05:55,399 DEBUG [backend.app.services.bambu_mqtt] [-] [[SERIAL]] lights_report: [{'node': 'chamber_light', 'mode': 'on'}]
2026-05-15 14:05:55,399 DEBUG [backend.app.services.bambu_mqtt] [-] [[SERIAL]] gcode_state: FINISH -> FINISH, file: , subtask: cubecircle
2026-05-15 14:05:56,466 DEBUG [backend.app.services.bambu_mqtt] [-] [[SERIAL]] Received gcode_state: FINISH, gcode_file: , subtask_name: cubecircle
2026-05-15 14:05:56,466 DEBUG [backend.app.services.bambu_mqtt] [-] [[SERIAL]] AMS dict fields: {'ams_exist_bits': '1', 'tray_exist_bits': 'f', 'tray_is_bbl_bits': 'f', 'tray_tar': '255', 'tray_now': '255', 'tray_pre': '255', 'tray_read_done_bits': 'f', 'tray_reading_bits': '0', 'version': 43, 'insert_flag': True, 'power_on_flag': True}
2026-05-15 14:05:56,470 DEBUG [backend.app.services.bambu_mqtt] [-] [[SERIAL]] tray_now updated: 255
2026-05-15 14:05:56,470 DEBUG [backend.app.services.bambu_mqtt] [-] [[SERIAL]] Merged AMS data: 1 new units, 1 total
2026-05-15 14:05:56,470 DEBUG [backend.app.services.bambu_mqtt] [-] [[SERIAL]] ams_status: 0 (main=0, sub=0)
2026-05-15 14:05:56,470 DEBUG [backend.app.services.bambu_mqtt] [-] [[SERIAL]] Received command response: push_status
2026-05-15 14:05:56,470 DEBUG [backend.app.services.bambu_mqtt] [-] [[SERIAL]] chamber_temper raw value: 5.0
2026-05-15 14:05:56,471 DEBUG [backend.app.services.bambu_mqtt] [-] [[SERIAL]] chamber_temper direct value: 5.0°C (heater OFF)
2026-05-15 14:05:56,471 DEBUG [backend.app.services.bambu_mqtt] [-] [[SERIAL]] Chamber heating calculated: target=0.0, current=5.0, heating=False, respect_local=False
2026-05-15 14:05:56,471 DEBUG [backend.app.services.bambu_mqtt] [-] [[SERIAL]] Chamber temp updated to: 5.0, target: 0.0, heating: False
2026-05-15 14:05:56,471 DEBUG [backend.app.services.bambu_mqtt] [-] [[SERIAL]] HMS data received: []
2026-05-15 14:05:56,472 DEBUG [backend.app.services.bambu_mqtt] [-] [[SERIAL]] ipcam field: {'ipcam_dev': '1', 'ipcam_record': 'enable', 'timelapse': 'disable', 'resolution': '', 'tutk_server': 'disable', 'mode_bits': 3}
2026-05-15 14:05:56,472 DEBUG [backend.app.services.bambu_mqtt] [-] [[SERIAL]] wifi_signal received: -64dBm
2026-05-15 14:05:56,472 DEBUG [backend.app.services.bambu_mqtt] [-] [[SERIAL]] lights_report: [{'node': 'chamber_light', 'mode': 'on'}]
2026-05-15 14:05:56,472 DEBUG [backend.app.services.bambu_mqtt] [-] [[SERIAL]] gcode_state: FINISH -> FINISH, file: , subtask: cubecircle
2026-05-15 14:05:58,496 DEBUG [backend.app.services.bambu_mqtt] [-] [[SERIAL]] Received command response: push_status
2026-05-15 14:05:58,497 DEBUG [backend.app.services.bambu_mqtt] [-] [[SERIAL]] wifi_signal received: -63dBm
2026-05-15 14:06:00,525 DEBUG [backend.app.services.bambu_mqtt] [-] [[SERIAL]] Received command response: push_status
2026-05-15 14:06:00,525 DEBUG [backend.app.services.bambu_mqtt] [-] [[SERIAL]] wifi_signal received: -65dBm
2026-05-15 14:06:04,580 DEBUG [backend.app.services.bambu_mqtt] [-] [[SERIAL]] Received command response: push_status
2026-05-15 14:06:04,580 DEBUG [backend.app.services.bambu_mqtt] [-] [[SERIAL]] wifi_signal received: -64dBm
2026-05-15 14:06:05,140 WARNING [backend.app.services.background_dispatch] [-] Printer [PRINTER] (1) did not respond to print command within 90s (state still FINISH, subtask_id still 946572201) — printer may need restart
2026-05-15 14:06:05,140 WARNING [backend.app.services.bambu_mqtt] [-] [[SERIAL]] Forcing MQTT reconnect: print command unacknowledged after 90s (state still FINISH, gcode_file '')
2026-05-15 14:06:05,140 INFO [backend.app.services.bambu_mqtt] [-] [[SERIAL]] Disconnect callback after stale reconnect (expected), rc=Normal disconnection
2026-05-15 14:06:05,157 ERROR [backend.app.services.background_dispatch] [-] Background dispatch job 4 failed: Printer did not acknowledge print command — state still FINISH. Check the printer for a pending error (HMS code, plate-clear prompt, SD card) and try again.
Traceback (most recent call last):
  File "/app/backend/app/services/background_dispatch.py", line 371, in _run_active_job
    await self._process_job(job)
  File "/app/backend/app/services/background_dispatch.py", line 543, in _process_job
    await self._run_print_library_file(job)
  File "/app/backend/app/services/background_dispatch.py", line 917, in _run_print_library_file
    raise RuntimeError(
    ...<3 lines>...
    )
RuntimeError: Printer did not acknowledge print command — state still FINISH. Check the printer for a pending error (HMS code, plate-clear prompt, SD card) and try again.
2026-05-15 14:06:06,423 DEBUG [backend.app.services.bambu_mqtt] [-] [[SERIAL]] Requesting firmware version info
2026-05-15 14:06:06,424 DEBUG [backend.app.services.bambu_mqtt] [-] [[SERIAL]] Sending K-profile priming request
2026-05-15 14:06:06,585 DEBUG [backend.app.services.bambu_mqtt] [-] [[SERIAL]] Received gcode_state: FINISH, gcode_file: , subtask_name: cubecircle
2026-05-15 14:06:06,586 DEBUG [backend.app.services.bambu_mqtt] [-] [[SERIAL]] AMS dict fields: {'ams_exist_bits': '1', 'tray_exist_bits': 'f', 'tray_is_bbl_bits': 'f', 'tray_tar': '255', 'tray_now': '255', 'tray_pre': '255', 'tray_read_done_bits': 'f', 'tray_reading_bits': '0', 'version': 43, 'insert_flag': True, 'power_on_flag': True}
2026-05-15 14:06:06,586 DEBUG [backend.app.services.bambu_mqtt] [-] [[SERIAL]] tray_now updated: 255
2026-05-15 14:06:06,586 DEBUG [backend.app.services.bambu_mqtt] [-] [[SERIAL]] Merged AMS data: 1 new units, 1 total
2026-05-15 14:06:06,586 DEBUG [backend.app.services.bambu_mqtt] [-] [[SERIAL]] ams_status: 0 (main=0, sub=0)
2026-05-15 14:06:06,586 DEBUG [backend.app.services.bambu_mqtt] [-] [[SERIAL]] Received command response: push_status
2026-05-15 14:06:06,587 DEBUG [backend.app.services.bambu_mqtt] [-] [[SERIAL]] chamber_temper raw value: 5.0
2026-05-15 14:06:06,587 DEBUG [backend.app.services.bambu_mqtt] [-] [[SERIAL]] chamber_temper direct value: 5.0°C (heater OFF)
2026-05-15 14:06:06,587 DEBUG [backend.app.services.bambu_mqtt] [-] [[SERIAL]] Chamber heating calculated: target=0.0, current=5.0, heating=False, respect_local=False
2026-05-15 14:06:06,587 DEBUG [backend.app.services.bambu_mqtt] [-] [[SERIAL]] Chamber temp updated to: 5.0, target: 0.0, heating: False
2026-05-15 14:06:06,587 DEBUG [backend.app.services.bambu_mqtt] [-] [[SERIAL]] HMS data received: []
2026-05-15 14:06:06,588 DEBUG [backend.app.services.bambu_mqtt] [-] [[SERIAL]] ipcam field: {'ipcam_dev': '1', 'ipcam_record': 'enable', 'timelapse': 'disable', 'resolution': '', 'tutk_server': 'disable', 'mode_bits': 3}
2026-05-15 14:06:06,588 DEBUG [backend.app.services.bambu_mqtt] [-] [[SERIAL]] wifi_signal received: -64dBm
2026-05-15 14:06:06,588 DEBUG [backend.app.services.bambu_mqtt] [-] [[SERIAL]] lights_report: [{'node': 'chamber_light', 'mode': 'on'}]
2026-05-15 14:06:06,588 DEBUG [backend.app.services.bambu_mqtt] [-] [[SERIAL]] gcode_state: FINISH -> FINISH, file: , subtask: cubecircle
2026-05-15 14:06:06,589 DEBUG [backend.app.services.bambu_mqtt] [-] [[SERIAL]] AMS 0 firmware: 00.00.06.49
2026-05-15 14:06:06,589 DEBUG [backend.app.services.bambu_mqtt] [-] [[SERIAL]] Received command response: extrusion_cali_get
2026-05-15 14:06:11,657 DEBUG [backend.app.services.bambu_mqtt] [-] [[SERIAL]] Received gcode_state: FINISH, gcode_file: , subtask_name: cubecircle
2026-05-15 14:06:11,657 DEBUG [backend.app.services.bambu_mqtt] [-] [[SERIAL]] AMS dict fields: {'ams_exist_bits': '1', 'tray_exist_bits': 'f', 'tray_is_bbl_bits': 'f', 'tray_tar': '255', 'tray_now': '255', 'tray_pre': '255', 'tray_read_done_bits': 'f', 'tray_reading_bits': '0', 'version': 43, 'insert_flag': True, 'power_on_flag': True}
2026-05-15 14:06:11,657 DEBUG [backend.app.services.bambu_mqtt] [-] [[SERIAL]] tray_now updated: 255
2026-05-15 14:06:11,657 DEBUG [backend.app.services.bambu_mqtt] [-] [[SERIAL]] Merged AMS data: 1 new units, 1 total
2026-05-15 14:06:11,658 DEBUG [backend.app.services.bambu_mqtt] [-] [[SERIAL]] ams_status: 0 (main=0, sub=0)
2026-05-15 14:06:11,658 DEBUG [backend.app.services.bambu_mqtt] [-] [[SERIAL]] Received command response: push_status
2026-05-15 14:06:11,658 DEBUG [backend.app.services.bambu_mqtt] [-] [[SERIAL]] chamber_temper raw value: 5.0
2026-05-15 14:06:11,658 DEBUG [backend.app.services.bambu_mqtt] [-] [[SERIAL]] chamber_temper direct value: 5.0°C (heater OFF)
2026-05-15 14:06:11,658 DEBUG [backend.app.services.bambu_mqtt] [-] [[SERIAL]] Chamber heating calculated: target=0.0, current=5.0, heating=False, respect_local=False
2026-05-15 14:06:11,659 DEBUG [backend.app.services.bambu_mqtt] [-] [[SERIAL]] Chamber temp updated to: 5.0, target: 0.0, heating: False
2026-05-15 14:06:11,659 DEBUG [backend.app.services.bambu_mqtt] [-] [[SERIAL]] HMS data received: []
2026-05-15 14:06:11,659 DEBUG [backend.app.services.bambu_mqtt] [-] [[SERIAL]] ipcam field: {'ipcam_dev': '1', 'ipcam_record': 'enable', 'timelapse': 'disable', 'resolution': '', 'tutk_server': 'disable', 'mode_bits': 3}
2026-05-15 14:06:11,659 DEBUG [backend.app.services.bambu_mqtt] [-] [[SERIAL]] wifi_signal received: -64dBm
2026-05-15 14:06:11,659 DEBUG [backend.app.services.bambu_mqtt] [-] [[SERIAL]] lights_report: [{'node': 'chamber_light', 'mode': 'on'}]
2026-05-15 14:06:11,659 DEBUG [backend.app.services.bambu_mqtt] [-] [[SERIAL]] gcode_state: FINISH -> FINISH, file: , subtask: cubecircle
2026-05-15 14:06:12,720 DEBUG [backend.app.services.bambu_mqtt] [-] [[SERIAL]] Received gcode_state: FINISH, gcode_file: , subtask_name: cubecircle
2026-05-15 14:06:12,720 DEBUG [backend.app.services.bambu_mqtt] [-] [[SERIAL]] AMS dict fields: {'ams_exist_bits': '1', 'tray_exist_bits': 'f', 'tray_is_bbl_bits': 'f', 'tray_tar': '255', 'tray_now': '255', 'tray_pre': '255', 'tray_read_done_bits': 'f', 'tray_reading_bits': '0', 'version': 43, 'insert_flag': True, 'power_on_flag': True}
2026-05-15 14:06:12,720 DEBUG [backend.app.services.bambu_mqtt] [-] [[SERIAL]] tray_now updated: 255
2026-05-15 14:06:12,720 DEBUG [backend.app.services.bambu_mqtt] [-] [[SERIAL]] Merged AMS data: 1 new units, 1 total
2026-05-15 14:06:12,720 DEBUG [backend.app.services.bambu_mqtt] [-] [[SERIAL]] ams_status: 0 (main=0, sub=0)
2026-05-15 14:06:12,721 DEBUG [backend.app.services.bambu_mqtt] [-] [[SERIAL]] Received command response: push_status
2026-05-15 14:06:12,721 DEBUG [backend.app.services.bambu_mqtt] [-] [[SERIAL]] chamber_temper raw value: 5.0
2026-05-15 14:06:12,721 DEBUG [backend.app.services.bambu_mqtt] [-] [[SERIAL]] chamber_temper direct value: 5.0°C (heater OFF)
2026-05-15 14:06:12,721 DEBUG [backend.app.services.bambu_mqtt] [-] [[SERIAL]] Chamber heating calculated: target=0.0, current=5.0, heating=False, respect_local=False
2026-05-15 14:06:12,722 DEBUG [backend.app.services.bambu_mqtt] [-] [[SERIAL]] Chamber temp updated to: 5.0, target: 0.0, heating: False
2026-05-15 14:06:12,722 DEBUG [backend.app.services.bambu_mqtt] [-] [[SERIAL]] HMS data received: []
2026-05-15 14:06:12,722 DEBUG [backend.app.services.bambu_mqtt] [-] [[SERIAL]] ipcam field: {'ipcam_dev': '1', 'ipcam_record': 'enable', 'timelapse': 'disable', 'resolution': '', 'tutk_server': 'disable', 'mode_bits': 3}
2026-05-15 14:06:12,722 DEBUG [backend.app.services.bambu_mqtt] [-] [[SERIAL]] wifi_signal received: -64dBm
2026-05-15 14:06:12,722 DEBUG [backend.app.services.bambu_mqtt] [-] [[SERIAL]] lights_report: [{'node': 'chamber_light', 'mode': 'on'}]
2026-05-15 14:06:12,722 DEBUG [backend.app.services.bambu_mqtt] [-] [[SERIAL]] gcode_state: FINISH -> FINISH, file: , subtask: cubecircle