2026-05-14 22:52:21,697 DEBUG [backend.app.services.bambu_mqtt] [-] [[SERIAL]] ipcam field: {'agora_service': 'disable', 'brtc_service': 'enable', 'bs_state': 0, 'cap_pic_enable': 'invalid', 'ipcam_dev': '1', 'ipcam_record': 'enable', 'laser_preview_res': 6, 'mode_bits': 2, 'resolution': '1080p', 'rtsp_url': 'rtsps://[IP]:322/streaming/live/1', 'timelapse': 'disable', 'tl_store_hpd_type': 2, 'tl_store_path_type': 2, 'tutk_server': 'disable'}
2026-05-14 22:52:21,697 DEBUG [backend.app.services.bambu_mqtt] [-] [[SERIAL]] wifi_signal received: -61dBm
2026-05-14 22:52:21,697 DEBUG [backend.app.services.bambu_mqtt] [-] [[SERIAL]] lights_report: [{'mode': 'off', 'node': 'chamber_light'}, {'mode': 'flashing', 'node': 'work_light'}, {'mode': 'off', 'node': 'chamber_light2'}]
2026-05-14 22:52:21,698 DEBUG [backend.app.services.bambu_mqtt] [-] [[SERIAL]] MQTT mapping field: [257]
2026-05-14 22:52:21,698 DEBUG [backend.app.services.bambu_mqtt] [-] [[SERIAL]] gcode_state: FINISH -> FINISH, file: /data/Metadata/plate_1.gcode, subtask: Otvarak_na_konzervy_v3
2026-05-14 22:52:22,894 DEBUG [backend.app.services.bambu_mqtt] [-] [[SERIAL]] Found xcam inside print data: {'allow_skip_parts': False, 'buildplate_marker_detector': True, 'cfg': 1797559, 'first_layer_inspector': True, 'halt_print_sensitivity': 'medium', 'print_halt': True, 'printing_monitor': True, 'spaghetti_detector': True}
2026-05-14 22:52:22,894 DEBUG [backend.app.services.bambu_mqtt] [-] [[SERIAL]] Parsing xcam data - all fields: ['allow_skip_parts', 'buildplate_marker_detector', 'cfg', 'first_layer_inspector', 'halt_print_sensitivity', 'print_halt', 'printing_monitor', 'spaghetti_detector']
2026-05-14 22:52:22,894 DEBUG [backend.app.services.bambu_mqtt] [-] [[SERIAL]] xcam cfg bitmask: 1797559 (binary: 0b110110110110110110111)
2026-05-14 22:52:22,894 DEBUG [backend.app.services.bambu_mqtt] [-] [[SERIAL]] Received gcode_state: FINISH, gcode_file: /data/Metadata/plate_1.gcode, subtask_name: Otvarak_na_konzervy_v3
2026-05-14 22:52:22,895 DEBUG [backend.app.services.bambu_mqtt] [-] [[SERIAL]] AMS dict fields: {'ams_exist_bits': '13', 'ams_exist_bits_raw': '13', 'cali_id': 255, 'cali_stat': 0, 'insert_flag': True, 'power_on_flag': False, 'tray_exist_bits': '100ef', 'tray_is_bbl_bits': '100ef', 'tray_now': '255', 'tray_pre': '255', 'tray_read_done_bits': '100ef', 'tray_reading_bits': '0', 'tray_tar': '255', 'unbind_ams_stat': 0, 'version': 28327}
2026-05-14 22:52:22,895 DEBUG [backend.app.services.bambu_mqtt] [-] [[SERIAL]] tray_now updated: 255
2026-05-14 22:52:22,895 DEBUG [backend.app.services.bambu_mqtt] [-] [[SERIAL]] Merged AMS data: 3 new units, 3 total
2026-05-14 22:52:22,895 DEBUG [backend.app.services.bambu_mqtt] [-] [[SERIAL]] AMS 0 info=0x2003 -> extruder 0
2026-05-14 22:52:22,895 DEBUG [backend.app.services.bambu_mqtt] [-] [[SERIAL]] AMS 1 info=0x2003 -> extruder 0
2026-05-14 22:52:22,895 DEBUG [backend.app.services.bambu_mqtt] [-] [[SERIAL]] AMS 128 info=0x2004 -> extruder 0
2026-05-14 22:52:22,895 DEBUG [backend.app.services.bambu_mqtt] [-] [[SERIAL]] ams_extruder_map: {'0': 0, '1': 0, '128': 0}
2026-05-14 22:52:22,895 DEBUG [backend.app.services.bambu_mqtt] [-] [[SERIAL]] ams_status: 0 (main=0, sub=0)
2026-05-14 22:52:22,895 DEBUG [backend.app.services.bambu_mqtt] [-] [[SERIAL]] Received command response: push_status
2026-05-14 22:52:22,896 DEBUG [backend.app.services.bambu_mqtt] [-] [[SERIAL]] device.extruder.state=2 (switch_state bits 12-14: 0)
2026-05-14 22:52:22,896 DEBUG [backend.app.services.bambu_mqtt] [-] [[SERIAL]] info.temp direct: 27°C (heater OFF)
2026-05-14 22:52:22,896 DEBUG [backend.app.services.bambu_mqtt] [-] [[SERIAL]] ctc_info keys: ['temp']
2026-05-14 22:52:22,896 DEBUG [backend.app.services.bambu_mqtt] [-] [[SERIAL]] Chamber heating calculated: target=0.0, current=27.0, heating=False, respect_local=False
2026-05-14 22:52:22,896 DEBUG [backend.app.services.bambu_mqtt] [-] [[SERIAL]] Chamber temp updated to: 27.0, target: 0.0, heating: False
2026-05-14 22:52:22,896 DEBUG [backend.app.services.bambu_mqtt] [-] [[SERIAL]] HMS data received: [{'attr': 201326848, 'code': 131099}, {'attr': 83886848, 'code': 65546}, {'attr': 83887616, 'code': 131169}, {'attr': 83887616, 'code': 131153}, {'attr': 83887616, 'code': 131077}, {'attr': 83887616, 'code': 131154}]
2026-05-14 22:52:22,896 DEBUG [backend.app.services.bambu_mqtt] [-] [[SERIAL]] ipcam field: {'agora_service': 'disable', 'brtc_service': 'enable', 'bs_state': 0, 'cap_pic_enable': 'invalid', 'ipcam_dev': '1', 'ipcam_record': 'enable', 'laser_preview_res': 6, 'mode_bits': 2, 'resolution': '1080p', 'rtsp_url': 'rtsps://[IP]:322/streaming/live/1', 'timelapse': 'disable', 'tl_store_hpd_type': 2, 'tl_store_path_type': 2, 'tutk_server': 'disable'}
2026-05-14 22:52:22,897 DEBUG [backend.app.services.bambu_mqtt] [-] [[SERIAL]] wifi_signal received: -61dBm
2026-05-14 22:52:22,897 DEBUG [backend.app.services.bambu_mqtt] [-] [[SERIAL]] lights_report: [{'mode': 'off', 'node': 'chamber_light'}, {'mode': 'flashing', 'node': 'work_light'}, {'mode': 'off', 'node': 'chamber_light2'}]
2026-05-14 22:52:22,897 DEBUG [backend.app.services.bambu_mqtt] [-] [[SERIAL]] MQTT mapping field: [257]
2026-05-14 22:52:22,897 DEBUG [backend.app.services.bambu_mqtt] [-] [[SERIAL]] gcode_state: FINISH -> FINISH, file: /data/Metadata/plate_1.gcode, subtask: Otvarak_na_konzervy_v3
2026-05-14 22:52:23,918 DEBUG [backend.app.services.bambu_mqtt] [-] [[SERIAL]] Found xcam inside print data: {'allow_skip_parts': False, 'buildplate_marker_detector': True, 'cfg': 1797559, 'first_layer_inspector': True, 'halt_print_sensitivity': 'medium', 'print_halt': True, 'printing_monitor': True, 'spaghetti_detector': True}
2026-05-14 22:52:23,918 DEBUG [backend.app.services.bambu_mqtt] [-] [[SERIAL]] Parsing xcam data - all fields: ['allow_skip_parts', 'buildplate_marker_detector', 'cfg', 'first_layer_inspector', 'halt_print_sensitivity', 'print_halt', 'printing_monitor', 'spaghetti_detector']
2026-05-14 22:52:23,918 DEBUG [backend.app.services.bambu_mqtt] [-] [[SERIAL]] xcam cfg bitmask: 1797559 (binary: 0b110110110110110110111)
2026-05-14 22:52:23,918 DEBUG [backend.app.services.bambu_mqtt] [-] [[SERIAL]] Received gcode_state: FINISH, gcode_file: /data/Metadata/plate_1.gcode, subtask_name: Otvarak_na_konzervy_v3
2026-05-14 22:52:23,918 DEBUG [backend.app.services.bambu_mqtt] [-] [[SERIAL]] AMS dict fields: {'ams_exist_bits': '13', 'ams_exist_bits_raw': '13', 'cali_id': 255, 'cali_stat': 0, 'insert_flag': True, 'power_on_flag': False, 'tray_exist_bits': '100ef', 'tray_is_bbl_bits': '100ef', 'tray_now': '255', 'tray_pre': '255', 'tray_read_done_bits': '100ef', 'tray_reading_bits': '0', 'tray_tar': '255', 'unbind_ams_stat': 0, 'version': 28327}
2026-05-14 22:52:23,918 DEBUG [backend.app.services.bambu_mqtt] [-] [[SERIAL]] tray_now updated: 255
2026-05-14 22:52:23,919 DEBUG [backend.app.services.bambu_mqtt] [-] [[SERIAL]] Merged AMS data: 3 new units, 3 total
2026-05-14 22:52:23,919 DEBUG [backend.app.services.bambu_mqtt] [-] [[SERIAL]] AMS 0 info=0x2003 -> extruder 0
2026-05-14 22:52:23,919 DEBUG [backend.app.services.bambu_mqtt] [-] [[SERIAL]] AMS 1 info=0x2003 -> extruder 0
2026-05-14 22:52:23,919 DEBUG [backend.app.services.bambu_mqtt] [-] [[SERIAL]] AMS 128 info=0x2004 -> extruder 0
2026-05-14 22:52:23,919 DEBUG [backend.app.services.bambu_mqtt] [-] [[SERIAL]] ams_extruder_map: {'0': 0, '1': 0, '128': 0}
2026-05-14 22:52:23,919 DEBUG [backend.app.services.bambu_mqtt] [-] [[SERIAL]] ams_status: 0 (main=0, sub=0)
2026-05-14 22:52:23,919 DEBUG [backend.app.services.bambu_mqtt] [-] [[SERIAL]] Received command response: push_status
2026-05-14 22:52:23,920 DEBUG [backend.app.services.bambu_mqtt] [-] [[SERIAL]] device.extruder.state=2 (switch_state bits 12-14: 0)
2026-05-14 22:52:23,920 DEBUG [backend.app.services.bambu_mqtt] [-] [[SERIAL]] info.temp direct: 27°C (heater OFF)
2026-05-14 22:52:23,920 DEBUG [backend.app.services.bambu_mqtt] [-] [[SERIAL]] ctc_info keys: ['temp']
2026-05-14 22:52:23,920 DEBUG [backend.app.services.bambu_mqtt] [-] [[SERIAL]] Chamber heating calculated: target=0.0, current=27.0, heating=False, respect_local=False
2026-05-14 22:52:23,920 DEBUG [backend.app.services.bambu_mqtt] [-] [[SERIAL]] Chamber temp updated to: 27.0, target: 0.0, heating: False
2026-05-14 22:52:23,920 DEBUG [backend.app.services.bambu_mqtt] [-] [[SERIAL]] HMS data received: [{'attr': 201326848, 'code': 131099}, {'attr': 83886848, 'code': 65546}, {'attr': 83887616, 'code': 131169}, {'attr': 83887616, 'code': 131153}, {'attr': 83887616, 'code': 131077}, {'attr': 83887616, 'code': 131154}]
2026-05-14 22:52:23,920 DEBUG [backend.app.services.bambu_mqtt] [-] [[SERIAL]] ipcam field: {'agora_service': 'disable', 'brtc_service': 'enable', 'bs_state': 0, 'cap_pic_enable': 'invalid', 'ipcam_dev': '1', 'ipcam_record': 'enable', 'laser_preview_res': 6, 'mode_bits': 2, 'resolution': '1080p', 'rtsp_url': 'rtsps://[IP]:322/streaming/live/1', 'timelapse': 'disable', 'tl_store_hpd_type': 2, 'tl_store_path_type': 2, 'tutk_server': 'disable'}
2026-05-14 22:52:23,920 DEBUG [backend.app.services.bambu_mqtt] [-] [[SERIAL]] wifi_signal received: -61dBm
2026-05-14 22:52:23,920 DEBUG [backend.app.services.bambu_mqtt] [-] [[SERIAL]] lights_report: [{'mode': 'off', 'node': 'chamber_light'}, {'mode': 'flashing', 'node': 'work_light'}, {'mode': 'off', 'node': 'chamber_light2'}]
2026-05-14 22:52:23,921 DEBUG [backend.app.services.bambu_mqtt] [-] [[SERIAL]] MQTT mapping field: [257]
2026-05-14 22:52:23,921 DEBUG [backend.app.services.bambu_mqtt] [-] [[SERIAL]] gcode_state: FINISH -> FINISH, file: /data/Metadata/plate_1.gcode, subtask: Otvarak_na_konzervy_v3
2026-05-14 22:52:24,946 DEBUG [backend.app.services.bambu_mqtt] [-] [[SERIAL]] Found xcam inside print data: {'allow_skip_parts': False, 'buildplate_marker_detector': True, 'cfg': 1797559, 'first_layer_inspector': True, 'halt_print_sensitivity': 'medium', 'print_halt': True, 'printing_monitor': True, 'spaghetti_detector': True}
2026-05-14 22:52:24,946 DEBUG [backend.app.services.bambu_mqtt] [-] [[SERIAL]] Parsing xcam data - all fields: ['allow_skip_parts', 'buildplate_marker_detector', 'cfg', 'first_layer_inspector', 'halt_print_sensitivity', 'print_halt', 'printing_monitor', 'spaghetti_detector']
2026-05-14 22:52:24,946 DEBUG [backend.app.services.bambu_mqtt] [-] [[SERIAL]] xcam cfg bitmask: 1797559 (binary: 0b110110110110110110111)
2026-05-14 22:52:24,946 DEBUG [backend.app.services.bambu_mqtt] [-] [[SERIAL]] Received gcode_state: FINISH, gcode_file: /data/Metadata/plate_1.gcode, subtask_name: Otvarak_na_konzervy_v3
2026-05-14 22:52:24,947 DEBUG [backend.app.services.bambu_mqtt] [-] [[SERIAL]] AMS dict fields: {'ams_exist_bits': '13', 'ams_exist_bits_raw': '13', 'cali_id': 255, 'cali_stat': 0, 'insert_flag': True, 'power_on_flag': False, 'tray_exist_bits': '100ef', 'tray_is_bbl_bits': '100ef', 'tray_now': '255', 'tray_pre': '255', 'tray_read_done_bits': '100ef', 'tray_reading_bits': '0', 'tray_tar': '255', 'unbind_ams_stat': 0, 'version': 28327}
2026-05-14 22:52:24,947 DEBUG [backend.app.services.bambu_mqtt] [-] [[SERIAL]] tray_now updated: 255
2026-05-14 22:52:24,947 DEBUG [backend.app.services.bambu_mqtt] [-] [[SERIAL]] Merged AMS data: 3 new units, 3 total
2026-05-14 22:52:24,947 DEBUG [backend.app.services.bambu_mqtt] [-] [[SERIAL]] AMS 0 info=0x2003 -> extruder 0
2026-05-14 22:52:24,947 DEBUG [backend.app.services.bambu_mqtt] [-] [[SERIAL]] AMS 1 info=0x2003 -> extruder 0
2026-05-14 22:52:24,947 DEBUG [backend.app.services.bambu_mqtt] [-] [[SERIAL]] AMS 128 info=0x2004 -> extruder 0
2026-05-14 22:52:24,947 DEBUG [backend.app.services.bambu_mqtt] [-] [[SERIAL]] ams_extruder_map: {'0': 0, '1': 0, '128': 0}
2026-05-14 22:52:24,947 DEBUG [backend.app.services.bambu_mqtt] [-] [[SERIAL]] ams_status: 0 (main=0, sub=0)
2026-05-14 22:52:24,948 DEBUG [backend.app.services.bambu_mqtt] [-] [[SERIAL]] Received command response: push_status
2026-05-14 22:52:24,948 DEBUG [backend.app.services.bambu_mqtt] [-] [[SERIAL]] device.extruder.state=2 (switch_state bits 12-14: 0)
2026-05-14 22:52:24,948 DEBUG [backend.app.services.bambu_mqtt] [-] [[SERIAL]] info.temp direct: 27°C (heater OFF)
2026-05-14 22:52:24,948 DEBUG [backend.app.services.bambu_mqtt] [-] [[SERIAL]] ctc_info keys: ['temp']
2026-05-14 22:52:24,948 DEBUG [backend.app.services.bambu_mqtt] [-] [[SERIAL]] Chamber heating calculated: target=0.0, current=27.0, heating=False, respect_local=False
2026-05-14 22:52:24,948 DEBUG [backend.app.services.bambu_mqtt] [-] [[SERIAL]] Chamber temp updated to: 27.0, target: 0.0, heating: False
2026-05-14 22:52:24,948 DEBUG [backend.app.services.bambu_mqtt] [-] [[SERIAL]] HMS data received: [{'attr': 201326848, 'code': 131099}, {'attr': 83886848, 'code': 65546}, {'attr': 83887616, 'code': 131169}, {'attr': 83887616, 'code': 131153}, {'attr': 83887616, 'code': 131077}, {'attr': 83887616, 'code': 131154}]
2026-05-14 22:52:24,948 DEBUG [backend.app.services.bambu_mqtt] [-] [[SERIAL]] ipcam field: {'agora_service': 'disable', 'brtc_service': 'enable', 'bs_state': 0, 'cap_pic_enable': 'invalid', 'ipcam_dev': '1', 'ipcam_record': 'enable', 'laser_preview_res': 6, 'mode_bits': 2, 'resolution': '1080p', 'rtsp_url': 'rtsps://[IP]:322/streaming/live/1', 'timelapse': 'disable', 'tl_store_hpd_type': 2, 'tl_store_path_type': 2, 'tutk_server': 'disable'}
2026-05-14 22:52:24,949 DEBUG [backend.app.services.bambu_mqtt] [-] [[SERIAL]] wifi_signal received: -61dBm
2026-05-14 22:52:24,949 DEBUG [backend.app.services.bambu_mqtt] [-] [[SERIAL]] lights_report: [{'mode': 'off', 'node': 'chamber_light'}, {'mode': 'flashing', 'node': 'work_light'}, {'mode': 'off', 'node': 'chamber_light2'}]
2026-05-14 22:52:24,949 DEBUG [backend.app.services.bambu_mqtt] [-] [[SERIAL]] MQTT mapping field: [257]
2026-05-14 22:52:24,949 DEBUG [backend.app.services.bambu_mqtt] [-] [[SERIAL]] gcode_state: FINISH -> FINISH, file: /data/Metadata/plate_1.gcode, subtask: Otvarak_na_konzervy_v3
2026-05-14 22:52:26,004 DEBUG [backend.app.services.bambu_mqtt] [-] [[SERIAL]] Found xcam inside print data: {'allow_skip_parts': False, 'buildplate_marker_detector': True, 'cfg': 1797559, 'first_layer_inspector': True, 'halt_print_sensitivity': 'medium', 'print_halt': True, 'printing_monitor': True, 'spaghetti_detector': True}
2026-05-14 22:52:26,004 DEBUG [backend.app.services.bambu_mqtt] [-] [[SERIAL]] Parsing xcam data - all fields: ['allow_skip_parts', 'buildplate_marker_detector', 'cfg', 'first_layer_inspector', 'halt_print_sensitivity', 'print_halt', 'printing_monitor', 'spaghetti_detector']
2026-05-14 22:52:26,004 DEBUG [backend.app.services.bambu_mqtt] [-] [[SERIAL]] xcam cfg bitmask: 1797559 (binary: 0b110110110110110110111)
2026-05-14 22:52:26,005 DEBUG [backend.app.services.bambu_mqtt] [-] [[SERIAL]] Received gcode_state: FINISH, gcode_file: /data/Metadata/plate_1.gcode, subtask_name: Otvarak_na_konzervy_v3
2026-05-14 22:52:26,005 DEBUG [backend.app.services.bambu_mqtt] [-] [[SERIAL]] AMS dict fields: {'ams_exist_bits': '13', 'ams_exist_bits_raw': '13', 'cali_id': 255, 'cali_stat': 0, 'insert_flag': True, 'power_on_flag': False, 'tray_exist_bits': '100ef', 'tray_is_bbl_bits': '100ef', 'tray_now': '255', 'tray_pre': '255', 'tray_read_done_bits': '100ef', 'tray_reading_bits': '0', 'tray_tar': '255', 'unbind_ams_stat': 0, 'version': 28327}
2026-05-14 22:52:26,005 DEBUG [backend.app.services.bambu_mqtt] [-] [[SERIAL]] tray_now updated: 255
2026-05-14 22:52:26,005 DEBUG [backend.app.services.bambu_mqtt] [-] [[SERIAL]] Merged AMS data: 3 new units, 3 total
2026-05-14 22:52:26,005 DEBUG [backend.app.services.bambu_mqtt] [-] [[SERIAL]] AMS 0 info=0x2003 -> extruder 0
2026-05-14 22:52:26,005 DEBUG [backend.app.services.bambu_mqtt] [-] [[SERIAL]] AMS 1 info=0x2003 -> extruder 0
2026-05-14 22:52:26,005 DEBUG [backend.app.services.bambu_mqtt] [-] [[SERIAL]] AMS 128 info=0x2004 -> extruder 0
2026-05-14 22:52:26,006 DEBUG [backend.app.services.bambu_mqtt] [-] [[SERIAL]] ams_extruder_map: {'0': 0, '1': 0, '128': 0}
2026-05-14 22:52:26,006 DEBUG [backend.app.services.bambu_mqtt] [-] [[SERIAL]] ams_status: 0 (main=0, sub=0)
2026-05-14 22:52:26,006 DEBUG [backend.app.services.bambu_mqtt] [-] [[SERIAL]] Received command response: push_status
2026-05-14 22:52:26,006 DEBUG [backend.app.services.bambu_mqtt] [-] [[SERIAL]] device.extruder.state=2 (switch_state bits 12-14: 0)
2026-05-14 22:52:26,006 DEBUG [backend.app.services.bambu_mqtt] [-] [[SERIAL]] info.temp direct: 27°C (heater OFF)
2026-05-14 22:52:26,006 DEBUG [backend.app.services.bambu_mqtt] [-] [[SERIAL]] ctc_info keys: ['temp']
2026-05-14 22:52:26,006 DEBUG [backend.app.services.bambu_mqtt] [-] [[SERIAL]] Chamber heating calculated: target=0.0, current=27.0, heating=False, respect_local=False
2026-05-14 22:52:26,006 DEBUG [backend.app.services.bambu_mqtt] [-] [[SERIAL]] Chamber temp updated to: 27.0, target: 0.0, heating: False
2026-05-14 22:52:26,006 DEBUG [backend.app.services.bambu_mqtt] [-] [[SERIAL]] HMS data received: [{'attr': 201326848, 'code': 131099}, {'attr': 83886848, 'code': 65546}, {'attr': 83887616, 'code': 131169}, {'attr': 83887616, 'code': 131153}, {'attr': 83887616, 'code': 131077}, {'attr': 83887616, 'code': 131154}]
2026-05-14 22:52:26,007 DEBUG [backend.app.services.bambu_mqtt] [-] [[SERIAL]] ipcam field: {'agora_service': 'disable', 'brtc_service': 'enable', 'bs_state': 0, 'cap_pic_enable': 'invalid', 'ipcam_dev': '1', 'ipcam_record': 'enable', 'laser_preview_res': 6, 'mode_bits': 2, 'resolution': '1080p', 'rtsp_url': 'rtsps://[IP]:322/streaming/live/1', 'timelapse': 'disable', 'tl_store_hpd_type': 2, 'tl_store_path_type': 2, 'tutk_server': 'disable'}
2026-05-14 22:52:26,007 DEBUG [backend.app.services.bambu_mqtt] [-] [[SERIAL]] wifi_signal received: -61dBm
2026-05-14 22:52:26,007 DEBUG [backend.app.services.bambu_mqtt] [-] [[SERIAL]] lights_report: [{'mode': 'off', 'node': 'chamber_light'}, {'mode': 'flashing', 'node': 'work_light'}, {'mode': 'off', 'node': 'chamber_light2'}]
2026-05-14 22:52:26,007 DEBUG [backend.app.services.bambu_mqtt] [-] [[SERIAL]] MQTT mapping field: [257]
2026-05-14 22:52:26,007 DEBUG [backend.app.services.bambu_mqtt] [-] [[SERIAL]] gcode_state: FINISH -> FINISH, file: /data/Metadata/plate_1.gcode, subtask: Otvarak_na_konzervy_v3
2026-05-14 22:52:27,038 DEBUG [backend.app.services.bambu_mqtt] [-] [[SERIAL]] Found xcam inside print data: {'allow_skip_parts': False, 'buildplate_marker_detector': True, 'cfg': 1797559, 'first_layer_inspector': True, 'halt_print_sensitivity': 'medium', 'print_halt': True, 'printing_monitor': True, 'spaghetti_detector': True}
2026-05-14 22:52:27,038 DEBUG [backend.app.services.bambu_mqtt] [-] [[SERIAL]] Parsing xcam data - all fields: ['allow_skip_parts', 'buildplate_marker_detector', 'cfg', 'first_layer_inspector', 'halt_print_sensitivity', 'print_halt', 'printing_monitor', 'spaghetti_detector']
2026-05-14 22:52:27,038 DEBUG [backend.app.services.bambu_mqtt] [-] [[SERIAL]] xcam cfg bitmask: 1797559 (binary: 0b110110110110110110111)
2026-05-14 22:52:27,039 DEBUG [backend.app.services.bambu_mqtt] [-] [[SERIAL]] Received gcode_state: FINISH, gcode_file: /data/Metadata/plate_1.gcode, subtask_name: Otvarak_na_konzervy_v3
2026-05-14 22:52:27,039 DEBUG [backend.app.services.bambu_mqtt] [-] [[SERIAL]] AMS dict fields: {'ams_exist_bits': '13', 'ams_exist_bits_raw': '13', 'cali_id': 255, 'cali_stat': 0, 'insert_flag': True, 'power_on_flag': False, 'tray_exist_bits': '100ef', 'tray_is_bbl_bits': '100ef', 'tray_now': '255', 'tray_pre': '255', 'tray_read_done_bits': '100ef', 'tray_reading_bits': '0', 'tray_tar': '255', 'unbind_ams_stat': 0, 'version': 28327}
2026-05-14 22:52:27,039 DEBUG [backend.app.services.bambu_mqtt] [-] [[SERIAL]] tray_now updated: 255
2026-05-14 22:52:27,039 DEBUG [backend.app.services.bambu_mqtt] [-] [[SERIAL]] Merged AMS data: 3 new units, 3 total
2026-05-14 22:52:27,039 DEBUG [backend.app.services.bambu_mqtt] [-] [[SERIAL]] AMS 0 info=0x2003 -> extruder 0
2026-05-14 22:52:27,039 DEBUG [backend.app.services.bambu_mqtt] [-] [[SERIAL]] AMS 1 info=0x2003 -> extruder 0
2026-05-14 22:52:27,039 DEBUG [backend.app.services.bambu_mqtt] [-] [[SERIAL]] AMS 128 info=0x2004 -> extruder 0
2026-05-14 22:52:27,039 DEBUG [backend.app.services.bambu_mqtt] [-] [[SERIAL]] ams_extruder_map: {'0': 0, '1': 0, '128': 0}
2026-05-14 22:52:27,040 DEBUG [backend.app.services.bambu_mqtt] [-] [[SERIAL]] ams_status: 0 (main=0, sub=0)
2026-05-14 22:52:27,040 DEBUG [backend.app.services.bambu_mqtt] [-] [[SERIAL]] Received command response: push_status
2026-05-14 22:52:27,040 DEBUG [backend.app.services.bambu_mqtt] [-] [[SERIAL]] device.extruder.state=2 (switch_state bits 12-14: 0)
2026-05-14 22:52:27,040 DEBUG [backend.app.services.bambu_mqtt] [-] [[SERIAL]] info.temp direct: 27°C (heater OFF)
2026-05-14 22:52:27,040 DEBUG [backend.app.services.bambu_mqtt] [-] [[SERIAL]] ctc_info keys: ['temp']
2026-05-14 22:52:27,040 DEBUG [backend.app.services.bambu_mqtt] [-] [[SERIAL]] Chamber heating calculated: target=0.0, current=27.0, heating=False, respect_local=False
2026-05-14 22:52:27,040 DEBUG [backend.app.services.bambu_mqtt] [-] [[SERIAL]] Chamber temp updated to: 27.0, target: 0.0, heating: False
2026-05-14 22:52:27,040 DEBUG [backend.app.services.bambu_mqtt] [-] [[SERIAL]] HMS data received: [{'attr': 201326848, 'code': 131099}, {'attr': 83886848, 'code': 65546}, {'attr': 83887616, 'code': 131169}, {'attr': 83887616, 'code': 131153}, {'attr': 83887616, 'code': 131077}, {'attr': 83887616, 'code': 131154}]
2026-05-14 22:52:27,041 DEBUG [backend.app.services.bambu_mqtt] [-] [[SERIAL]] ipcam field: {'agora_service': 'disable', 'brtc_service': 'enable', 'bs_state': 0, 'cap_pic_enable': 'invalid', 'ipcam_dev': '1', 'ipcam_record': 'enable', 'laser_preview_res': 6, 'mode_bits': 2, 'resolution': '1080p', 'rtsp_url': 'rtsps://[IP]:322/streaming/live/1', 'timelapse': 'disable', 'tl_store_hpd_type': 2, 'tl_store_path_type': 2, 'tutk_server': 'disable'}
2026-05-14 22:52:27,041 DEBUG [backend.app.services.bambu_mqtt] [-] [[SERIAL]] wifi_signal received: -61dBm
2026-05-14 22:52:27,041 DEBUG [backend.app.services.bambu_mqtt] [-] [[SERIAL]] lights_report: [{'mode': 'off', 'node': 'chamber_light'}, {'mode': 'flashing', 'node': 'work_light'}, {'mode': 'off', 'node': 'chamber_light2'}]
2026-05-14 22:52:27,041 DEBUG [backend.app.services.bambu_mqtt] [-] [[SERIAL]] MQTT mapping field: [257]
2026-05-14 22:52:27,041 DEBUG [backend.app.services.bambu_mqtt] [-] [[SERIAL]] gcode_state: FINISH -> FINISH, file: /data/Metadata/plate_1.gcode, subtask: Otvarak_na_konzervy_v3
2026-05-14 22:52:28,078 DEBUG [backend.app.services.bambu_mqtt] [-] [[SERIAL]] Found xcam inside print data: {'allow_skip_parts': False, 'buildplate_marker_detector': True, 'cfg': 1797559, 'first_layer_inspector': True, 'halt_print_sensitivity': 'medium', 'print_halt': True, 'printing_monitor': True, 'spaghetti_detector': True}
2026-05-14 22:52:28,078 DEBUG [backend.app.services.bambu_mqtt] [-] [[SERIAL]] Parsing xcam data - all fields: ['allow_skip_parts', 'buildplate_marker_detector', 'cfg', 'first_layer_inspector', 'halt_print_sensitivity', 'print_halt', 'printing_monitor', 'spaghetti_detector']
2026-05-14 22:52:28,078 DEBUG [backend.app.services.bambu_mqtt] [-] [[SERIAL]] xcam cfg bitmask: 1797559 (binary: 0b110110110110110110111)
2026-05-14 22:52:28,079 DEBUG [backend.app.services.bambu_mqtt] [-] [[SERIAL]] Received gcode_state: FINISH, gcode_file: /data/Metadata/plate_1.gcode, subtask_name: Otvarak_na_konzervy_v3
2026-05-14 22:52:28,079 DEBUG [backend.app.services.bambu_mqtt] [-] [[SERIAL]] AMS dict fields: {'ams_exist_bits': '13', 'ams_exist_bits_raw': '13', 'cali_id': 255, 'cali_stat': 0, 'insert_flag': True, 'power_on_flag': False, 'tray_exist_bits': '100ef', 'tray_is_bbl_bits': '100ef', 'tray_now': '255', 'tray_pre': '255', 'tray_read_done_bits': '100ef', 'tray_reading_bits': '0', 'tray_tar': '255', 'unbind_ams_stat': 0, 'version': 28327}
2026-05-14 22:52:28,079 DEBUG [backend.app.services.bambu_mqtt] [-] [[SERIAL]] tray_now updated: 255
2026-05-14 22:52:28,079 DEBUG [backend.app.services.bambu_mqtt] [-] [[SERIAL]] Merged AMS data: 3 new units, 3 total
2026-05-14 22:52:28,079 DEBUG [backend.app.services.bambu_mqtt] [-] [[SERIAL]] AMS 0 info=0x2003 -> extruder 0
2026-05-14 22:52:28,079 DEBUG [backend.app.services.bambu_mqtt] [-] [[SERIAL]] AMS 1 info=0x2003 -> extruder 0
2026-05-14 22:52:28,079 DEBUG [backend.app.services.bambu_mqtt] [-] [[SERIAL]] AMS 128 info=0x2004 -> extruder 0
2026-05-14 22:52:28,080 DEBUG [backend.app.services.bambu_mqtt] [-] [[SERIAL]] ams_extruder_map: {'0': 0, '1': 0, '128': 0}
2026-05-14 22:52:28,080 DEBUG [backend.app.services.bambu_mqtt] [-] [[SERIAL]] ams_status: 0 (main=0, sub=0)
2026-05-14 22:52:28,080 DEBUG [backend.app.services.bambu_mqtt] [-] [[SERIAL]] Received command response: push_status
2026-05-14 22:52:28,080 DEBUG [backend.app.services.bambu_mqtt] [-] [[SERIAL]] device.extruder.state=2 (switch_state bits 12-14: 0)
2026-05-14 22:52:28,080 DEBUG [backend.app.services.bambu_mqtt] [-] [[SERIAL]] info.temp direct: 27°C (heater OFF)
2026-05-14 22:52:28,080 DEBUG [backend.app.services.bambu_mqtt] [-] [[SERIAL]] ctc_info keys: ['temp']
2026-05-14 22:52:28,080 DEBUG [backend.app.services.bambu_mqtt] [-] [[SERIAL]] Chamber heating calculated: target=0.0, current=27.0, heating=False, respect_local=False
2026-05-14 22:52:28,080 DEBUG [backend.app.services.bambu_mqtt] [-] [[SERIAL]] Chamber temp updated to: 27.0, target: 0.0, heating: False
2026-05-14 22:52:28,080 DEBUG [backend.app.services.bambu_mqtt] [-] [[SERIAL]] HMS data received: [{'attr': 201326848, 'code': 131099}, {'attr': 83886848, 'code': 65546}, {'attr': 83887616, 'code': 131169}, {'attr': 83887616, 'code': 131153}, {'attr': 83887616, 'code': 131077}, {'attr': 83887616, 'code': 131154}]
2026-05-14 22:52:28,081 DEBUG [backend.app.services.bambu_mqtt] [-] [[SERIAL]] ipcam field: {'agora_service': 'disable', 'brtc_service': 'enable', 'bs_state': 0, 'cap_pic_enable': 'invalid', 'ipcam_dev': '1', 'ipcam_record': 'enable', 'laser_preview_res': 6, 'mode_bits': 2, 'resolution': '1080p', 'rtsp_url': 'rtsps://[IP]:322/streaming/live/1', 'timelapse': 'disable', 'tl_store_hpd_type': 2, 'tl_store_path_type': 2, 'tutk_server': 'disable'}
2026-05-14 22:52:28,081 DEBUG [backend.app.services.bambu_mqtt] [-] [[SERIAL]] wifi_signal received: -61dBm
2026-05-14 22:52:28,081 DEBUG [backend.app.services.bambu_mqtt] [-] [[SERIAL]] lights_report: [{'mode': 'off', 'node': 'chamber_light'}, {'mode': 'flashing', 'node': 'work_light'}, {'mode': 'off', 'node': 'chamber_light2'}]
2026-05-14 22:52:28,081 DEBUG [backend.app.services.bambu_mqtt] [-] [[SERIAL]] MQTT mapping field: [257]
2026-05-14 22:52:28,081 DEBUG [backend.app.services.bambu_mqtt] [-] [[SERIAL]] gcode_state: FINISH -> FINISH, file: /data/Metadata/plate_1.gcode, subtask: Otvarak_na_konzervy_v3
2026-05-14 22:52:29,215 DEBUG [backend.app.services.bambu_mqtt] [-] [[SERIAL]] Found xcam inside print data: {'allow_skip_parts': False, 'buildplate_marker_detector': True, 'cfg': 1797559, 'first_layer_inspector': True, 'halt_print_sensitivity': 'medium', 'print_halt': True, 'printing_monitor': True, 'spaghetti_detector': True}
2026-05-14 22:52:29,216 DEBUG [backend.app.services.bambu_mqtt] [-] [[SERIAL]] Parsing xcam data - all fields: ['allow_skip_parts', 'buildplate_marker_detector', 'cfg', 'first_layer_inspector', 'halt_print_sensitivity', 'print_halt', 'printing_monitor', 'spaghetti_detector']
2026-05-14 22:52:29,216 DEBUG [backend.app.services.bambu_mqtt] [-] [[SERIAL]] xcam cfg bitmask: 1797559 (binary: 0b110110110110110110111)
2026-05-14 22:52:29,216 DEBUG [backend.app.services.bambu_mqtt] [-] [[SERIAL]] Received gcode_state: FINISH, gcode_file: /data/Metadata/plate_1.gcode, subtask_name: Otvarak_na_konzervy_v3
2026-05-14 22:52:29,216 DEBUG [backend.app.services.bambu_mqtt] [-] [[SERIAL]] AMS dict fields: {'ams_exist_bits': '13', 'ams_exist_bits_raw': '13', 'cali_id': 255, 'cali_stat': 0, 'insert_flag': True, 'power_on_flag': False, 'tray_exist_bits': '100ef', 'tray_is_bbl_bits': '100ef', 'tray_now': '255', 'tray_pre': '255', 'tray_read_done_bits': '100ef', 'tray_reading_bits': '0', 'tray_tar': '255', 'unbind_ams_stat': 0, 'version': 28327}
2026-05-14 22:52:29,216 DEBUG [backend.app.services.bambu_mqtt] [-] [[SERIAL]] tray_now updated: 255
2026-05-14 22:52:29,216 DEBUG [backend.app.services.bambu_mqtt] [-] [[SERIAL]] Merged AMS data: 3 new units, 3 total
2026-05-14 22:52:29,216 DEBUG [backend.app.services.bambu_mqtt] [-] [[SERIAL]] AMS 0 info=0x2003 -> extruder 0
2026-05-14 22:52:29,217 DEBUG [backend.app.services.bambu_mqtt] [-] [[SERIAL]] AMS 1 info=0x2003 -> extruder 0
2026-05-14 22:52:29,217 DEBUG [backend.app.services.bambu_mqtt] [-] [[SERIAL]] AMS 128 info=0x2004 -> extruder 0
2026-05-14 22:52:29,217 DEBUG [backend.app.services.bambu_mqtt] [-] [[SERIAL]] ams_extruder_map: {'0': 0, '1': 0, '128': 0}
2026-05-14 22:52:29,217 DEBUG [backend.app.services.bambu_mqtt] [-] [[SERIAL]] ams_status: 0 (main=0, sub=0)
2026-05-14 22:52:29,217 DEBUG [backend.app.services.bambu_mqtt] [-] [[SERIAL]] Received command response: push_status
2026-05-14 22:52:29,217 DEBUG [backend.app.services.bambu_mqtt] [-] [[SERIAL]] device.extruder.state=2 (switch_state bits 12-14: 0)
2026-05-14 22:52:29,217 DEBUG [backend.app.services.bambu_mqtt] [-] [[SERIAL]] info.temp direct: 27°C (heater OFF)
2026-05-14 22:52:29,217 DEBUG [backend.app.services.bambu_mqtt] [-] [[SERIAL]] ctc_info keys: ['temp']
2026-05-14 22:52:29,217 DEBUG [backend.app.services.bambu_mqtt] [-] [[SERIAL]] Chamber heating calculated: target=0.0, current=27.0, heating=False, respect_local=False
2026-05-14 22:52:29,218 DEBUG [backend.app.services.bambu_mqtt] [-] [[SERIAL]] Chamber temp updated to: 27.0, target: 0.0, heating: False
2026-05-14 22:52:29,218 DEBUG [backend.app.services.bambu_mqtt] [-] [[SERIAL]] HMS data received: [{'attr': 201326848, 'code': 131099}, {'attr': 83886848, 'code': 65546}, {'attr': 83887616, 'code': 131169}, {'attr': 83887616, 'code': 131153}, {'attr': 83887616, 'code': 131077}, {'attr': 83887616, 'code': 131154}]
2026-05-14 22:52:29,218 DEBUG [backend.app.services.bambu_mqtt] [-] [[SERIAL]] ipcam field: {'agora_service': 'disable', 'brtc_service': 'enable', 'bs_state': 0, 'cap_pic_enable': 'invalid', 'ipcam_dev': '1', 'ipcam_record': 'enable', 'laser_preview_res': 6, 'mode_bits': 2, 'resolution': '1080p', 'rtsp_url': 'rtsps://[IP]:322/streaming/live/1', 'timelapse': 'disable', 'tl_store_hpd_type': 2, 'tl_store_path_type': 2, 'tutk_server': 'disable'}
2026-05-14 22:52:29,218 DEBUG [backend.app.services.bambu_mqtt] [-] [[SERIAL]] wifi_signal received: -61dBm
2026-05-14 22:52:29,218 DEBUG [backend.app.services.bambu_mqtt] [-] [[SERIAL]] lights_report: [{'mode': 'off', 'node': 'chamber_light'}, {'mode': 'flashing', 'node': 'work_light'}, {'mode': 'off', 'node': 'chamber_light2'}]
2026-05-14 22:52:29,218 DEBUG [backend.app.services.bambu_mqtt] [-] [[SERIAL]] MQTT mapping field: [257]
2026-05-14 22:52:29,218 DEBUG [backend.app.services.bambu_mqtt] [-] [[SERIAL]] gcode_state: FINISH -> FINISH, file: /data/Metadata/plate_1.gcode, subtask: Otvarak_na_konzervy_v3
2026-05-14 22:52:29,249 DEBUG [backend.app.services.virtual_printer.ssdp_server] [-] Sent SSDP NOTIFY for [USER] (Location=[IP], USN=09400A391800001, bind=[IP])
2026-05-14 22:52:29,672 INFO [uvicorn.access] [-] [IP]:56020 - "PATCH /api/v1/inventory/spools/52 HTTP/1.1" 200
2026-05-14 22:52:29,692 INFO [uvicorn.access] [-] [IP]:56022 - "PUT /api/v1/inventory/spools/52/k-profiles HTTP/1.1" 200
2026-05-14 22:52:30,247 DEBUG [backend.app.services.bambu_mqtt] [-] [[SERIAL]] Found xcam inside print data: {'allow_skip_parts': False, 'buildplate_marker_detector': True, 'cfg': 1797559, 'first_layer_inspector': True, 'halt_print_sensitivity': 'medium', 'print_halt': True, 'printing_monitor': True, 'spaghetti_detector': True}
2026-05-14 22:52:30,248 DEBUG [backend.app.services.bambu_mqtt] [-] [[SERIAL]] Parsing xcam data - all fields: ['allow_skip_parts', 'buildplate_marker_detector', 'cfg', 'first_layer_inspector', 'halt_print_sensitivity', 'print_halt', 'printing_monitor', 'spaghetti_detector']
2026-05-14 22:52:30,248 DEBUG [backend.app.services.bambu_mqtt] [-] [[SERIAL]] xcam cfg bitmask: 1797559 (binary: 0b110110110110110110111)
2026-05-14 22:52:30,248 DEBUG [backend.app.services.bambu_mqtt] [-] [[SERIAL]] Received gcode_state: FINISH, gcode_file: /data/Metadata/plate_1.gcode, subtask_name: Otvarak_na_konzervy_v3
2026-05-14 22:52:30,248 DEBUG [backend.app.services.bambu_mqtt] [-] [[SERIAL]] AMS dict fields: {'ams_exist_bits': '13', 'ams_exist_bits_raw': '13', 'cali_id': 255, 'cali_stat': 0, 'insert_flag': True, 'power_on_flag': False, 'tray_exist_bits': '100ef', 'tray_is_bbl_bits': '100ef', 'tray_now': '255', 'tray_pre': '255', 'tray_read_done_bits': '100ef', 'tray_reading_bits': '0', 'tray_tar': '255', 'unbind_ams_stat': 0, 'version': 28327}
2026-05-14 22:52:30,248 DEBUG [backend.app.services.bambu_mqtt] [-] [[SERIAL]] tray_now updated: 255
2026-05-14 22:52:30,248 DEBUG [backend.app.services.bambu_mqtt] [-] [[SERIAL]] Merged AMS data: 3 new units, 3 total
2026-05-14 22:52:30,248 DEBUG [backend.app.services.bambu_mqtt] [-] [[SERIAL]] AMS 0 info=0x2003 -> extruder 0
2026-05-14 22:52:30,249 DEBUG [backend.app.services.bambu_mqtt] [-] [[SERIAL]] AMS 1 info=0x2003 -> extruder 0
2026-05-14 22:52:30,249 DEBUG [backend.app.services.bambu_mqtt] [-] [[SERIAL]] AMS 128 info=0x2004 -> extruder 0
2026-05-14 22:52:30,249 DEBUG [backend.app.services.bambu_mqtt] [-] [[SERIAL]] ams_extruder_map: {'0': 0, '1': 0, '128': 0}
2026-05-14 22:52:30,249 DEBUG [backend.app.services.bambu_mqtt] [-] [[SERIAL]] ams_status: 0 (main=0, sub=0)
2026-05-14 22:52:30,249 DEBUG [backend.app.services.bambu_mqtt] [-] [[SERIAL]] Received command response: push_status
2026-05-14 22:52:30,249 DEBUG [backend.app.services.bambu_mqtt] [-] [[SERIAL]] device.extruder.state=2 (switch_state bits 12-14: 0)
2026-05-14 22:52:30,249 DEBUG [backend.app.services.bambu_mqtt] [-] [[SERIAL]] info.temp direct: 27°C (heater OFF)
2026-05-14 22:52:30,249 DEBUG [backend.app.services.bambu_mqtt] [-] [[SERIAL]] ctc_info keys: ['temp']
2026-05-14 22:52:30,250 DEBUG [backend.app.services.bambu_mqtt] [-] [[SERIAL]] Chamber heating calculated: target=0.0, current=27.0, heating=False, respect_local=False
2026-05-14 22:52:30,250 DEBUG [backend.app.services.bambu_mqtt] [-] [[SERIAL]] Chamber temp updated to: 27.0, target: 0.0, heating: False
2026-05-14 22:52:30,250 DEBUG [backend.app.services.bambu_mqtt] [-] [[SERIAL]] HMS data received: [{'attr': 201326848, 'code': 131099}, {'attr': 83886848, 'code': 65546}, {'attr': 83887616, 'code': 131169}, {'attr': 83887616, 'code': 131153}, {'attr': 83887616, 'code': 131077}, {'attr': 83887616, 'code': 131154}]
2026-05-14 22:52:30,250 DEBUG [backend.app.services.bambu_mqtt] [-] [[SERIAL]] ipcam field: {'agora_service': 'disable', 'brtc_service': 'enable', 'bs_state': 0, 'cap_pic_enable': 'invalid', 'ipcam_dev': '1', 'ipcam_record': 'enable', 'laser_preview_res': 6, 'mode_bits': 2, 'resolution': '1080p', 'rtsp_url': 'rtsps://[IP]:322/streaming/live/1', 'timelapse': 'disable', 'tl_store_hpd_type': 2, 'tl_store_path_type': 2, 'tutk_server': 'disable'}
2026-05-14 22:52:30,250 DEBUG [backend.app.services.bambu_mqtt] [-] [[SERIAL]] wifi_signal received: -61dBm
2026-05-14 22:52:30,250 DEBUG [backend.app.services.bambu_mqtt] [-] [[SERIAL]] lights_report: [{'mode': 'off', 'node': 'chamber_light'}, {'mode': 'flashing', 'node': 'work_light'}, {'mode': 'off', 'node': 'chamber_light2'}]
2026-05-14 22:52:30,251 DEBUG [backend.app.services.bambu_mqtt] [-] [[SERIAL]] MQTT mapping field: [257]
2026-05-14 22:52:30,251 DEBUG [backend.app.services.bambu_mqtt] [-] [[SERIAL]] gcode_state: FINISH -> FINISH, file: /data/Metadata/plate_1.gcode, subtask: Otvarak_na_konzervy_v3