2026-05-19 16:17:42,178 INFO [backend.app.main] [-] Recorded 1 AMS sensor history entries
2026-05-19 16:22:42,184 INFO [backend.app.main] [-] Recorded 1 AMS sensor history entries
2026-05-19 16:27:42,193 INFO [backend.app.main] [-] Recorded 1 AMS sensor history entries
2026-05-19 16:32:42,201 INFO [backend.app.main] [-] Recorded 1 AMS sensor history entries
2026-05-19 16:37:42,208 INFO [backend.app.main] [-] Recorded 1 AMS sensor history entries
2026-05-19 16:42:42,222 INFO [backend.app.main] [-] Recorded 1 AMS sensor history entries
2026-05-19 16:47:42,230 INFO [backend.app.main] [-] Recorded 1 AMS sensor history entries
2026-05-19 16:52:42,244 INFO [backend.app.main] [-] Recorded 1 AMS sensor history entries
2026-05-19 16:57:42,252 INFO [backend.app.main] [-] Recorded 1 AMS sensor history entries
2026-05-19 17:02:42,267 INFO [backend.app.main] [-] Recorded 1 AMS sensor history entries
2026-05-19 17:07:42,282 INFO [backend.app.main] [-] Recorded 1 AMS sensor history entries
2026-05-19 17:12:42,305 INFO [backend.app.main] [-] Recorded 1 AMS sensor history entries
2026-05-19 17:17:42,322 INFO [backend.app.main] [-] Recorded 1 AMS sensor history entries
2026-05-19 17:22:42,336 INFO [backend.app.main] [-] Recorded 1 AMS sensor history entries
2026-05-19 17:27:42,353 INFO [backend.app.main] [-] Recorded 1 AMS sensor history entries
2026-05-19 17:32:42,373 INFO [backend.app.main] [-] Recorded 1 AMS sensor history entries
2026-05-19 17:33:28,623 WARNING [backend.app.services.bambu_mqtt] [-] [[SERIAL]] MQTT disconnected: rc=Unspecified error, flags=DisconnectFlags(is_disconnect_packet_from_server=False)
2026-05-20 13:02:47,003 INFO [backend.app.main] [-] Cleaned up 477 old AMS sensor history entries (older than 30 days)
2026-05-20 19:12:34,822 INFO [uvicorn.access] [-] [IP]:59405 - "POST /api/v1/printers/camera/stream-token HTTP/1.1" 200
2026-05-20 19:12:34,977 INFO [backend.app.api.routes.websocket] [-] WebSocket client connecting...
2026-05-20 19:12:34,978 INFO [backend.app.api.routes.websocket] [-] WebSocket client connected
2026-05-20 19:12:34,979 INFO [backend.app.api.routes.websocket] [-] Sent initial status for 2 printers
2026-05-20 19:12:35,528 INFO [backend.app.api.routes.cloud] [44f53f0c] get_filament_info called with 3 IDs: ['GFA01', 'GFA00', 'SUN20010']
2026-05-20 19:12:35,638 WARNING [backend.app.services.firmware_check] [d8b6d341] Failed to get Bambu Lab page: 403 (will try cached buildId if available)
2026-05-20 19:12:35,678 WARNING [backend.app.services.firmware_check] [8f51ff29] Failed to get Bambu Lab page: 403 (will try cached buildId if available)
2026-05-20 19:12:36,112 WARNING [backend.app.api.routes.cloud] [44f53f0c] Failed to get cloud preset SUN20010 (API ID: SUN20010): Failed to get setting detail: 400
2026-05-20 19:12:36,114 INFO [uvicorn.access] [-] [IP]:49304 - "POST /api/v1/cloud/filament-info HTTP/1.1" 200
2026-05-20 19:12:36,142 INFO [backend.app.api.routes.websocket] [-] WebSocket client disconnected normally
2026-05-20 21:11:10,283 INFO [uvicorn.access] [-] [IP]:57234 - "POST /api/v1/printers/camera/stream-token HTTP/1.1" 200
2026-05-20 21:11:10,363 INFO [backend.app.api.routes.websocket] [-] WebSocket client connecting...
2026-05-20 21:11:10,363 INFO [backend.app.api.routes.websocket] [-] WebSocket client connected
2026-05-20 21:11:10,367 INFO [backend.app.api.routes.websocket] [-] Sent initial status for 2 printers
2026-05-20 21:11:10,899 INFO [backend.app.api.routes.cloud] [cefbd96c] get_filament_info called with 3 IDs: ['GFA01', 'GFA00', 'SUN20010']
2026-05-20 21:11:11,016 WARNING [backend.app.services.firmware_check] [9e606494] Failed to get Bambu Lab page: 403 (will try cached buildId if available)
2026-05-20 21:11:11,053 WARNING [backend.app.services.firmware_check] [1a8010f6] Failed to get Bambu Lab page: 403 (will try cached buildId if available)
2026-05-20 21:11:11,464 WARNING [backend.app.api.routes.cloud] [cefbd96c] Failed to get cloud preset SUN20010 (API ID: SUN20010): Failed to get setting detail: 400
2026-05-20 21:11:11,466 INFO [uvicorn.access] [-] [IP]:60439 - "POST /api/v1/cloud/filament-info HTTP/1.1" 200
2026-05-20 21:11:16,335 INFO [backend.app.api.routes.websocket] [-] WebSocket client disconnected normally
2026-05-20 21:11:16,428 INFO [uvicorn.access] [-] [IP]:55815 - "POST /api/v1/printers/camera/stream-token HTTP/1.1" 200
2026-05-20 21:11:16,491 INFO [backend.app.api.routes.websocket] [-] WebSocket client connecting...
2026-05-20 21:11:16,491 INFO [backend.app.api.routes.websocket] [-] WebSocket client connected
2026-05-20 21:11:16,493 INFO [backend.app.api.routes.websocket] [-] Sent initial status for 2 printers
2026-05-20 21:11:17,011 INFO [backend.app.api.routes.cloud] [667d3178] get_filament_info called with 3 IDs: ['GFA01', 'GFA00', 'SUN20010']
2026-05-20 21:11:17,012 INFO [uvicorn.access] [-] [IP]:54806 - "POST /api/v1/cloud/filament-info HTTP/1.1" 200
2026-05-20 21:16:11,302 INFO [backend.app.api.routes.websocket] [-] WebSocket client disconnected normally
2026-05-20 21:16:11,415 INFO [uvicorn.access] [-] [IP]:62268 - "POST /api/v1/printers/camera/stream-token HTTP/1.1" 200
2026-05-20 21:16:11,477 INFO [backend.app.api.routes.websocket] [-] WebSocket client connecting...
2026-05-20 21:16:11,477 INFO [backend.app.api.routes.websocket] [-] WebSocket client connected
2026-05-20 21:16:11,479 INFO [backend.app.api.routes.websocket] [-] Sent initial status for 2 printers
2026-05-20 21:16:11,980 INFO [backend.app.api.routes.cloud] [e482940b] get_filament_info called with 3 IDs: ['GFA01', 'GFA00', 'SUN20010']
2026-05-20 21:16:12,592 WARNING [backend.app.api.routes.cloud] [e482940b] Failed to get cloud preset SUN20010 (API ID: SUN20010): Failed to get setting detail: 400
2026-05-20 21:16:12,594 INFO [uvicorn.access] [-] [IP]:54273 - "POST /api/v1/cloud/filament-info HTTP/1.1" 200
2026-05-20 21:16:15,994 INFO [backend.app.api.routes.updates] [73fd916a] Using git at: C:\Program Files\Git\cmd\git.EXE
2026-05-20 21:16:15,996 INFO [uvicorn.access] [-] [IP]:54273 - "POST /api/v1/updates/apply HTTP/1.1" 200
2026-05-20 21:17:15,440 INFO [backend.app.api.routes.updates] [73fd916a] Update completed successfully
2026-05-20 21:19:19,463 INFO [backend.app.api.routes.websocket] [-] WebSocket client disconnected normally
2026-05-21 10:50:57,923 INFO [uvicorn.access] [-] [IP]:50537 - "POST /api/v1/printers/camera/stream-token HTTP/1.1" 200
2026-05-21 10:50:57,968 INFO [backend.app.api.routes.websocket] [-] WebSocket client connecting...
2026-05-21 10:50:57,969 INFO [backend.app.api.routes.websocket] [-] WebSocket client connected
2026-05-21 10:50:57,973 INFO [backend.app.api.routes.websocket] [-] Sent initial status for 2 printers
2026-05-21 10:50:58,616 INFO [backend.app.api.routes.cloud] [6347767d] get_filament_info called with 3 IDs: ['GFA01', 'GFA00', 'SUN20010']
2026-05-21 10:50:58,854 WARNING [backend.app.services.firmware_check] [55ee7752] Failed to get Bambu Lab page: 403 (will try cached buildId if available)
2026-05-21 10:50:58,863 INFO [backend.app.api.routes.websocket] [-] WebSocket client disconnected normally
2026-05-21 10:50:59,233 WARNING [backend.app.api.routes.cloud] [6347767d] Failed to get cloud preset SUN20010 (API ID: SUN20010): Failed to get setting detail: 400
2026-05-21 10:50:59,337 WARNING [backend.app.services.firmware_check] [676d78c1] Failed to get Bambu Lab page: 403 (will try cached buildId if available)
2026-05-21 11:06:21,857 INFO [root] [-] Logging to file: C:\Servers\bambuddy\logs\bambuddy.log
2026-05-21 11:06:21,858 INFO [root] [-] Bambuddy starting - debug=False, log_level=INFO
2026-05-21 11:06:23,760 INFO [backend.app.services.printer_manager] [-] Loaded 2 printer(s) awaiting plate-clear acknowledgment: [1, 2]
2026-05-21 11:06:23,767 INFO [backend.app.services.mqtt_relay] [-] MQTT relay disabled
2026-05-21 11:06:25,830 INFO [backend.app.services.background_dispatch] [-] Background dispatch dispatcher started
2026-05-21 11:06:25,831 INFO [backend.app.services.smart_plug_manager] [-] Smart plug scheduler started
2026-05-21 11:06:25,831 INFO [backend.app.services.smart_plug_manager] [-] Smart plug energy snapshot loop started
2026-05-21 11:06:25,834 INFO [backend.app.services.print_scheduler] [-] Print scheduler started
2026-05-21 11:06:25,837 INFO [backend.app.services.notification_service] [-] Notification digest scheduler started
2026-05-21 11:06:25,837 INFO [backend.app.services.github_backup] [-] Starting GitHub backup scheduler
2026-05-21 11:06:25,837 INFO [backend.app.services.local_backup] [-] Starting local backup scheduler
2026-05-21 11:06:25,840 INFO [backend.app.services.obico_detection] [-] Starting Obico detection service
2026-05-21 11:06:25,840 INFO [backend.app.services.library_trash] [-] Starting library trash sweeper
2026-05-21 11:06:25,840 INFO [backend.app.services.archive_purge] [-] Starting archive auto-purge sweeper
2026-05-21 11:06:25,840 INFO [backend.app.main] [-] AMS history recording started
2026-05-21 11:06:25,840 INFO [backend.app.main] [-] Printer runtime tracking started
2026-05-21 11:06:25,840 INFO [backend.app.main] [-] SpoolBuddy watchdog started
2026-05-21 11:06:25,840 INFO [backend.app.main] [-] Camera stream cleanup started
2026-05-21 11:06:25,841 INFO [backend.app.main] [-] Expected prints cleanup started
2026-05-21 11:06:25,841 INFO [backend.app.main] [-] Auth periodic cleanup started
2026-05-21 11:06:25,862 INFO [root] [-] Virtual printer manager synced from database
2026-05-22 07:27:02,576 INFO [uvicorn.access] [-] [IP]:51450 - "POST /api/v1/printers/camera/stream-token HTTP/1.1" 200
2026-05-22 07:27:02,669 INFO [backend.app.api.routes.websocket] [-] WebSocket client connecting...
2026-05-22 07:27:02,670 INFO [backend.app.api.routes.websocket] [-] WebSocket client connected
2026-05-22 07:27:02,673 INFO [backend.app.api.routes.websocket] [-] Sent initial status for 2 printers
2026-05-22 07:27:07,615 INFO [backend.app.api.routes.websocket] [-] WebSocket client disconnected normally
2026-05-22 07:27:07,802 INFO [uvicorn.access] [-] [IP]:61862 - "POST /api/v1/printers/camera/stream-token HTTP/1.1" 200
2026-05-22 07:27:07,865 INFO [backend.app.api.routes.websocket] [-] WebSocket client connecting...
2026-05-22 07:27:07,865 INFO [backend.app.api.routes.websocket] [-] WebSocket client connected
2026-05-22 07:27:07,867 INFO [backend.app.api.routes.websocket] [-] Sent initial status for 2 printers
2026-05-22 07:27:08,796 WARNING [backend.app.services.firmware_check] [40b60559] Failed to get Bambu Lab page: 403 (will try cached buildId if available)
2026-05-22 07:27:08,813 WARNING [backend.app.services.firmware_check] [29ecdbdc] Failed to get Bambu Lab page: 403 (will try cached buildId if available)
2026-05-22 07:27:25,628 INFO [backend.app.api.routes.websocket] [-] WebSocket client disconnected normally
2026-05-22 07:27:25,672 INFO [uvicorn.access] [-] [IP]:51898 - "POST /api/v1/printers/camera/stream-token HTTP/1.1" 200
2026-05-22 07:27:25,737 INFO [backend.app.api.routes.websocket] [-] WebSocket client connecting...
2026-05-22 07:27:25,737 INFO [backend.app.api.routes.websocket] [-] WebSocket client connected
2026-05-22 07:27:25,738 INFO [backend.app.api.routes.websocket] [-] Sent initial status for 2 printers
2026-05-22 07:27:36,112 ERROR [backend.app.api.routes.updates] [23091175] Failed to check for updates: 
2026-05-22 07:28:05,088 INFO [backend.app.api.routes.websocket] [-] WebSocket client disconnected normally
2026-05-22 07:28:05,199 INFO [uvicorn.access] [-] [IP]:65026 - "POST /api/v1/printers/camera/stream-token HTTP/1.1" 200
2026-05-22 07:28:05,276 INFO [backend.app.api.routes.websocket] [-] WebSocket client connecting...
2026-05-22 07:28:05,276 INFO [backend.app.api.routes.websocket] [-] WebSocket client connected
2026-05-22 07:28:05,278 INFO [backend.app.api.routes.websocket] [-] Sent initial status for 2 printers
2026-05-22 07:28:13,218 INFO [backend.app.services.camera] [40522362] Found ffmpeg at: C:\Users\Gaboros\AppData\Local\UniGetUI\Chocolatey\bin\ffmpeg.EXE
2026-05-22 07:28:15,664 ERROR [backend.app.api.routes.updates] [6e5da0c5] Failed to check for updates: 
2026-05-22 07:35:23,584 INFO [backend.app.api.routes.websocket] [-] WebSocket client disconnected normally
2026-05-22 07:35:23,764 INFO [uvicorn.access] [-] [IP]:54891 - "POST /api/v1/printers/camera/stream-token HTTP/1.1" 200
2026-05-22 07:35:23,838 INFO [backend.app.api.routes.websocket] [-] WebSocket client connecting...
2026-05-22 07:35:23,839 INFO [backend.app.api.routes.websocket] [-] WebSocket client connected
2026-05-22 07:35:23,840 INFO [backend.app.api.routes.websocket] [-] Sent initial status for 2 printers
2026-05-22 07:35:31,374 INFO [backend.app.api.routes.websocket] [-] WebSocket client disconnected normally
2026-05-22 07:35:31,470 INFO [uvicorn.access] [-] [IP]:64983 - "POST /api/v1/printers/camera/stream-token HTTP/1.1" 200
2026-05-22 07:35:31,543 INFO [backend.app.api.routes.websocket] [-] WebSocket client connecting...
2026-05-22 07:35:31,544 INFO [backend.app.api.routes.websocket] [-] WebSocket client connected
2026-05-22 07:35:31,545 INFO [backend.app.api.routes.websocket] [-] Sent initial status for 2 printers
2026-05-22 07:35:37,606 INFO [backend.app.api.routes.websocket] [-] WebSocket client disconnected normally
2026-05-22 07:35:39,279 INFO [uvicorn.access] [-] [IP]:52202 - "POST /api/v1/printers/camera/stream-token HTTP/1.1" 200
2026-05-22 07:35:39,353 INFO [backend.app.api.routes.websocket] [-] WebSocket client connecting...
2026-05-22 07:35:39,354 INFO [backend.app.api.routes.websocket] [-] WebSocket client connected
2026-05-22 07:35:39,355 INFO [backend.app.api.routes.websocket] [-] Sent initial status for 2 printers
2026-05-22 07:54:03,855 INFO [backend.app.api.routes.websocket] [-] WebSocket client disconnected normally
2026-05-22 07:54:42,321 INFO [uvicorn.access] [-] [IP]:52427 - "POST /api/v1/printers/camera/stream-token HTTP/1.1" 200
2026-05-22 07:54:42,395 INFO [backend.app.api.routes.websocket] [-] WebSocket client connecting...
2026-05-22 07:54:42,396 INFO [backend.app.api.routes.websocket] [-] WebSocket client connected
2026-05-22 07:54:42,401 INFO [backend.app.api.routes.websocket] [-] Sent initial status for 2 printers
2026-05-22 07:54:43,888 INFO [backend.app.api.routes.websocket] [-] WebSocket client disconnected normally
2026-05-22 07:54:43,930 INFO [uvicorn.access] [-] [IP]:52427 - "POST /api/v1/printers/camera/stream-token HTTP/1.1" 200
2026-05-22 07:54:43,996 INFO [backend.app.api.routes.websocket] [-] WebSocket client connecting...
2026-05-22 07:54:43,997 INFO [backend.app.api.routes.websocket] [-] WebSocket client connected
2026-05-22 07:54:43,998 INFO [backend.app.api.routes.websocket] [-] Sent initial status for 2 printers
2026-05-22 07:54:52,965 ERROR [backend.app.api.routes.updates] [7cf10c3b] Failed to check for updates: 
2026-05-22 07:54:54,405 ERROR [backend.app.api.routes.updates] [1e62d181] Failed to check for updates: 
2026-05-22 07:58:04,183 INFO [backend.app.api.routes.websocket] [-] WebSocket client disconnected normally
2026-05-22 07:58:04,263 INFO [uvicorn.access] [-] [IP]:65372 - "POST /api/v1/printers/camera/stream-token HTTP/1.1" 200
2026-05-22 07:58:04,326 INFO [backend.app.api.routes.websocket] [-] WebSocket client connecting...
2026-05-22 07:58:04,326 INFO [backend.app.api.routes.websocket] [-] WebSocket client connected
2026-05-22 07:58:04,327 INFO [backend.app.api.routes.websocket] [-] Sent initial status for 2 printers
2026-05-22 07:58:14,728 ERROR [backend.app.api.routes.updates] [73b9b58c] Failed to check for updates: 
2026-05-22 07:59:37,542 INFO [backend.app.api.routes.websocket] [-] WebSocket client disconnected normally
2026-05-22 07:59:37,650 INFO [uvicorn.access] [-] [IP]:51130 - "POST /api/v1/printers/camera/stream-token HTTP/1.1" 200
2026-05-22 07:59:37,714 INFO [backend.app.api.routes.websocket] [-] WebSocket client connecting...
2026-05-22 07:59:37,715 INFO [backend.app.api.routes.websocket] [-] WebSocket client connected
2026-05-22 07:59:37,716 INFO [backend.app.api.routes.websocket] [-] Sent initial status for 2 printers
2026-05-22 08:01:01,567 INFO [root] [-] Logging to file: C:\Servers\bambuddy\logs\bambuddy.log
2026-05-22 08:01:01,567 INFO [root] [-] Bambuddy starting - debug=False, log_level=INFO
2026-05-22 08:01:03,249 INFO [backend.app.services.printer_manager] [-] Loaded 2 printer(s) awaiting plate-clear acknowledgment: [1, 2]
2026-05-22 08:01:03,256 INFO [backend.app.services.mqtt_relay] [-] MQTT relay disabled
2026-05-22 08:01:05,321 INFO [backend.app.services.background_dispatch] [-] Background dispatch dispatcher started
2026-05-22 08:01:05,321 INFO [backend.app.services.smart_plug_manager] [-] Smart plug scheduler started
2026-05-22 08:01:05,321 INFO [backend.app.services.smart_plug_manager] [-] Smart plug energy snapshot loop started
2026-05-22 08:01:05,325 INFO [backend.app.services.print_scheduler] [-] Print scheduler started
2026-05-22 08:01:05,328 INFO [backend.app.services.notification_service] [-] Notification digest scheduler started
2026-05-22 08:01:05,328 INFO [backend.app.services.github_backup] [-] Starting GitHub backup scheduler
2026-05-22 08:01:05,328 INFO [backend.app.services.local_backup] [-] Starting local backup scheduler
2026-05-22 08:01:05,332 INFO [backend.app.services.obico_detection] [-] Starting Obico detection service
2026-05-22 08:01:05,332 INFO [backend.app.services.library_trash] [-] Starting library trash sweeper
2026-05-22 08:01:05,332 INFO [backend.app.services.archive_purge] [-] Starting archive auto-purge sweeper
2026-05-22 08:01:05,332 INFO [backend.app.main] [-] AMS history recording started
2026-05-22 08:01:05,332 INFO [backend.app.main] [-] Printer runtime tracking started
2026-05-22 08:01:05,332 INFO [backend.app.main] [-] SpoolBuddy watchdog started
2026-05-22 08:01:05,333 INFO [backend.app.main] [-] Camera stream cleanup started
2026-05-22 08:01:05,333 INFO [backend.app.main] [-] Expected prints cleanup started
2026-05-22 08:01:05,333 INFO [backend.app.main] [-] Auth periodic cleanup started
2026-05-22 08:01:05,343 INFO [root] [-] Virtual printer manager synced from database
2026-05-22 08:01:11,777 INFO [backend.app.api.routes.websocket] [-] WebSocket client connecting...
2026-05-22 08:01:11,778 INFO [backend.app.api.routes.websocket] [-] WebSocket client connected
2026-05-22 08:01:11,779 INFO [backend.app.api.routes.websocket] [-] Sent initial status for 2 printers
2026-05-22 08:01:24,176 INFO [uvicorn.access] [-] [IP]:53345 - "POST /api/v1/printers/camera/stream-token HTTP/1.1" 200
2026-05-22 08:01:24,240 INFO [backend.app.api.routes.websocket] [-] WebSocket client connecting...
2026-05-22 08:01:24,240 INFO [backend.app.api.routes.websocket] [-] WebSocket client connected
2026-05-22 08:01:24,241 INFO [backend.app.api.routes.websocket] [-] Sent initial status for 2 printers
2026-05-22 08:01:25,168 WARNING [backend.app.services.firmware_check] [bff16c7b] Failed to get Bambu Lab page: 403 (will try cached buildId if available)
2026-05-22 08:01:25,216 WARNING [backend.app.services.firmware_check] [bd019e0e] Failed to get Bambu Lab page: 403 (will try cached buildId if available)
2026-05-22 08:01:29,361 INFO [uvicorn.access] [-] [IP]:60162 - "POST /api/v1/printers/2/connect HTTP/1.1" 200
2026-05-22 08:01:30,142 WARNING [backend.app.services.bambu_mqtt] [c501fd6e] [[SERIAL]] request_status_update: not connected
2026-05-22 08:01:30,143 INFO [uvicorn.access] [-] [IP]:60162 - "POST /api/v1/printers/2/refresh-status HTTP/1.1" 400
2026-05-22 08:01:34,911 INFO [uvicorn.access] [-] [IP]:55415 - "POST /api/v1/printers/2/logging/enable HTTP/1.1" 200
2026-05-22 08:01:42,400 INFO [uvicorn.access] [-] [IP]:55415 - "POST /api/v1/printers/2/connect HTTP/1.1" 200
2026-05-22 08:01:48,497 INFO [backend.app.api.routes.websocket] [-] WebSocket client disconnected normally
2026-05-22 08:02:37,661 INFO [backend.app.api.routes.websocket] [-] WebSocket client disconnected normally
2026-05-22 08:02:37,983 INFO [uvicorn.access] [-] [IP]:60066 - "POST /api/v1/printers/camera/stream-token HTTP/1.1" 200
2026-05-22 08:02:38,059 INFO [backend.app.api.routes.websocket] [-] WebSocket client connecting...
2026-05-22 08:02:38,059 INFO [backend.app.api.routes.websocket] [-] WebSocket client connected
2026-05-22 08:02:38,061 INFO [backend.app.api.routes.websocket] [-] Sent initial status for 2 printers
2026-05-22 08:02:38,960 INFO [backend.app.api.routes.websocket] [-] WebSocket client disconnected normally
2026-05-22 08:02:39,139 INFO [uvicorn.access] [-] [IP]:54755 - "POST /api/v1/printers/camera/stream-token HTTP/1.1" 200
2026-05-22 08:02:39,203 INFO [backend.app.api.routes.websocket] [-] WebSocket client connecting...
2026-05-22 08:02:39,203 INFO [backend.app.api.routes.websocket] [-] WebSocket client connected
2026-05-22 08:02:39,206 INFO [backend.app.api.routes.websocket] [-] Sent initial status for 2 printers
2026-05-22 08:02:49,556 ERROR [backend.app.api.routes.updates] [c971d25c] Failed to check for updates: 
2026-05-22 08:03:56,185 INFO [backend.app.api.routes.support] [bb0b7b5a] Log level changed to DEBUG
2026-05-22 08:03:56,186 INFO [backend.app.api.routes.bug_report] [bb0b7b5a] Bug report: enabled debug logging
2026-05-22 08:03:56,186 WARNING [backend.app.services.bambu_mqtt] [bb0b7b5a] [[SERIAL]] request_status_update: not connected
2026-05-22 08:03:56,186 WARNING [backend.app.services.bambu_mqtt] [bb0b7b5a] [[SERIAL]] request_status_update: not connected
2026-05-22 08:03:56,186 INFO [uvicorn.access] [-] [IP]:49870 - "POST /api/v1/bug-report/start-logging HTTP/1.1" 200