2026-06-11 20:07:03,371 DEBUG [backend.app.services.bambu_mqtt] [-] [[SERIAL]] AMS 0 info=0x10002003 -> extruder 0
2026-06-11 20:07:03,371 DEBUG [backend.app.services.bambu_mqtt] [-] [[SERIAL]] AMS 1 info=0x10001101 -> extruder 1
2026-06-11 20:07:03,371 DEBUG [backend.app.services.bambu_mqtt] [-] [[SERIAL]] ams_extruder_map: {'0': 0, '1': 1}
2026-06-11 20:07:03,372 DEBUG [backend.app.services.bambu_mqtt] [-] [[SERIAL]] ams_status: 0 (main=0, sub=0)
2026-06-11 20:07:03,372 DEBUG [backend.app.services.bambu_mqtt] [-] [[SERIAL]] Received command response: push_status
2026-06-11 20:07:03,372 DEBUG [backend.app.services.bambu_mqtt] [-] [[SERIAL]] device.extruder.state=2 (switch_state bits 12-14: 0)
2026-06-11 20:07:03,373 DEBUG [backend.app.services.bambu_mqtt] [-] [[SERIAL]] info.temp direct: 26°C (heater OFF)
2026-06-11 20:07:03,373 DEBUG [backend.app.services.bambu_mqtt] [-] [[SERIAL]] ctc_info keys: ['temp']
2026-06-11 20:07:03,374 DEBUG [backend.app.services.bambu_mqtt] [-] [[SERIAL]] Chamber heating calculated: target=0.0, current=26.0, heating=False, respect_local=False
2026-06-11 20:07:03,374 DEBUG [backend.app.services.bambu_mqtt] [-] [[SERIAL]] Chamber temp updated to: 26.0, target: 0.0, heating: False
2026-06-11 20:07:03,374 DEBUG [backend.app.services.bambu_mqtt] [-] [[SERIAL]] HMS data received: []
2026-06-11 20:07:03,375 DEBUG [backend.app.services.bambu_mqtt] [-] [[SERIAL]] ipcam field: {'agora_service': 'disable', 'brtc_service': 'enable', 'bs_state': 0, 'cap_pic_enable': 'invalid', 'ipcam_dev': '1', 'ipcam_record': 'enable', 'laser_preview_res': 5, 'mode_bits': 2, 'resolution': '1080p', 'rtsp_url': 'rtsps://[IP]:322/streaming/live/1', 'timelapse': 'disable', 'tl_store_hpd_type': 2, 'tl_store_path_type': 2, 'tutk_server': 'disable'}
2026-06-11 20:07:03,375 DEBUG [backend.app.services.bambu_mqtt] [-] [[SERIAL]] wifi_signal received: -44dBm
2026-06-11 20:07:03,376 DEBUG [backend.app.services.bambu_mqtt] [-] [[SERIAL]] lights_report: [{'mode': 'off', 'node': 'chamber_light'}, {'mode': 'flashing', 'node': 'work_light'}, {'mode': 'off', 'node': 'chamber_light2'}]
2026-06-11 20:07:03,377 DEBUG [backend.app.services.bambu_mqtt] [-] [[SERIAL]] MQTT mapping field: [1]
2026-06-11 20:07:03,377 DEBUG [backend.app.services.bambu_mqtt] [-] [[SERIAL]] gcode_state: FINISH -> FINISH, file: /data/Metadata/plate_1.gcode, subtask: POKEMON_TCG_SLEEVE_AND_TOPLOADER_DISPENSER
2026-06-11 20:07:04,673 DEBUG [backend.app.services.bambu_mqtt] [-] [[SERIAL]] Found xcam inside print data: {'allow_skip_parts': False, 'buildplate_marker_detector': True, 'cfg': 1797559, 'first_layer_inspector': True, 'halt_print_sensitivity': 'medium', 'print_halt': True, 'printing_monitor': True, 'spaghetti_detector': True}
2026-06-11 20:07:04,674 DEBUG [backend.app.services.bambu_mqtt] [-] [[SERIAL]] Parsing xcam data - all fields: ['allow_skip_parts', 'buildplate_marker_detector', 'cfg', 'first_layer_inspector', 'halt_print_sensitivity', 'print_halt', 'printing_monitor', 'spaghetti_detector']
2026-06-11 20:07:04,674 DEBUG [backend.app.services.bambu_mqtt] [-] [[SERIAL]] xcam cfg bitmask: 1797559 (binary: 0b110110110110110110111)
2026-06-11 20:07:04,674 DEBUG [backend.app.services.bambu_mqtt] [-] [[SERIAL]] Received gcode_state: FINISH, gcode_file: /data/Metadata/plate_1.gcode, subtask_name: POKEMON_TCG_SLEEVE_AND_TOPLOADER_DISPENSER
2026-06-11 20:07:04,674 DEBUG [backend.app.services.bambu_mqtt] [-] [[SERIAL]] AMS dict fields: {'ams_exist_bits': '3', 'ams_exist_bits_raw': '3', 'cali_id': 255, 'cali_stat': 0, 'insert_flag': True, 'power_on_flag': True, 'tray_exist_bits': 'ff', 'tray_hall_out_bits': '0', 'tray_is_bbl_bits': 'ff', 'tray_now': '255', 'tray_pre': '255', 'tray_read_done_bits': 'ff', 'tray_reading_bits': '0', 'tray_tar': '255', 'unbind_ams_stat': 0, 'version': 31182}
2026-06-11 20:07:04,675 DEBUG [backend.app.services.bambu_mqtt] [-] [[SERIAL]] tray_now updated: 255
2026-06-11 20:07:04,675 DEBUG [backend.app.services.bambu_mqtt] [-] [[SERIAL]] Merged AMS data: 2 new units, 2 total
2026-06-11 20:07:04,675 DEBUG [backend.app.services.bambu_mqtt] [-] [[SERIAL]] AMS 0 info=0x10002003 -> extruder 0
2026-06-11 20:07:04,675 DEBUG [backend.app.services.bambu_mqtt] [-] [[SERIAL]] AMS 1 info=0x10001101 -> extruder 1
2026-06-11 20:07:04,676 DEBUG [backend.app.services.bambu_mqtt] [-] [[SERIAL]] ams_extruder_map: {'0': 0, '1': 1}
2026-06-11 20:07:04,676 DEBUG [backend.app.services.bambu_mqtt] [-] [[SERIAL]] ams_status: 0 (main=0, sub=0)
2026-06-11 20:07:04,676 DEBUG [backend.app.services.bambu_mqtt] [-] [[SERIAL]] Received command response: push_status
2026-06-11 20:07:04,677 DEBUG [backend.app.services.bambu_mqtt] [-] [[SERIAL]] device.extruder.state=2 (switch_state bits 12-14: 0)
2026-06-11 20:07:04,677 DEBUG [backend.app.services.bambu_mqtt] [-] [[SERIAL]] info.temp direct: 26°C (heater OFF)
2026-06-11 20:07:04,677 DEBUG [backend.app.services.bambu_mqtt] [-] [[SERIAL]] ctc_info keys: ['temp']
2026-06-11 20:07:04,678 DEBUG [backend.app.services.bambu_mqtt] [-] [[SERIAL]] Chamber heating calculated: target=0.0, current=26.0, heating=False, respect_local=False
2026-06-11 20:07:04,679 DEBUG [backend.app.services.bambu_mqtt] [-] [[SERIAL]] Chamber temp updated to: 26.0, target: 0.0, heating: False
2026-06-11 20:07:04,679 DEBUG [backend.app.services.bambu_mqtt] [-] [[SERIAL]] HMS data received: []
2026-06-11 20:07:04,679 DEBUG [backend.app.services.bambu_mqtt] [-] [[SERIAL]] ipcam field: {'agora_service': 'disable', 'brtc_service': 'enable', 'bs_state': 0, 'cap_pic_enable': 'invalid', 'ipcam_dev': '1', 'ipcam_record': 'enable', 'laser_preview_res': 5, 'mode_bits': 2, 'resolution': '1080p', 'rtsp_url': 'rtsps://[IP]:322/streaming/live/1', 'timelapse': 'disable', 'tl_store_hpd_type': 2, 'tl_store_path_type': 2, 'tutk_server': 'disable'}
2026-06-11 20:07:04,680 DEBUG [backend.app.services.bambu_mqtt] [-] [[SERIAL]] wifi_signal received: -44dBm
2026-06-11 20:07:04,680 DEBUG [backend.app.services.bambu_mqtt] [-] [[SERIAL]] lights_report: [{'mode': 'off', 'node': 'chamber_light'}, {'mode': 'flashing', 'node': 'work_light'}, {'mode': 'off', 'node': 'chamber_light2'}]
2026-06-11 20:07:04,681 DEBUG [backend.app.services.bambu_mqtt] [-] [[SERIAL]] MQTT mapping field: [1]
2026-06-11 20:07:04,681 DEBUG [backend.app.services.bambu_mqtt] [-] [[SERIAL]] gcode_state: FINISH -> FINISH, file: /data/Metadata/plate_1.gcode, subtask: POKEMON_TCG_SLEEVE_AND_TOPLOADER_DISPENSER
2026-06-11 20:07:06,120 DEBUG [backend.app.services.bambu_mqtt] [-] [[SERIAL]] Found xcam inside print data: {'allow_skip_parts': False, 'buildplate_marker_detector': True, 'cfg': 1797559, 'first_layer_inspector': True, 'halt_print_sensitivity': 'medium', 'print_halt': True, 'printing_monitor': True, 'spaghetti_detector': True}
2026-06-11 20:07:06,120 DEBUG [backend.app.services.bambu_mqtt] [-] [[SERIAL]] Parsing xcam data - all fields: ['allow_skip_parts', 'buildplate_marker_detector', 'cfg', 'first_layer_inspector', 'halt_print_sensitivity', 'print_halt', 'printing_monitor', 'spaghetti_detector']
2026-06-11 20:07:06,120 DEBUG [backend.app.services.bambu_mqtt] [-] [[SERIAL]] xcam cfg bitmask: 1797559 (binary: 0b110110110110110110111)
2026-06-11 20:07:06,121 DEBUG [backend.app.services.bambu_mqtt] [-] [[SERIAL]] Received gcode_state: FINISH, gcode_file: /data/Metadata/plate_1.gcode, subtask_name: POKEMON_TCG_SLEEVE_AND_TOPLOADER_DISPENSER
2026-06-11 20:07:06,122 DEBUG [backend.app.services.bambu_mqtt] [-] [[SERIAL]] AMS dict fields: {'ams_exist_bits': '3', 'ams_exist_bits_raw': '3', 'cali_id': 255, 'cali_stat': 0, 'insert_flag': True, 'power_on_flag': True, 'tray_exist_bits': 'ff', 'tray_hall_out_bits': '0', 'tray_is_bbl_bits': 'ff', 'tray_now': '255', 'tray_pre': '255', 'tray_read_done_bits': 'ff', 'tray_reading_bits': '0', 'tray_tar': '255', 'unbind_ams_stat': 0, 'version': 31182}
2026-06-11 20:07:06,122 DEBUG [backend.app.services.bambu_mqtt] [-] [[SERIAL]] tray_now updated: 255
2026-06-11 20:07:06,123 DEBUG [backend.app.services.bambu_mqtt] [-] [[SERIAL]] Merged AMS data: 2 new units, 2 total
2026-06-11 20:07:06,123 DEBUG [backend.app.services.bambu_mqtt] [-] [[SERIAL]] AMS 0 info=0x10002003 -> extruder 0
2026-06-11 20:07:06,124 DEBUG [backend.app.services.bambu_mqtt] [-] [[SERIAL]] AMS 1 info=0x10001101 -> extruder 1
2026-06-11 20:07:06,124 DEBUG [backend.app.services.bambu_mqtt] [-] [[SERIAL]] ams_extruder_map: {'0': 0, '1': 1}
2026-06-11 20:07:06,125 DEBUG [backend.app.services.bambu_mqtt] [-] [[SERIAL]] ams_status: 0 (main=0, sub=0)
2026-06-11 20:07:06,126 DEBUG [backend.app.services.bambu_mqtt] [-] [[SERIAL]] Received command response: push_status
2026-06-11 20:07:06,127 DEBUG [backend.app.services.bambu_mqtt] [-] [[SERIAL]] device.extruder.state=2 (switch_state bits 12-14: 0)
2026-06-11 20:07:06,128 DEBUG [backend.app.services.bambu_mqtt] [-] [[SERIAL]] info.temp direct: 26°C (heater OFF)
2026-06-11 20:07:06,128 DEBUG [backend.app.services.bambu_mqtt] [-] [[SERIAL]] ctc_info keys: ['temp']
2026-06-11 20:07:06,129 DEBUG [backend.app.services.bambu_mqtt] [-] [[SERIAL]] Chamber heating calculated: target=0.0, current=26.0, heating=False, respect_local=False
2026-06-11 20:07:06,129 DEBUG [backend.app.services.bambu_mqtt] [-] [[SERIAL]] Chamber temp updated to: 26.0, target: 0.0, heating: False
2026-06-11 20:07:06,130 DEBUG [backend.app.services.bambu_mqtt] [-] [[SERIAL]] HMS data received: []
2026-06-11 20:07:06,130 DEBUG [backend.app.services.bambu_mqtt] [-] [[SERIAL]] ipcam field: {'agora_service': 'disable', 'brtc_service': 'enable', 'bs_state': 0, 'cap_pic_enable': 'invalid', 'ipcam_dev': '1', 'ipcam_record': 'enable', 'laser_preview_res': 5, 'mode_bits': 2, 'resolution': '1080p', 'rtsp_url': 'rtsps://[IP]:322/streaming/live/1', 'timelapse': 'disable', 'tl_store_hpd_type': 2, 'tl_store_path_type': 2, 'tutk_server': 'disable'}
2026-06-11 20:07:06,133 DEBUG [backend.app.services.bambu_mqtt] [-] [[SERIAL]] wifi_signal received: -44dBm
2026-06-11 20:07:06,134 DEBUG [backend.app.services.bambu_mqtt] [-] [[SERIAL]] lights_report: [{'mode': 'off', 'node': 'chamber_light'}, {'mode': 'flashing', 'node': 'work_light'}, {'mode': 'off', 'node': 'chamber_light2'}]
2026-06-11 20:07:06,134 DEBUG [backend.app.services.bambu_mqtt] [-] [[SERIAL]] MQTT mapping field: [1]
2026-06-11 20:07:06,135 DEBUG [backend.app.services.bambu_mqtt] [-] [[SERIAL]] gcode_state: FINISH -> FINISH, file: /data/Metadata/plate_1.gcode, subtask: POKEMON_TCG_SLEEVE_AND_TOPLOADER_DISPENSER
2026-06-11 20:07:07,741 DEBUG [backend.app.services.bambu_mqtt] [-] [[SERIAL]] Found xcam inside print data: {'allow_skip_parts': False, 'buildplate_marker_detector': True, 'cfg': 1797559, 'first_layer_inspector': True, 'halt_print_sensitivity': 'medium', 'print_halt': True, 'printing_monitor': True, 'spaghetti_detector': True}
2026-06-11 20:07:07,742 DEBUG [backend.app.services.bambu_mqtt] [-] [[SERIAL]] Parsing xcam data - all fields: ['allow_skip_parts', 'buildplate_marker_detector', 'cfg', 'first_layer_inspector', 'halt_print_sensitivity', 'print_halt', 'printing_monitor', 'spaghetti_detector']
2026-06-11 20:07:07,742 DEBUG [backend.app.services.bambu_mqtt] [-] [[SERIAL]] xcam cfg bitmask: 1797559 (binary: 0b110110110110110110111)
2026-06-11 20:07:07,742 DEBUG [backend.app.services.bambu_mqtt] [-] [[SERIAL]] Received gcode_state: FINISH, gcode_file: /data/Metadata/plate_1.gcode, subtask_name: POKEMON_TCG_SLEEVE_AND_TOPLOADER_DISPENSER
2026-06-11 20:07:07,743 DEBUG [backend.app.services.bambu_mqtt] [-] [[SERIAL]] AMS dict fields: {'ams_exist_bits': '3', 'ams_exist_bits_raw': '3', 'cali_id': 255, 'cali_stat': 0, 'insert_flag': True, 'power_on_flag': True, 'tray_exist_bits': 'ff', 'tray_hall_out_bits': '0', 'tray_is_bbl_bits': 'ff', 'tray_now': '255', 'tray_pre': '255', 'tray_read_done_bits': 'ff', 'tray_reading_bits': '0', 'tray_tar': '255', 'unbind_ams_stat': 0, 'version': 31182}
2026-06-11 20:07:07,743 DEBUG [backend.app.services.bambu_mqtt] [-] [[SERIAL]] tray_now updated: 255
2026-06-11 20:07:07,744 DEBUG [backend.app.services.bambu_mqtt] [-] [[SERIAL]] Merged AMS data: 2 new units, 2 total
2026-06-11 20:07:07,744 DEBUG [backend.app.services.bambu_mqtt] [-] [[SERIAL]] AMS 0 info=0x10002003 -> extruder 0
2026-06-11 20:07:07,744 DEBUG [backend.app.services.bambu_mqtt] [-] [[SERIAL]] AMS 1 info=0x10001101 -> extruder 1
2026-06-11 20:07:07,744 DEBUG [backend.app.services.bambu_mqtt] [-] [[SERIAL]] ams_extruder_map: {'0': 0, '1': 1}
2026-06-11 20:07:07,745 DEBUG [backend.app.services.bambu_mqtt] [-] [[SERIAL]] ams_status: 0 (main=0, sub=0)
2026-06-11 20:07:07,745 DEBUG [backend.app.services.bambu_mqtt] [-] [[SERIAL]] Received command response: push_status
2026-06-11 20:07:07,746 DEBUG [backend.app.services.bambu_mqtt] [-] [[SERIAL]] device.extruder.state=2 (switch_state bits 12-14: 0)
2026-06-11 20:07:07,746 DEBUG [backend.app.services.bambu_mqtt] [-] [[SERIAL]] info.temp direct: 26°C (heater OFF)
2026-06-11 20:07:07,746 DEBUG [backend.app.services.bambu_mqtt] [-] [[SERIAL]] ctc_info keys: ['temp']
2026-06-11 20:07:07,747 DEBUG [backend.app.services.bambu_mqtt] [-] [[SERIAL]] Chamber heating calculated: target=0.0, current=26.0, heating=False, respect_local=False
2026-06-11 20:07:07,748 DEBUG [backend.app.services.bambu_mqtt] [-] [[SERIAL]] Chamber temp updated to: 26.0, target: 0.0, heating: False
2026-06-11 20:07:07,748 DEBUG [backend.app.services.bambu_mqtt] [-] [[SERIAL]] HMS data received: []
2026-06-11 20:07:07,748 DEBUG [backend.app.services.bambu_mqtt] [-] [[SERIAL]] ipcam field: {'agora_service': 'disable', 'brtc_service': 'enable', 'bs_state': 0, 'cap_pic_enable': 'invalid', 'ipcam_dev': '1', 'ipcam_record': 'enable', 'laser_preview_res': 5, 'mode_bits': 2, 'resolution': '1080p', 'rtsp_url': 'rtsps://[IP]:322/streaming/live/1', 'timelapse': 'disable', 'tl_store_hpd_type': 2, 'tl_store_path_type': 2, 'tutk_server': 'disable'}
2026-06-11 20:07:07,749 DEBUG [backend.app.services.bambu_mqtt] [-] [[SERIAL]] wifi_signal received: -44dBm
2026-06-11 20:07:07,749 DEBUG [backend.app.services.bambu_mqtt] [-] [[SERIAL]] lights_report: [{'mode': 'off', 'node': 'chamber_light'}, {'mode': 'flashing', 'node': 'work_light'}, {'mode': 'off', 'node': 'chamber_light2'}]
2026-06-11 20:07:07,750 DEBUG [backend.app.services.bambu_mqtt] [-] [[SERIAL]] MQTT mapping field: [1]
2026-06-11 20:07:07,750 DEBUG [backend.app.services.bambu_mqtt] [-] [[SERIAL]] gcode_state: FINISH -> FINISH, file: /data/Metadata/plate_1.gcode, subtask: POKEMON_TCG_SLEEVE_AND_TOPLOADER_DISPENSER
2026-06-11 20:07:09,316 DEBUG [backend.app.services.bambu_mqtt] [-] [[SERIAL]] Found xcam inside print data: {'allow_skip_parts': False, 'buildplate_marker_detector': True, 'cfg': 1797559, 'first_layer_inspector': True, 'halt_print_sensitivity': 'medium', 'print_halt': True, 'printing_monitor': True, 'spaghetti_detector': True}
2026-06-11 20:07:09,317 DEBUG [backend.app.services.bambu_mqtt] [-] [[SERIAL]] Parsing xcam data - all fields: ['allow_skip_parts', 'buildplate_marker_detector', 'cfg', 'first_layer_inspector', 'halt_print_sensitivity', 'print_halt', 'printing_monitor', 'spaghetti_detector']
2026-06-11 20:07:09,317 DEBUG [backend.app.services.bambu_mqtt] [-] [[SERIAL]] xcam cfg bitmask: 1797559 (binary: 0b110110110110110110111)
2026-06-11 20:07:09,318 DEBUG [backend.app.services.bambu_mqtt] [-] [[SERIAL]] Received gcode_state: FINISH, gcode_file: /data/Metadata/plate_1.gcode, subtask_name: POKEMON_TCG_SLEEVE_AND_TOPLOADER_DISPENSER
2026-06-11 20:07:09,318 DEBUG [backend.app.services.bambu_mqtt] [-] [[SERIAL]] AMS dict fields: {'ams_exist_bits': '3', 'ams_exist_bits_raw': '3', 'cali_id': 255, 'cali_stat': 0, 'insert_flag': True, 'power_on_flag': True, 'tray_exist_bits': 'ff', 'tray_hall_out_bits': '0', 'tray_is_bbl_bits': 'ff', 'tray_now': '255', 'tray_pre': '255', 'tray_read_done_bits': 'ff', 'tray_reading_bits': '0', 'tray_tar': '255', 'unbind_ams_stat': 0, 'version': 31182}
2026-06-11 20:07:09,318 DEBUG [backend.app.services.bambu_mqtt] [-] [[SERIAL]] tray_now updated: 255
2026-06-11 20:07:09,319 DEBUG [backend.app.services.bambu_mqtt] [-] [[SERIAL]] Merged AMS data: 2 new units, 2 total
2026-06-11 20:07:09,320 DEBUG [backend.app.services.bambu_mqtt] [-] [[SERIAL]] AMS 0 info=0x10002003 -> extruder 0
2026-06-11 20:07:09,321 DEBUG [backend.app.services.bambu_mqtt] [-] [[SERIAL]] AMS 1 info=0x10001101 -> extruder 1
2026-06-11 20:07:09,322 DEBUG [backend.app.services.bambu_mqtt] [-] [[SERIAL]] ams_extruder_map: {'0': 0, '1': 1}
2026-06-11 20:07:09,323 DEBUG [backend.app.services.bambu_mqtt] [-] [[SERIAL]] ams_status: 0 (main=0, sub=0)
2026-06-11 20:07:09,323 DEBUG [backend.app.services.bambu_mqtt] [-] [[SERIAL]] Received command response: push_status
2026-06-11 20:07:09,324 DEBUG [backend.app.services.bambu_mqtt] [-] [[SERIAL]] device.extruder.state=2 (switch_state bits 12-14: 0)
2026-06-11 20:07:09,324 DEBUG [backend.app.services.bambu_mqtt] [-] [[SERIAL]] info.temp direct: 26°C (heater OFF)
2026-06-11 20:07:09,324 DEBUG [backend.app.services.bambu_mqtt] [-] [[SERIAL]] ctc_info keys: ['temp']
2026-06-11 20:07:09,325 DEBUG [backend.app.services.bambu_mqtt] [-] [[SERIAL]] Chamber heating calculated: target=0.0, current=26.0, heating=False, respect_local=False
2026-06-11 20:07:09,325 DEBUG [backend.app.services.bambu_mqtt] [-] [[SERIAL]] Chamber temp updated to: 26.0, target: 0.0, heating: False
2026-06-11 20:07:09,326 DEBUG [backend.app.services.bambu_mqtt] [-] [[SERIAL]] HMS data received: []
2026-06-11 20:07:09,326 DEBUG [backend.app.services.bambu_mqtt] [-] [[SERIAL]] ipcam field: {'agora_service': 'disable', 'brtc_service': 'enable', 'bs_state': 0, 'cap_pic_enable': 'invalid', 'ipcam_dev': '1', 'ipcam_record': 'enable', 'laser_preview_res': 5, 'mode_bits': 2, 'resolution': '1080p', 'rtsp_url': 'rtsps://[IP]:322/streaming/live/1', 'timelapse': 'disable', 'tl_store_hpd_type': 2, 'tl_store_path_type': 2, 'tutk_server': 'disable'}
2026-06-11 20:07:09,327 DEBUG [backend.app.services.bambu_mqtt] [-] [[SERIAL]] wifi_signal received: -44dBm
2026-06-11 20:07:09,327 DEBUG [backend.app.services.bambu_mqtt] [-] [[SERIAL]] lights_report: [{'mode': 'off', 'node': 'chamber_light'}, {'mode': 'flashing', 'node': 'work_light'}, {'mode': 'off', 'node': 'chamber_light2'}]
2026-06-11 20:07:09,328 DEBUG [backend.app.services.bambu_mqtt] [-] [[SERIAL]] MQTT mapping field: [1]
2026-06-11 20:07:09,328 DEBUG [backend.app.services.bambu_mqtt] [-] [[SERIAL]] gcode_state: FINISH -> FINISH, file: /data/Metadata/plate_1.gcode, subtask: POKEMON_TCG_SLEEVE_AND_TOPLOADER_DISPENSER
2026-06-11 20:07:10,640 DEBUG [backend.app.services.bambu_mqtt] [-] [[SERIAL]] Found xcam inside print data: {'allow_skip_parts': False, 'buildplate_marker_detector': True, 'cfg': 1797559, 'first_layer_inspector': True, 'halt_print_sensitivity': 'medium', 'print_halt': True, 'printing_monitor': True, 'spaghetti_detector': True}
2026-06-11 20:07:10,640 DEBUG [backend.app.services.bambu_mqtt] [-] [[SERIAL]] Parsing xcam data - all fields: ['allow_skip_parts', 'buildplate_marker_detector', 'cfg', 'first_layer_inspector', 'halt_print_sensitivity', 'print_halt', 'printing_monitor', 'spaghetti_detector']
2026-06-11 20:07:10,640 DEBUG [backend.app.services.bambu_mqtt] [-] [[SERIAL]] xcam cfg bitmask: 1797559 (binary: 0b110110110110110110111)
2026-06-11 20:07:10,641 DEBUG [backend.app.services.bambu_mqtt] [-] [[SERIAL]] Received gcode_state: FINISH, gcode_file: /data/Metadata/plate_1.gcode, subtask_name: POKEMON_TCG_SLEEVE_AND_TOPLOADER_DISPENSER
2026-06-11 20:07:10,641 DEBUG [backend.app.services.bambu_mqtt] [-] [[SERIAL]] AMS dict fields: {'ams_exist_bits': '3', 'ams_exist_bits_raw': '3', 'cali_id': 255, 'cali_stat': 0, 'insert_flag': True, 'power_on_flag': True, 'tray_exist_bits': 'ff', 'tray_hall_out_bits': '0', 'tray_is_bbl_bits': 'ff', 'tray_now': '255', 'tray_pre': '255', 'tray_read_done_bits': 'ff', 'tray_reading_bits': '0', 'tray_tar': '255', 'unbind_ams_stat': 0, 'version': 31182}
2026-06-11 20:07:10,641 DEBUG [backend.app.services.bambu_mqtt] [-] [[SERIAL]] tray_now updated: 255
2026-06-11 20:07:10,641 DEBUG [backend.app.services.bambu_mqtt] [-] [[SERIAL]] Merged AMS data: 2 new units, 2 total
2026-06-11 20:07:10,642 DEBUG [backend.app.services.bambu_mqtt] [-] [[SERIAL]] AMS 0 info=0x10002003 -> extruder 0
2026-06-11 20:07:10,642 DEBUG [backend.app.services.bambu_mqtt] [-] [[SERIAL]] AMS 1 info=0x10001101 -> extruder 1
2026-06-11 20:07:10,642 DEBUG [backend.app.services.bambu_mqtt] [-] [[SERIAL]] ams_extruder_map: {'0': 0, '1': 1}
2026-06-11 20:07:10,642 DEBUG [backend.app.services.bambu_mqtt] [-] [[SERIAL]] ams_status: 0 (main=0, sub=0)
2026-06-11 20:07:10,643 DEBUG [backend.app.services.bambu_mqtt] [-] [[SERIAL]] Received command response: push_status
2026-06-11 20:07:10,643 DEBUG [backend.app.services.bambu_mqtt] [-] [[SERIAL]] device.extruder.state=2 (switch_state bits 12-14: 0)
2026-06-11 20:07:10,644 DEBUG [backend.app.services.bambu_mqtt] [-] [[SERIAL]] info.temp direct: 26°C (heater OFF)
2026-06-11 20:07:10,644 DEBUG [backend.app.services.bambu_mqtt] [-] [[SERIAL]] ctc_info keys: ['temp']
2026-06-11 20:07:10,644 DEBUG [backend.app.services.bambu_mqtt] [-] [[SERIAL]] Chamber heating calculated: target=0.0, current=26.0, heating=False, respect_local=False
2026-06-11 20:07:10,645 DEBUG [backend.app.services.bambu_mqtt] [-] [[SERIAL]] Chamber temp updated to: 26.0, target: 0.0, heating: False
2026-06-11 20:07:10,645 DEBUG [backend.app.services.bambu_mqtt] [-] [[SERIAL]] HMS data received: []
2026-06-11 20:07:10,645 DEBUG [backend.app.services.bambu_mqtt] [-] [[SERIAL]] ipcam field: {'agora_service': 'disable', 'brtc_service': 'enable', 'bs_state': 0, 'cap_pic_enable': 'invalid', 'ipcam_dev': '1', 'ipcam_record': 'enable', 'laser_preview_res': 5, 'mode_bits': 2, 'resolution': '1080p', 'rtsp_url': 'rtsps://[IP]:322/streaming/live/1', 'timelapse': 'disable', 'tl_store_hpd_type': 2, 'tl_store_path_type': 2, 'tutk_server': 'disable'}
2026-06-11 20:07:10,646 DEBUG [backend.app.services.bambu_mqtt] [-] [[SERIAL]] wifi_signal received: -44dBm
2026-06-11 20:07:10,647 DEBUG [backend.app.services.bambu_mqtt] [-] [[SERIAL]] lights_report: [{'mode': 'off', 'node': 'chamber_light'}, {'mode': 'flashing', 'node': 'work_light'}, {'mode': 'off', 'node': 'chamber_light2'}]
2026-06-11 20:07:10,647 DEBUG [backend.app.services.bambu_mqtt] [-] [[SERIAL]] MQTT mapping field: [1]
2026-06-11 20:07:10,648 DEBUG [backend.app.services.bambu_mqtt] [-] [[SERIAL]] gcode_state: FINISH -> FINISH, file: /data/Metadata/plate_1.gcode, subtask: POKEMON_TCG_SLEEVE_AND_TOPLOADER_DISPENSER
2026-06-11 20:07:12,082 DEBUG [backend.app.services.bambu_mqtt] [-] [[SERIAL]] Found xcam inside print data: {'allow_skip_parts': False, 'buildplate_marker_detector': True, 'cfg': 1797559, 'first_layer_inspector': True, 'halt_print_sensitivity': 'medium', 'print_halt': True, 'printing_monitor': True, 'spaghetti_detector': True}
2026-06-11 20:07:12,082 DEBUG [backend.app.services.bambu_mqtt] [-] [[SERIAL]] Parsing xcam data - all fields: ['allow_skip_parts', 'buildplate_marker_detector', 'cfg', 'first_layer_inspector', 'halt_print_sensitivity', 'print_halt', 'printing_monitor', 'spaghetti_detector']
2026-06-11 20:07:12,082 DEBUG [backend.app.services.bambu_mqtt] [-] [[SERIAL]] xcam cfg bitmask: 1797559 (binary: 0b110110110110110110111)
2026-06-11 20:07:12,083 DEBUG [backend.app.services.bambu_mqtt] [-] [[SERIAL]] Received gcode_state: FINISH, gcode_file: /data/Metadata/plate_1.gcode, subtask_name: POKEMON_TCG_SLEEVE_AND_TOPLOADER_DISPENSER
2026-06-11 20:07:12,083 DEBUG [backend.app.services.bambu_mqtt] [-] [[SERIAL]] AMS dict fields: {'ams_exist_bits': '3', 'ams_exist_bits_raw': '3', 'cali_id': 255, 'cali_stat': 0, 'insert_flag': True, 'power_on_flag': True, 'tray_exist_bits': 'ff', 'tray_hall_out_bits': '0', 'tray_is_bbl_bits': 'ff', 'tray_now': '255', 'tray_pre': '255', 'tray_read_done_bits': 'ff', 'tray_reading_bits': '0', 'tray_tar': '255', 'unbind_ams_stat': 0, 'version': 31182}
2026-06-11 20:07:12,083 DEBUG [backend.app.services.bambu_mqtt] [-] [[SERIAL]] tray_now updated: 255
2026-06-11 20:07:12,084 DEBUG [backend.app.services.bambu_mqtt] [-] [[SERIAL]] Merged AMS data: 2 new units, 2 total
2026-06-11 20:07:12,084 DEBUG [backend.app.services.bambu_mqtt] [-] [[SERIAL]] AMS 0 info=0x10002003 -> extruder 0
2026-06-11 20:07:12,085 DEBUG [backend.app.services.bambu_mqtt] [-] [[SERIAL]] AMS 1 info=0x10001101 -> extruder 1
2026-06-11 20:07:12,085 DEBUG [backend.app.services.bambu_mqtt] [-] [[SERIAL]] ams_extruder_map: {'0': 0, '1': 1}
2026-06-11 20:07:12,085 DEBUG [backend.app.services.bambu_mqtt] [-] [[SERIAL]] ams_status: 0 (main=0, sub=0)
2026-06-11 20:07:12,085 DEBUG [backend.app.services.bambu_mqtt] [-] [[SERIAL]] Received command response: push_status
2026-06-11 20:07:12,086 DEBUG [backend.app.services.bambu_mqtt] [-] [[SERIAL]] device.extruder.state=2 (switch_state bits 12-14: 0)
2026-06-11 20:07:12,086 DEBUG [backend.app.services.bambu_mqtt] [-] [[SERIAL]] info.temp direct: 26°C (heater OFF)
2026-06-11 20:07:12,086 DEBUG [backend.app.services.bambu_mqtt] [-] [[SERIAL]] ctc_info keys: ['temp']
2026-06-11 20:07:12,087 DEBUG [backend.app.services.bambu_mqtt] [-] [[SERIAL]] Chamber heating calculated: target=0.0, current=26.0, heating=False, respect_local=False
2026-06-11 20:07:12,087 DEBUG [backend.app.services.bambu_mqtt] [-] [[SERIAL]] Chamber temp updated to: 26.0, target: 0.0, heating: False
2026-06-11 20:07:12,088 DEBUG [backend.app.services.bambu_mqtt] [-] [[SERIAL]] HMS data received: []
2026-06-11 20:07:12,088 DEBUG [backend.app.services.bambu_mqtt] [-] [[SERIAL]] ipcam field: {'agora_service': 'disable', 'brtc_service': 'enable', 'bs_state': 0, 'cap_pic_enable': 'invalid', 'ipcam_dev': '1', 'ipcam_record': 'enable', 'laser_preview_res': 5, 'mode_bits': 2, 'resolution': '1080p', 'rtsp_url': 'rtsps://[IP]:322/streaming/live/1', 'timelapse': 'disable', 'tl_store_hpd_type': 2, 'tl_store_path_type': 2, 'tutk_server': 'disable'}
2026-06-11 20:07:12,088 DEBUG [backend.app.services.bambu_mqtt] [-] [[SERIAL]] wifi_signal received: -44dBm
2026-06-11 20:07:12,089 DEBUG [backend.app.services.bambu_mqtt] [-] [[SERIAL]] lights_report: [{'mode': 'off', 'node': 'chamber_light'}, {'mode': 'flashing', 'node': 'work_light'}, {'mode': 'off', 'node': 'chamber_light2'}]
2026-06-11 20:07:12,089 DEBUG [backend.app.services.bambu_mqtt] [-] [[SERIAL]] MQTT mapping field: [1]
2026-06-11 20:07:12,090 DEBUG [backend.app.services.bambu_mqtt] [-] [[SERIAL]] gcode_state: FINISH -> FINISH, file: /data/Metadata/plate_1.gcode, subtask: POKEMON_TCG_SLEEVE_AND_TOPLOADER_DISPENSER
2026-06-11 20:07:13,566 DEBUG [backend.app.services.bambu_mqtt] [-] [[SERIAL]] Found xcam inside print data: {'allow_skip_parts': False, 'buildplate_marker_detector': True, 'cfg': 1797559, 'first_layer_inspector': True, 'halt_print_sensitivity': 'medium', 'print_halt': True, 'printing_monitor': True, 'spaghetti_detector': True}
2026-06-11 20:07:13,566 DEBUG [backend.app.services.bambu_mqtt] [-] [[SERIAL]] Parsing xcam data - all fields: ['allow_skip_parts', 'buildplate_marker_detector', 'cfg', 'first_layer_inspector', 'halt_print_sensitivity', 'print_halt', 'printing_monitor', 'spaghetti_detector']
2026-06-11 20:07:13,567 DEBUG [backend.app.services.bambu_mqtt] [-] [[SERIAL]] xcam cfg bitmask: 1797559 (binary: 0b110110110110110110111)
2026-06-11 20:07:13,567 DEBUG [backend.app.services.bambu_mqtt] [-] [[SERIAL]] Received gcode_state: FINISH, gcode_file: /data/Metadata/plate_1.gcode, subtask_name: POKEMON_TCG_SLEEVE_AND_TOPLOADER_DISPENSER
2026-06-11 20:07:13,567 DEBUG [backend.app.services.bambu_mqtt] [-] [[SERIAL]] AMS dict fields: {'ams_exist_bits': '3', 'ams_exist_bits_raw': '3', 'cali_id': 255, 'cali_stat': 0, 'insert_flag': True, 'power_on_flag': True, 'tray_exist_bits': 'ff', 'tray_hall_out_bits': '0', 'tray_is_bbl_bits': 'ff', 'tray_now': '255', 'tray_pre': '255', 'tray_read_done_bits': 'ff', 'tray_reading_bits': '0', 'tray_tar': '255', 'unbind_ams_stat': 0, 'version': 31182}
2026-06-11 20:07:13,567 DEBUG [backend.app.services.bambu_mqtt] [-] [[SERIAL]] tray_now updated: 255
2026-06-11 20:07:13,568 DEBUG [backend.app.services.bambu_mqtt] [-] [[SERIAL]] Merged AMS data: 2 new units, 2 total
2026-06-11 20:07:13,568 DEBUG [backend.app.services.bambu_mqtt] [-] [[SERIAL]] AMS 0 info=0x10002003 -> extruder 0
2026-06-11 20:07:13,568 DEBUG [backend.app.services.bambu_mqtt] [-] [[SERIAL]] AMS 1 info=0x10001101 -> extruder 1
2026-06-11 20:07:13,568 DEBUG [backend.app.services.bambu_mqtt] [-] [[SERIAL]] ams_extruder_map: {'0': 0, '1': 1}
2026-06-11 20:07:13,569 DEBUG [backend.app.services.bambu_mqtt] [-] [[SERIAL]] ams_status: 0 (main=0, sub=0)
2026-06-11 20:07:13,569 DEBUG [backend.app.services.bambu_mqtt] [-] [[SERIAL]] Received command response: push_status
2026-06-11 20:07:13,569 DEBUG [backend.app.services.bambu_mqtt] [-] [[SERIAL]] device.extruder.state=2 (switch_state bits 12-14: 0)
2026-06-11 20:07:13,570 DEBUG [backend.app.services.bambu_mqtt] [-] [[SERIAL]] info.temp direct: 26°C (heater OFF)
2026-06-11 20:07:13,570 DEBUG [backend.app.services.bambu_mqtt] [-] [[SERIAL]] ctc_info keys: ['temp']
2026-06-11 20:07:13,570 DEBUG [backend.app.services.bambu_mqtt] [-] [[SERIAL]] Chamber heating calculated: target=0.0, current=26.0, heating=False, respect_local=False
2026-06-11 20:07:13,571 DEBUG [backend.app.services.bambu_mqtt] [-] [[SERIAL]] Chamber temp updated to: 26.0, target: 0.0, heating: False
2026-06-11 20:07:13,571 DEBUG [backend.app.services.bambu_mqtt] [-] [[SERIAL]] HMS data received: []
2026-06-11 20:07:13,572 DEBUG [backend.app.services.bambu_mqtt] [-] [[SERIAL]] ipcam field: {'agora_service': 'disable', 'brtc_service': 'enable', 'bs_state': 0, 'cap_pic_enable': 'invalid', 'ipcam_dev': '1', 'ipcam_record': 'enable', 'laser_preview_res': 5, 'mode_bits': 2, 'resolution': '1080p', 'rtsp_url': 'rtsps://[IP]:322/streaming/live/1', 'timelapse': 'disable', 'tl_store_hpd_type': 2, 'tl_store_path_type': 2, 'tutk_server': 'disable'}
2026-06-11 20:07:13,572 DEBUG [backend.app.services.bambu_mqtt] [-] [[SERIAL]] wifi_signal received: -44dBm
2026-06-11 20:07:13,573 DEBUG [backend.app.services.bambu_mqtt] [-] [[SERIAL]] lights_report: [{'mode': 'off', 'node': 'chamber_light'}, {'mode': 'flashing', 'node': 'work_light'}, {'mode': 'off', 'node': 'chamber_light2'}]
2026-06-11 20:07:13,573 DEBUG [backend.app.services.bambu_mqtt] [-] [[SERIAL]] MQTT mapping field: [1]
2026-06-11 20:07:13,574 DEBUG [backend.app.services.bambu_mqtt] [-] [[SERIAL]] gcode_state: FINISH -> FINISH, file: /data/Metadata/plate_1.gcode, subtask: POKEMON_TCG_SLEEVE_AND_TOPLOADER_DISPENSER
2026-06-11 20:07:15,102 DEBUG [backend.app.services.bambu_mqtt] [-] [[SERIAL]] Found xcam inside print data: {'allow_skip_parts': False, 'buildplate_marker_detector': True, 'cfg': 1797559, 'first_layer_inspector': True, 'halt_print_sensitivity': 'medium', 'print_halt': True, 'printing_monitor': True, 'spaghetti_detector': True}
2026-06-11 20:07:15,102 DEBUG [backend.app.services.bambu_mqtt] [-] [[SERIAL]] Parsing xcam data - all fields: ['allow_skip_parts', 'buildplate_marker_detector', 'cfg', 'first_layer_inspector', 'halt_print_sensitivity', 'print_halt', 'printing_monitor', 'spaghetti_detector']
2026-06-11 20:07:15,102 DEBUG [backend.app.services.bambu_mqtt] [-] [[SERIAL]] xcam cfg bitmask: 1797559 (binary: 0b110110110110110110111)
2026-06-11 20:07:15,103 DEBUG [backend.app.services.bambu_mqtt] [-] [[SERIAL]] Received gcode_state: FINISH, gcode_file: /data/Metadata/plate_1.gcode, subtask_name: POKEMON_TCG_SLEEVE_AND_TOPLOADER_DISPENSER
2026-06-11 20:07:15,103 DEBUG [backend.app.services.bambu_mqtt] [-] [[SERIAL]] AMS dict fields: {'ams_exist_bits': '3', 'ams_exist_bits_raw': '3', 'cali_id': 255, 'cali_stat': 0, 'insert_flag': True, 'power_on_flag': True, 'tray_exist_bits': 'ff', 'tray_hall_out_bits': '0', 'tray_is_bbl_bits': 'ff', 'tray_now': '255', 'tray_pre': '255', 'tray_read_done_bits': 'ff', 'tray_reading_bits': '0', 'tray_tar': '255', 'unbind_ams_stat': 0, 'version': 31182}
2026-06-11 20:07:15,103 DEBUG [backend.app.services.bambu_mqtt] [-] [[SERIAL]] tray_now updated: 255
2026-06-11 20:07:15,104 DEBUG [backend.app.services.bambu_mqtt] [-] [[SERIAL]] Merged AMS data: 2 new units, 2 total
2026-06-11 20:07:15,104 DEBUG [backend.app.services.bambu_mqtt] [-] [[SERIAL]] AMS 0 info=0x10002003 -> extruder 0
2026-06-11 20:07:15,104 DEBUG [backend.app.services.bambu_mqtt] [-] [[SERIAL]] AMS 1 info=0x10001101 -> extruder 1
2026-06-11 20:07:15,104 DEBUG [backend.app.services.bambu_mqtt] [-] [[SERIAL]] ams_extruder_map: {'0': 0, '1': 1}
2026-06-11 20:07:15,105 DEBUG [backend.app.services.bambu_mqtt] [-] [[SERIAL]] ams_status: 0 (main=0, sub=0)
2026-06-11 20:07:15,105 DEBUG [backend.app.services.bambu_mqtt] [-] [[SERIAL]] Received command response: push_status
2026-06-11 20:07:15,105 DEBUG [backend.app.services.bambu_mqtt] [-] [[SERIAL]] device.extruder.state=2 (switch_state bits 12-14: 0)
2026-06-11 20:07:15,105 DEBUG [backend.app.services.bambu_mqtt] [-] [[SERIAL]] info.temp direct: 26°C (heater OFF)
2026-06-11 20:07:15,106 DEBUG [backend.app.services.bambu_mqtt] [-] [[SERIAL]] ctc_info keys: ['temp']
2026-06-11 20:07:15,106 DEBUG [backend.app.services.bambu_mqtt] [-] [[SERIAL]] Chamber heating calculated: target=0.0, current=26.0, heating=False, respect_local=False
2026-06-11 20:07:15,106 DEBUG [backend.app.services.bambu_mqtt] [-] [[SERIAL]] Chamber temp updated to: 26.0, target: 0.0, heating: False
2026-06-11 20:07:15,107 DEBUG [backend.app.services.bambu_mqtt] [-] [[SERIAL]] HMS data received: []
2026-06-11 20:07:15,107 DEBUG [backend.app.services.bambu_mqtt] [-] [[SERIAL]] ipcam field: {'agora_service': 'disable', 'brtc_service': 'enable', 'bs_state': 0, 'cap_pic_enable': 'invalid', 'ipcam_dev': '1', 'ipcam_record': 'enable', 'laser_preview_res': 5, 'mode_bits': 2, 'resolution': '1080p', 'rtsp_url': 'rtsps://[IP]:322/streaming/live/1', 'timelapse': 'disable', 'tl_store_hpd_type': 2, 'tl_store_path_type': 2, 'tutk_server': 'disable'}
2026-06-11 20:07:15,108 DEBUG [backend.app.services.bambu_mqtt] [-] [[SERIAL]] wifi_signal received: -44dBm
2026-06-11 20:07:15,108 DEBUG [backend.app.services.bambu_mqtt] [-] [[SERIAL]] lights_report: [{'mode': 'off', 'node': 'chamber_light'}, {'mode': 'flashing', 'node': 'work_light'}, {'mode': 'off', 'node': 'chamber_light2'}]
2026-06-11 20:07:15,109 DEBUG [backend.app.services.bambu_mqtt] [-] [[SERIAL]] MQTT mapping field: [1]
2026-06-11 20:07:15,109 DEBUG [backend.app.services.bambu_mqtt] [-] [[SERIAL]] gcode_state: FINISH -> FINISH, file: /data/Metadata/plate_1.gcode, subtask: POKEMON_TCG_SLEEVE_AND_TOPLOADER_DISPENSER