2026-05-15 12:48:11,810 INFO [backend.app.main] [-] AMS history recording started
2026-05-15 12:48:11,810 INFO [backend.app.main] [-] Printer runtime tracking started
2026-05-15 12:48:11,810 INFO [backend.app.main] [-] SpoolBuddy watchdog started
2026-05-15 12:48:11,810 INFO [backend.app.main] [-] Camera stream cleanup started
2026-05-15 12:48:11,810 INFO [backend.app.main] [-] Expected prints cleanup started
2026-05-15 12:48:11,810 INFO [backend.app.main] [-] Auth periodic cleanup started
2026-05-15 12:48:11,815 INFO [root] [-] Virtual printer manager synced from database
2026-05-15 12:49:34,912 INFO [uvicorn.access] [-] [IP]:41173 - "POST /api/v1/printers/camera/stream-token HTTP/1.1" 200
2026-05-15 12:49:34,932 INFO [backend.app.api.routes.websocket] [-] WebSocket client connecting...
2026-05-15 12:49:34,932 INFO [backend.app.api.routes.websocket] [-] WebSocket client connected
2026-05-15 12:49:34,933 INFO [backend.app.api.routes.websocket] [-] Sent initial status for 0 printers
2026-05-15 12:49:34,969 INFO [backend.app.api.routes.websocket] [-] WebSocket client disconnected normally
2026-05-15 12:49:35,027 INFO [uvicorn.access] [-] [IP]:43350 - "POST /api/v1/printers/camera/stream-token HTTP/1.1" 200
2026-05-15 12:49:37,180 INFO [backend.app.api.routes.auth] [15c4fba4] Setup completed: auth_enabled=False, admin_created=False
2026-05-15 12:49:37,181 INFO [uvicorn.access] [-] [IP]:62594 - "POST /api/v1/auth/setup HTTP/1.1" 200
2026-05-15 12:49:37,223 INFO [backend.app.api.routes.websocket] [-] WebSocket client connecting...
2026-05-15 12:49:37,224 INFO [backend.app.api.routes.websocket] [-] WebSocket client connected
2026-05-15 12:49:37,224 INFO [backend.app.api.routes.websocket] [-] Sent initial status for 0 printers
2026-05-15 12:52:37,999 WARNING [backend.app.services.discovery] [01de7f34] Subnet [IP]/16 has 65534 hosts, limiting to /22 (1024 hosts)
2026-05-15 12:52:38,002 INFO [backend.app.services.discovery] [01de7f34] Starting subnet scan of [IP]/16 (1024 hosts)
2026-05-15 12:52:38,017 INFO [uvicorn.access] [-] [IP]:27067 - "POST /api/v1/discovery/scan HTTP/1.1" 200
2026-05-15 12:52:59,151 INFO [backend.app.services.discovery] [01de7f34] Subnet scan complete. Found 0 printers.
2026-05-15 13:02:03,634 WARNING [backend.app.services.discovery] [e104eddf] Subnet [IP]/16 has 65534 hosts, limiting to /22 (1024 hosts)
2026-05-15 13:02:03,636 INFO [backend.app.services.discovery] [e104eddf] Starting subnet scan of [IP]/16 (1024 hosts)
2026-05-15 13:02:03,639 INFO [uvicorn.access] [-] [IP]:26745 - "POST /api/v1/discovery/scan HTTP/1.1" 200
2026-05-15 13:02:06,531 INFO [uvicorn.access] [-] [IP]:26745 - "POST /api/v1/discovery/scan/stop HTTP/1.1" 200
2026-05-15 13:02:06,532 INFO [uvicorn.access] [-] [IP]:24185 - "POST /api/v1/discovery/stop HTTP/1.1" 200
2026-05-15 13:02:06,659 INFO [backend.app.services.discovery] [e104eddf] Subnet scan complete. Found 0 printers.
2026-05-15 13:02:10,106 WARNING [backend.app.services.discovery] [8507b366] Subnet [IP]/16 has 65534 hosts, limiting to /22 (1024 hosts)
2026-05-15 13:02:10,108 INFO [backend.app.services.discovery] [8507b366] Starting subnet scan of [IP]/16 (1024 hosts)
2026-05-15 13:02:10,109 INFO [uvicorn.access] [-] [IP]:24185 - "POST /api/v1/discovery/scan HTTP/1.1" 200
2026-05-15 13:02:25,631 INFO [backend.app.api.routes.websocket] [-] WebSocket client disconnected normally
2026-05-15 13:02:31,277 INFO [backend.app.services.discovery] [8507b366] Subnet scan complete. Found 0 printers.
2026-05-15 13:02:34,174 INFO [root] [-] Logging to file: /app/logs/bambuddy.log
2026-05-15 13:02:34,174 INFO [root] [-] Bambuddy starting - debug=False, log_level=INFO
2026-05-15 13:02:34,920 INFO [backend.app.services.mqtt_relay] [-] MQTT relay disabled
2026-05-15 13:02:34,923 INFO [backend.app.services.background_dispatch] [-] Background dispatch dispatcher started
2026-05-15 13:02:34,923 INFO [backend.app.services.smart_plug_manager] [-] Smart plug scheduler started
2026-05-15 13:02:34,923 INFO [backend.app.services.smart_plug_manager] [-] Smart plug energy snapshot loop started
2026-05-15 13:02:34,925 INFO [backend.app.services.print_scheduler] [-] Print scheduler started
2026-05-15 13:02:34,927 INFO [backend.app.services.notification_service] [-] Notification digest scheduler started
2026-05-15 13:02:34,927 INFO [backend.app.services.github_backup] [-] Starting GitHub backup scheduler
2026-05-15 13:02:34,927 INFO [backend.app.services.local_backup] [-] Starting local backup scheduler
2026-05-15 13:02:34,929 INFO [backend.app.services.obico_detection] [-] Starting Obico detection service
2026-05-15 13:02:34,929 INFO [backend.app.services.library_trash] [-] Starting library trash sweeper
2026-05-15 13:02:34,929 INFO [backend.app.services.archive_purge] [-] Starting archive auto-purge sweeper
2026-05-15 13:02:34,929 INFO [backend.app.main] [-] AMS history recording started
2026-05-15 13:02:34,929 INFO [backend.app.main] [-] Printer runtime tracking started
2026-05-15 13:02:34,929 INFO [backend.app.main] [-] SpoolBuddy watchdog started
2026-05-15 13:02:34,929 INFO [backend.app.main] [-] Camera stream cleanup started
2026-05-15 13:02:34,929 INFO [backend.app.main] [-] Expected prints cleanup started
2026-05-15 13:02:34,929 INFO [backend.app.main] [-] Auth periodic cleanup started
2026-05-15 13:02:34,934 INFO [root] [-] Virtual printer manager synced from database
2026-05-15 13:02:44,054 INFO [root] [-] Logging to file: /app/logs/bambuddy.log
2026-05-15 13:02:44,054 INFO [root] [-] Bambuddy starting - debug=False, log_level=INFO
2026-05-15 13:02:44,847 INFO [backend.app.services.mqtt_relay] [-] MQTT relay disabled
2026-05-15 13:02:44,850 INFO [backend.app.services.background_dispatch] [-] Background dispatch dispatcher started
2026-05-15 13:02:44,850 INFO [backend.app.services.smart_plug_manager] [-] Smart plug scheduler started
2026-05-15 13:02:44,851 INFO [backend.app.services.smart_plug_manager] [-] Smart plug energy snapshot loop started
2026-05-15 13:02:44,852 INFO [backend.app.services.print_scheduler] [-] Print scheduler started
2026-05-15 13:02:44,854 INFO [backend.app.services.notification_service] [-] Notification digest scheduler started
2026-05-15 13:02:44,854 INFO [backend.app.services.github_backup] [-] Starting GitHub backup scheduler
2026-05-15 13:02:44,854 INFO [backend.app.services.local_backup] [-] Starting local backup scheduler
2026-05-15 13:02:44,856 INFO [backend.app.services.obico_detection] [-] Starting Obico detection service
2026-05-15 13:02:44,856 INFO [backend.app.services.library_trash] [-] Starting library trash sweeper
2026-05-15 13:02:44,857 INFO [backend.app.services.archive_purge] [-] Starting archive auto-purge sweeper
2026-05-15 13:02:44,857 INFO [backend.app.main] [-] AMS history recording started
2026-05-15 13:02:44,857 INFO [backend.app.main] [-] Printer runtime tracking started
2026-05-15 13:02:44,857 INFO [backend.app.main] [-] SpoolBuddy watchdog started
2026-05-15 13:02:44,857 INFO [backend.app.main] [-] Camera stream cleanup started
2026-05-15 13:02:44,857 INFO [backend.app.main] [-] Expected prints cleanup started
2026-05-15 13:02:44,857 INFO [backend.app.main] [-] Auth periodic cleanup started
2026-05-15 13:02:44,861 INFO [root] [-] Virtual printer manager synced from database
2026-05-15 13:02:49,911 INFO [root] [-] Logging to file: /app/logs/bambuddy.log
2026-05-15 13:02:49,911 INFO [root] [-] Bambuddy starting - debug=False, log_level=INFO
2026-05-15 13:02:50,726 INFO [backend.app.services.mqtt_relay] [-] MQTT relay disabled
2026-05-15 13:02:50,729 INFO [backend.app.services.background_dispatch] [-] Background dispatch dispatcher started
2026-05-15 13:02:50,729 INFO [backend.app.services.smart_plug_manager] [-] Smart plug scheduler started
2026-05-15 13:02:50,729 INFO [backend.app.services.smart_plug_manager] [-] Smart plug energy snapshot loop started
2026-05-15 13:02:50,731 INFO [backend.app.services.print_scheduler] [-] Print scheduler started
2026-05-15 13:02:50,734 INFO [backend.app.services.notification_service] [-] Notification digest scheduler started
2026-05-15 13:02:50,734 INFO [backend.app.services.github_backup] [-] Starting GitHub backup scheduler
2026-05-15 13:02:50,734 INFO [backend.app.services.local_backup] [-] Starting local backup scheduler
2026-05-15 13:02:50,737 INFO [backend.app.services.obico_detection] [-] Starting Obico detection service
2026-05-15 13:02:50,737 INFO [backend.app.services.library_trash] [-] Starting library trash sweeper
2026-05-15 13:02:50,737 INFO [backend.app.services.archive_purge] [-] Starting archive auto-purge sweeper
2026-05-15 13:02:50,737 INFO [backend.app.main] [-] AMS history recording started
2026-05-15 13:02:50,737 INFO [backend.app.main] [-] Printer runtime tracking started
2026-05-15 13:02:50,737 INFO [backend.app.main] [-] SpoolBuddy watchdog started
2026-05-15 13:02:50,737 INFO [backend.app.main] [-] Camera stream cleanup started
2026-05-15 13:02:50,737 INFO [backend.app.main] [-] Expected prints cleanup started
2026-05-15 13:02:50,737 INFO [backend.app.main] [-] Auth periodic cleanup started
2026-05-15 13:02:50,744 INFO [root] [-] Virtual printer manager synced from database
2026-05-15 13:03:01,225 INFO [uvicorn.access] [-] [IP]:53086 - "POST /api/v1/printers/camera/stream-token HTTP/1.1" 200
2026-05-15 13:03:01,244 INFO [backend.app.api.routes.websocket] [-] WebSocket client connecting...
2026-05-15 13:03:01,245 INFO [backend.app.api.routes.websocket] [-] WebSocket client connected
2026-05-15 13:03:01,245 INFO [backend.app.api.routes.websocket] [-] Sent initial status for 0 printers
2026-05-15 13:03:06,135 WARNING [backend.app.services.discovery] [2a149053] Subnet [IP]/16 has 65534 hosts, limiting to /22 (1024 hosts)
2026-05-15 13:03:06,138 INFO [backend.app.services.discovery] [2a149053] Starting subnet scan of [IP]/16 (1024 hosts)
2026-05-15 13:03:06,155 INFO [uvicorn.access] [-] [IP]:29788 - "POST /api/v1/discovery/scan HTTP/1.1" 200
2026-05-15 13:03:27,289 INFO [backend.app.services.discovery] [2a149053] Subnet scan complete. Found 0 printers.
2026-05-15 13:05:40,155 INFO [uvicorn.access] [-] [IP]:35427 - "POST /api/v1/discovery/scan/stop HTTP/1.1" 200
2026-05-15 13:05:40,155 INFO [uvicorn.access] [-] [IP]:23061 - "POST /api/v1/discovery/stop HTTP/1.1" 200
2026-05-15 13:06:40,935 INFO [uvicorn.access] [-] [IP]:44521 - "POST /api/v1/printers/ HTTP/1.1" 200
2026-05-15 13:06:40,969 INFO [uvicorn.access] [-] [IP]:25449 - "POST /api/v1/discovery/scan/stop HTTP/1.1" 200
2026-05-15 13:06:40,971 INFO [uvicorn.access] [-] [IP]:21269 - "POST /api/v1/discovery/stop HTTP/1.1" 200
2026-05-15 13:06:42,230 INFO [backend.app.services.firmware_check] [fc38515a] Got Bambu Lab build ID: DGVvLxp_mb7yePrzlGQYu
2026-05-15 13:07:10,287 INFO [uvicorn.access] [-] [IP]:60736 - "DELETE /api/v1/printers/1?delete_archives=true HTTP/1.1" 200
2026-05-15 13:10:38,243 INFO [backend.app.api.routes.websocket] [-] WebSocket client disconnected normally
2026-05-15 13:10:44,971 INFO [root] [-] Logging to file: /app/logs/bambuddy.log
2026-05-15 13:10:44,972 INFO [root] [-] Bambuddy starting - debug=False, log_level=INFO
2026-05-15 13:10:45,755 INFO [backend.app.services.mqtt_relay] [-] MQTT relay disabled
2026-05-15 13:10:45,759 INFO [backend.app.services.background_dispatch] [-] Background dispatch dispatcher started
2026-05-15 13:10:45,759 INFO [backend.app.services.smart_plug_manager] [-] Smart plug scheduler started
2026-05-15 13:10:45,759 INFO [backend.app.services.smart_plug_manager] [-] Smart plug energy snapshot loop started
2026-05-15 13:10:45,761 INFO [backend.app.services.print_scheduler] [-] Print scheduler started
2026-05-15 13:10:45,763 INFO [backend.app.services.notification_service] [-] Notification digest scheduler started
2026-05-15 13:10:45,763 INFO [backend.app.services.github_backup] [-] Starting GitHub backup scheduler
2026-05-15 13:10:45,763 INFO [backend.app.services.local_backup] [-] Starting local backup scheduler
2026-05-15 13:10:45,765 INFO [backend.app.services.obico_detection] [-] Starting Obico detection service
2026-05-15 13:10:45,765 INFO [backend.app.services.library_trash] [-] Starting library trash sweeper
2026-05-15 13:10:45,766 INFO [backend.app.services.archive_purge] [-] Starting archive auto-purge sweeper
2026-05-15 13:10:45,766 INFO [backend.app.main] [-] AMS history recording started
2026-05-15 13:10:45,766 INFO [backend.app.main] [-] Printer runtime tracking started
2026-05-15 13:10:45,766 INFO [backend.app.main] [-] SpoolBuddy watchdog started
2026-05-15 13:10:45,766 INFO [backend.app.main] [-] Camera stream cleanup started
2026-05-15 13:10:45,766 INFO [backend.app.main] [-] Expected prints cleanup started
2026-05-15 13:10:45,766 INFO [backend.app.main] [-] Auth periodic cleanup started
2026-05-15 13:10:45,770 INFO [root] [-] Virtual printer manager synced from database
2026-05-15 13:10:57,941 INFO [uvicorn.access] [-] [IP]:55007 - "POST /api/v1/printers/camera/stream-token HTTP/1.1" 200
2026-05-15 13:10:57,958 INFO [backend.app.api.routes.websocket] [-] WebSocket client connecting...
2026-05-15 13:10:57,959 INFO [backend.app.api.routes.websocket] [-] WebSocket client connected
2026-05-15 13:10:57,959 INFO [backend.app.api.routes.websocket] [-] Sent initial status for 0 printers
2026-05-15 13:12:39,621 INFO [uvicorn.access] [-] [IP]:64708 - "POST /api/v1/printers/ HTTP/1.1" 200
2026-05-15 13:12:39,656 INFO [uvicorn.access] [-] [IP]:31697 - "POST /api/v1/discovery/scan/stop HTTP/1.1" 200
2026-05-15 13:12:39,656 INFO [uvicorn.access] [-] [IP]:56386 - "POST /api/v1/discovery/stop HTTP/1.1" 200
2026-05-15 13:12:40,956 INFO [backend.app.services.firmware_check] [5a49093f] Got Bambu Lab build ID: DGVvLxp_mb7yePrzlGQYu
2026-05-15 13:14:11,371 INFO [uvicorn.access] [-] [IP]:20834 - "POST /api/v1/printers/ HTTP/1.1" 200
2026-05-15 13:14:11,415 INFO [uvicorn.access] [-] [IP]:20834 - "POST /api/v1/discovery/stop HTTP/1.1" 200
2026-05-15 13:14:11,417 INFO [uvicorn.access] [-] [IP]:39007 - "POST /api/v1/discovery/scan/stop HTTP/1.1" 200
2026-05-15 13:14:20,273 INFO [uvicorn.access] [-] [IP]:20834 - "POST /api/v1/printers/1/connect HTTP/1.1" 200
2026-05-15 13:17:13,105 INFO [root] [-] Logging to file: /app/logs/bambuddy.log
2026-05-15 13:17:13,106 INFO [root] [-] Bambuddy starting - debug=False, log_level=INFO
2026-05-15 13:17:13,972 INFO [backend.app.services.mqtt_relay] [-] MQTT relay disabled
2026-05-15 13:17:16,006 INFO [backend.app.services.background_dispatch] [-] Background dispatch dispatcher started
2026-05-15 13:17:16,006 INFO [backend.app.services.smart_plug_manager] [-] Smart plug scheduler started
2026-05-15 13:17:16,006 INFO [backend.app.services.smart_plug_manager] [-] Smart plug energy snapshot loop started
2026-05-15 13:17:16,008 INFO [backend.app.services.print_scheduler] [-] Print scheduler started
2026-05-15 13:17:16,011 INFO [backend.app.services.notification_service] [-] Notification digest scheduler started
2026-05-15 13:17:16,011 INFO [backend.app.services.github_backup] [-] Starting GitHub backup scheduler
2026-05-15 13:17:16,011 INFO [backend.app.services.local_backup] [-] Starting local backup scheduler
2026-05-15 13:17:16,013 INFO [backend.app.services.obico_detection] [-] Starting Obico detection service
2026-05-15 13:17:16,013 INFO [backend.app.services.library_trash] [-] Starting library trash sweeper
2026-05-15 13:17:16,013 INFO [backend.app.services.archive_purge] [-] Starting archive auto-purge sweeper
2026-05-15 13:17:16,014 INFO [backend.app.main] [-] AMS history recording started
2026-05-15 13:17:16,014 INFO [backend.app.main] [-] Printer runtime tracking started
2026-05-15 13:17:16,014 INFO [backend.app.main] [-] SpoolBuddy watchdog started
2026-05-15 13:17:16,014 INFO [backend.app.main] [-] Camera stream cleanup started
2026-05-15 13:17:16,014 INFO [backend.app.main] [-] Expected prints cleanup started
2026-05-15 13:17:16,014 INFO [backend.app.main] [-] Auth periodic cleanup started
2026-05-15 13:17:16,019 INFO [root] [-] Virtual printer manager synced from database
2026-05-15 13:18:37,368 INFO [uvicorn.access] [-] [IP]:62713 - "POST /api/v1/printers/camera/stream-token HTTP/1.1" 200
2026-05-15 13:18:37,388 INFO [backend.app.api.routes.websocket] [-] WebSocket client connecting...
2026-05-15 13:18:37,389 INFO [backend.app.api.routes.websocket] [-] WebSocket client connected
2026-05-15 13:18:37,390 INFO [backend.app.api.routes.websocket] [-] Sent initial status for 2 printers
2026-05-15 13:18:39,816 INFO [backend.app.services.firmware_check] [82491ee0] Got Bambu Lab build ID: DGVvLxp_mb7yePrzlGQYu
2026-05-15 13:18:39,886 INFO [backend.app.services.firmware_check] [7c25ea5b] Got Bambu Lab build ID: DGVvLxp_mb7yePrzlGQYu
2026-05-15 13:18:43,534 INFO [uvicorn.access] [-] [IP]:26591 - "POST /api/v1/printers/2/connect HTTP/1.1" 200
2026-05-15 13:19:04,537 WARNING [backend.app.services.bambu_mqtt] [efe1a5d5] [[SERIAL]] request_status_update: not connected
2026-05-15 13:19:04,539 INFO [uvicorn.access] [-] [IP]:65021 - "POST /api/v1/printers/1/refresh-status HTTP/1.1" 400
2026-05-15 13:19:19,631 INFO [uvicorn.access] [-] [IP]:45876 - "POST /api/v1/printers/1/connect HTTP/1.1" 200
2026-05-15 13:21:20,555 INFO [backend.app.api.routes.support] [c04e56f1] Log level changed to DEBUG
2026-05-15 13:21:20,555 INFO [backend.app.api.routes.bug_report] [c04e56f1] Bug report: enabled debug logging
2026-05-15 13:21:20,556 WARNING [backend.app.services.bambu_mqtt] [c04e56f1] [[SERIAL]] request_status_update: not connected
2026-05-15 13:21:20,556 WARNING [backend.app.services.bambu_mqtt] [c04e56f1] [[SERIAL]] request_status_update: not connected
2026-05-15 13:21:20,556 INFO [uvicorn.access] [-] [IP]:40275 - "POST /api/v1/bug-report/start-logging HTTP/1.1" 200
2026-05-15 13:21:31,091 DEBUG [backend.app.main] [-] [[PRINTER]] Runtime tracking: not connected
2026-05-15 13:21:31,091 DEBUG [backend.app.main] [-] [[PRINTER]] Runtime tracking: not connected
2026-05-15 13:21:34,310 INFO [uvicorn.access] [-] [IP]:43898 - "POST /api/v1/printers/1/connect HTTP/1.1" 200
2026-05-15 13:21:34,329 DEBUG [backend.app.api.routes.printers] [bbf7c8b0] API returning ams_mapping: [], ams_extruder_map: {}
2026-05-15 13:21:34,329 DEBUG [backend.app.api.routes.printers] [bbf7c8b0] Using tray_now directly as global ID: 255
2026-05-15 13:21:36,240 INFO [uvicorn.access] [-] [IP]:43898 - "POST /api/v1/printers/2/connect HTTP/1.1" 200
2026-05-15 13:21:36,251 DEBUG [backend.app.api.routes.printers] [04d4bae4] API returning ams_mapping: [], ams_extruder_map: {}
2026-05-15 13:21:36,251 DEBUG [backend.app.api.routes.printers] [04d4bae4] Using tray_now directly as global ID: 255
2026-05-15 13:21:39,407 INFO [uvicorn.access] [-] [IP]:43898 - "POST /api/v1/printers/1/connect HTTP/1.1" 200
2026-05-15 13:21:39,431 DEBUG [backend.app.api.routes.printers] [d70f5d78] API returning ams_mapping: [], ams_extruder_map: {}
2026-05-15 13:21:39,431 DEBUG [backend.app.api.routes.printers] [d70f5d78] Using tray_now directly as global ID: 255
2026-05-15 13:22:00,494 INFO [backend.app.services.camera] [84f9d472] Found ffmpeg at: /usr/bin/ffmpeg
2026-05-15 13:22:01,093 DEBUG [backend.app.main] [-] [[PRINTER]] Runtime tracking: not connected
2026-05-15 13:22:01,093 DEBUG [backend.app.main] [-] [[PRINTER]] Runtime tracking: not connected
2026-05-15 13:22:01,112 DEBUG [backend.app.services.mqtt_smart_plug] [60bca4d7] MQTT smart plug service disabled (MQTT relay not enabled)
2026-05-15 13:22:01,112 INFO [backend.app.services.mqtt_relay] [60bca4d7] MQTT relay disabled
2026-05-15 13:22:01,114 INFO [uvicorn.access] [-] [IP]:32507 - "PUT /api/v1/settings/ HTTP/1.1" 200
2026-05-15 13:22:31,102 DEBUG [backend.app.main] [-] [[PRINTER]] Runtime tracking: not connected
2026-05-15 13:22:31,102 DEBUG [backend.app.main] [-] [[PRINTER]] Runtime tracking: not connected
2026-05-15 13:22:33,711 WARNING [backend.app.services.bambu_mqtt] [bcbdc63f] [[SERIAL]] request_status_update: not connected
2026-05-15 13:22:33,712 INFO [uvicorn.access] [-] [IP]:32507 - "POST /api/v1/printers/2/refresh-status HTTP/1.1" 400
2026-05-15 13:22:36,699 INFO [uvicorn.access] [-] [IP]:32507 - "POST /api/v1/printers/2/connect HTTP/1.1" 200
2026-05-15 13:22:36,709 DEBUG [backend.app.api.routes.printers] [1ddebbdd] API returning ams_mapping: [], ams_extruder_map: {}
2026-05-15 13:22:36,709 DEBUG [backend.app.api.routes.printers] [1ddebbdd] Using tray_now directly as global ID: 255