    raise handshake_exc
  File "/usr/local/lib/python3.13/asyncio/sslproto.py", line 563, in _do_handshake
    self._sslobj.do_handshake()
    ~~~~~~~~~~~~~~~~~~~~~~~~~^^
  File "/usr/local/lib/python3.13/ssl.py", line 951, in do_handshake
    self._sslobj.do_handshake()
    ~~~~~~~~~~~~~~~~~~~~~~~~~^^
ssl.SSLError: [SSL: SSLV3_ALERT_HANDSHAKE_FAILURE] ssl/tls alert handshake failure (_ssl.c:1032)
2026-06-02 07:15:57,743 INFO [backend.app.main] [-] Recorded 1 AMS sensor history entries
2026-06-02 07:17:02,843 INFO [backend.app.main] [-] [SNAPSHOT] Capturing fresh frame for printer 4
2026-06-02 07:17:02,843 INFO [backend.app.services.camera] [-] Capturing camera frame bytes from [IP] using chamber image protocol (model: P1S)
2026-06-02 07:17:02,855 ERROR [backend.app.services.camera] [-] Chamber image: error connecting to [IP]:6000: [SSL: SSLV3_ALERT_HANDSHAKE_FAILURE] ssl/tls alert handshake failure (_ssl.c:1032)
Traceback (most recent call last):
  File "/app/backend/app/services/camera.py", line 304, in read_chamber_image_frame
    reader, writer = await asyncio.wait_for(
                     ^^^^^^^^^^^^^^^^^^^^^^^
    ...<2 lines>...
    )
    ^
  File "/usr/local/lib/python3.13/asyncio/tasks.py", line 507, in wait_for
    return await fut
           ^^^^^^^^^
  File "/usr/local/lib/python3.13/asyncio/streams.py", line 48, in open_connection
    transport, _ = await loop.create_connection(
                   ^^^^^^^^^^^^^^^^^^^^^^^^^^^^^
        lambda: protocol, host, port, **kwds)
        ^^^^^^^^^^^^^^^^^^^^^^^^^^^^^^^^^^^^^
  File "/usr/local/lib/python3.13/asyncio/base_events.py", line 1201, in create_connection
    transport, protocol = await self._create_connection_transport(
                          ^^^^^^^^^^^^^^^^^^^^^^^^^^^^^^^^^^^^^^^^
    ...<2 lines>...
        ssl_shutdown_timeout=ssl_shutdown_timeout)
        ^^^^^^^^^^^^^^^^^^^^^^^^^^^^^^^^^^^^^^^^^^
  File "/usr/local/lib/python3.13/asyncio/base_events.py", line 1234, in _create_connection_transport
    await waiter
  File "/usr/local/lib/python3.13/asyncio/sslproto.py", line 581, in _on_handshake_complete
    raise handshake_exc
  File "/usr/local/lib/python3.13/asyncio/sslproto.py", line 563, in _do_handshake
    self._sslobj.do_handshake()
    ~~~~~~~~~~~~~~~~~~~~~~~~~^^
  File "/usr/local/lib/python3.13/ssl.py", line 951, in do_handshake
    self._sslobj.do_handshake()
    ~~~~~~~~~~~~~~~~~~~~~~~~~^^
ssl.SSLError: [SSL: SSLV3_ALERT_HANDSHAKE_FAILURE] ssl/tls alert handshake failure (_ssl.c:1032)
2026-06-02 07:20:05,659 INFO [uvicorn.access] [-] [IP]:60806 - "POST /api/v1/printers/camera/stream-token HTTP/1.1" 200
2026-06-02 07:20:05,703 INFO [backend.app.api.routes.websocket] [-] WebSocket client connecting...
2026-06-02 07:20:05,705 INFO [backend.app.api.routes.websocket] [-] WebSocket client connected
2026-06-02 07:20:05,712 INFO [backend.app.api.routes.websocket] [-] Sent initial status for 9 printers
2026-06-02 07:20:06,150 INFO [backend.app.api.routes.cloud] [7517a888] get_filament_info called with 2 IDs: ['GFG99', 'GFL99']
2026-06-02 07:20:06,182 INFO [uvicorn.access] [-] [IP]:53864 - "POST /api/v1/cloud/filament-info HTTP/1.1" 200
2026-06-02 07:20:06,581 INFO [backend.app.api.routes.cloud] [2a80cffb] get_filament_info called with 1 IDs: ['GFG99']
2026-06-02 07:20:06,585 INFO [uvicorn.access] [-] [IP]:53864 - "POST /api/v1/cloud/filament-info HTTP/1.1" 200
2026-06-02 07:20:06,975 INFO [backend.app.api.routes.cloud] [1124027d] get_filament_info called with 1 IDs: ['GFL99']
2026-06-02 07:20:06,978 INFO [uvicorn.access] [-] [IP]:50870 - "POST /api/v1/cloud/filament-info HTTP/1.1" 200
2026-06-02 07:20:08,580 INFO [backend.app.api.routes.cloud] [e7360f42] get_filament_info called with 2 IDs: ['GFL99', 'GFG99']
2026-06-02 07:20:08,582 INFO [uvicorn.access] [-] [IP]:60135 - "POST /api/v1/cloud/filament-info HTTP/1.1" 200
2026-06-02 07:20:10,088 INFO [backend.app.api.routes.printers] [96b13ea8] Cover: resolved plate 1 before download (subtask=UCG-Fiber_v4_PETG_fan_speed)
2026-06-02 07:20:10,701 INFO [backend.app.api.routes.printers] [8ac0ffac] Cover: resolved plate 1 before download (subtask=UCG-Fiber_v4_PETG_fan_speed)
2026-06-02 07:20:57,757 INFO [backend.app.main] [-] Recorded 1 AMS sensor history entries
2026-06-02 07:22:04,411 INFO [uvicorn.access] [-] [IP]:50870 - "POST /api/v1/library/folders/external HTTP/1.1" 400
2026-06-02 07:22:08,269 INFO [uvicorn.access] [-] [IP]:50870 - "POST /api/v1/library/folders/external HTTP/1.1" 200
2026-06-02 07:22:08,783 INFO [uvicorn.access] [-] [IP]:50870 - "POST /api/v1/library/folders/39/scan HTTP/1.1" 200
2026-06-02 07:23:04,022 INFO [uvicorn.access] [-] [IP]:55587 - "POST /api/v1/library/folders/39/scan HTTP/1.1" 200
2026-06-02 07:23:10,304 INFO [uvicorn.access] [-] [IP]:56028 - "POST /api/v1/library/generate-stl-thumbnails HTTP/1.1" 200
2026-06-02 07:23:59,503 INFO [backend.app.services.smart_plug_manager] [-] Captured 9 energy snapshot(s)
2026-06-02 07:25:06,790 INFO [uvicorn.access] [-] [IP]:56855 - "POST /api/v1/library/folders/39/scan HTTP/1.1" 200
2026-06-02 07:25:57,772 INFO [backend.app.main] [-] Recorded 1 AMS sensor history entries
2026-06-02 07:29:09,881 INFO [uvicorn.access] [-] [IP]:49340 - "DELETE /api/v1/library/files/234 HTTP/1.1" 200
2026-06-02 07:29:16,112 INFO [backend.app.api.routes.support] [e2911410] Log level changed to DEBUG
2026-06-02 07:29:16,113 INFO [backend.app.api.routes.bug_report] [e2911410] Bug report: enabled debug logging
2026-06-02 07:29:16,113 WARNING [backend.app.services.bambu_mqtt] [e2911410] [[SERIAL]] request_status_update: not connected
2026-06-02 07:29:16,113 WARNING [backend.app.services.bambu_mqtt] [e2911410] [[SERIAL]] request_status_update: not connected
2026-06-02 07:29:16,113 WARNING [backend.app.services.bambu_mqtt] [e2911410] [[SERIAL]] request_status_update: not connected
2026-06-02 07:29:16,114 WARNING [backend.app.services.bambu_mqtt] [e2911410] [[SERIAL]] request_status_update: not connected
2026-06-02 07:29:16,114 WARNING [backend.app.services.bambu_mqtt] [e2911410] [[SERIAL]] request_status_update: not connected
2026-06-02 07:29:16,114 WARNING [backend.app.services.bambu_mqtt] [e2911410] [[SERIAL]] request_status_update: not connected
2026-06-02 07:29:16,114 WARNING [backend.app.services.bambu_mqtt] [e2911410] [[SERIAL]] request_status_update: not connected
2026-06-02 07:29:16,114 DEBUG [backend.app.services.bambu_mqtt] [e2911410] [[SERIAL]] Requesting status update (pushall)
2026-06-02 07:29:16,115 DEBUG [backend.app.services.bambu_mqtt] [e2911410] [[SERIAL]] Requesting status update (pushall)
2026-06-02 07:29:16,117 INFO [uvicorn.access] [-] [IP]:58036 - "POST /api/v1/bug-report/start-logging HTTP/1.1" 200
2026-06-02 07:29:16,363 DEBUG [backend.app.services.bambu_mqtt] [-] [[SERIAL]] Found xcam inside print data: {'allow_skip_parts': False, 'buildplate_marker_detector': True, 'first_layer_inspector': True, 'halt_print_sensitivity': 'medium', 'print_halt': True, 'printing_monitor': True, 'spaghetti_detector': True}
2026-06-02 07:29:16,364 DEBUG [backend.app.services.bambu_mqtt] [-] [[SERIAL]] Parsing xcam data - all fields: ['allow_skip_parts', 'buildplate_marker_detector', 'first_layer_inspector', 'halt_print_sensitivity', 'print_halt', 'printing_monitor', 'spaghetti_detector']
2026-06-02 07:29:16,364 DEBUG [backend.app.services.bambu_mqtt] [-] [[SERIAL]] Received gcode_state: RUNNING, gcode_file: /data/Metadata/plate_1.gcode, subtask_name: UCG-Fiber_v4_PETG_fan_speed
2026-06-02 07:29:16,364 DEBUG [backend.app.services.bambu_mqtt] [-] [[SERIAL]] AMS dict fields: {'ams_exist_bits': '0', 'ams_exist_bits_raw': '0', 'cali_id': 0, 'cali_stat': 0, 'insert_flag': True, 'power_on_flag': False, 'tray_exist_bits': '0', 'tray_is_bbl_bits': '0', 'tray_now': '254', 'tray_pre': '254', 'tray_read_done_bits': '0', 'tray_reading_bits': '0', 'tray_tar': '254', 'unbind_ams_stat': 0, 'version': 4}
2026-06-02 07:29:16,365 DEBUG [backend.app.services.bambu_mqtt] [-] [[SERIAL]] tray_now updated: 254
2026-06-02 07:29:16,365 DEBUG [backend.app.services.bambu_mqtt] [-] [[SERIAL]] Merged AMS data: 0 new units, 0 total
2026-06-02 07:29:16,365 DEBUG [backend.app.services.bambu_mqtt] [-] [[SERIAL]] ams_status: 768 (main=3, sub=0)
2026-06-02 07:29:16,366 DEBUG [backend.app.services.bambu_mqtt] [-] [[SERIAL]] Received command response: push_status
2026-06-02 07:29:16,366 DEBUG [backend.app.services.bambu_mqtt] [-] [[SERIAL]] device.extruder.state=1 (switch_state bits 12-14: 0)
2026-06-02 07:29:16,367 DEBUG [backend.app.services.bambu_mqtt] [-] [[SERIAL]] info.temp direct: 34°C (heater OFF)
2026-06-02 07:29:16,367 DEBUG [backend.app.services.bambu_mqtt] [-] [[SERIAL]] ctc_info keys: ['temp']
2026-06-02 07:29:16,367 DEBUG [backend.app.services.bambu_mqtt] [-] [[SERIAL]] Chamber heating calculated: target=0.0, current=34.0, heating=False, respect_local=False
2026-06-02 07:29:16,368 DEBUG [backend.app.services.bambu_mqtt] [-] [[SERIAL]] Chamber temp updated to: 34.0, target: 0.0, heating: False
2026-06-02 07:29:16,368 DEBUG [backend.app.services.bambu_mqtt] [-] [[SERIAL]] HMS data received: []
2026-06-02 07:29:16,368 DEBUG [backend.app.services.bambu_mqtt] [-] [[SERIAL]] ipcam field: {'agora_service': 'disable', 'brtc_service': 'enable', 'bs_state': 0, 'ipcam_dev': '1', 'ipcam_record': 'disable', 'laser_preview_res': 7, 'mode_bits': 2, 'resolution': '720p', 'rtsp_url': 'rtsps://[IP]:322/streaming/live/1', 'timelapse': 'disable', 'tl_store_hpd_type': 2, 'tl_store_path_type': 2, 'tutk_server': 'disable'}
2026-06-02 07:29:16,369 DEBUG [backend.app.services.bambu_mqtt] [-] [[SERIAL]] wifi_signal received: -55dBm
2026-06-02 07:29:16,369 DEBUG [backend.app.services.bambu_mqtt] [-] [[SERIAL]] lights_report: [{'mode': 'on', 'node': 'chamber_light'}, {'mode': 'flashing', 'node': 'work_light'}]
2026-06-02 07:29:16,370 DEBUG [backend.app.services.bambu_mqtt] [-] [[SERIAL]] MQTT mapping field: [65280]
2026-06-02 07:29:16,370 DEBUG [backend.app.services.bambu_mqtt] [-] [[SERIAL]] gcode_state: RUNNING -> RUNNING, file: /data/Metadata/plate_1.gcode, subtask: UCG-Fiber_v4_PETG_fan_speed
2026-06-02 07:29:17,013 DEBUG [backend.app.services.bambu_mqtt] [-] [[SERIAL]] Found xcam inside print data: {'allow_skip_parts': False, 'buildplate_marker_detector': True, 'first_layer_inspector': True, 'halt_print_sensitivity': 'low', 'print_halt': True, 'printing_monitor': True, 'spaghetti_detector': True}
2026-06-02 07:29:17,014 DEBUG [backend.app.services.bambu_mqtt] [-] [[SERIAL]] Parsing xcam data - all fields: ['allow_skip_parts', 'buildplate_marker_detector', 'first_layer_inspector', 'halt_print_sensitivity', 'print_halt', 'printing_monitor', 'spaghetti_detector']
2026-06-02 07:29:17,015 DEBUG [backend.app.services.bambu_mqtt] [-] [[SERIAL]] Received gcode_state: RUNNING, gcode_file: /data/Metadata/plate_1.gcode, subtask_name: UCG-Fiber_v4_PETG_fan_speed
2026-06-02 07:29:17,016 DEBUG [backend.app.services.bambu_mqtt] [-] [[SERIAL]] AMS dict fields: {'ams_exist_bits': '1', 'ams_exist_bits_raw': '1', 'cali_id': 0, 'cali_stat': 0, 'insert_flag': True, 'power_on_flag': True, 'tray_exist_bits': 'e', 'tray_is_bbl_bits': 'e', 'tray_now': '1', 'tray_pre': '1', 'tray_read_done_bits': 'e', 'tray_reading_bits': '0', 'tray_tar': '1', 'unbind_ams_stat': 0, 'version': 42}
2026-06-02 07:29:17,017 DEBUG [backend.app.services.bambu_mqtt] [-] [[SERIAL]] tray_now updated: 1
2026-06-02 07:29:17,017 DEBUG [backend.app.services.bambu_mqtt] [-] [[SERIAL]] Merged AMS data: 1 new units, 1 total
2026-06-02 07:29:17,018 DEBUG [backend.app.services.bambu_mqtt] [-] [[SERIAL]] AMS 0 info=0x1001 -> extruder 0
2026-06-02 07:29:17,019 DEBUG [backend.app.services.bambu_mqtt] [-] [[SERIAL]] ams_extruder_map: {'0': 0}
2026-06-02 07:29:17,020 DEBUG [backend.app.services.bambu_mqtt] [-] [[SERIAL]] ams_status: 768 (main=3, sub=0)
2026-06-02 07:29:17,020 DEBUG [backend.app.services.bambu_mqtt] [-] [[SERIAL]] Received command response: push_status
2026-06-02 07:29:17,021 DEBUG [backend.app.services.bambu_mqtt] [-] [[SERIAL]] device.extruder.state=1 (switch_state bits 12-14: 0)
2026-06-02 07:29:17,022 DEBUG [backend.app.services.bambu_mqtt] [-] [[SERIAL]] info.temp direct: 37°C (heater OFF)
2026-06-02 07:29:17,023 DEBUG [backend.app.services.bambu_mqtt] [-] [[SERIAL]] ctc_info keys: ['temp']
2026-06-02 07:29:17,024 DEBUG [backend.app.services.bambu_mqtt] [-] [[SERIAL]] Chamber heating calculated: target=0.0, current=37.0, heating=False, respect_local=False
2026-06-02 07:29:17,024 DEBUG [backend.app.services.bambu_mqtt] [-] [[SERIAL]] Chamber temp updated to: 37.0, target: 0.0, heating: False
2026-06-02 07:29:17,026 DEBUG [backend.app.services.bambu_mqtt] [-] [[SERIAL]] HMS data received: [{'attr': 50335744, 'code': 131074}]
2026-06-02 07:29:17,026 DEBUG [backend.app.services.bambu_mqtt] [-] [[SERIAL]] ipcam field: {'agora_service': 'disable', 'brtc_service': 'enable', 'bs_state': 0, 'ipcam_dev': '1', 'ipcam_record': 'enable', 'laser_preview_res': 7, 'mode_bits': 2, 'resolution': '720p', 'rtsp_url': 'rtsps://[IP]:322/streaming/live/1', 'timelapse': 'disable', 'tl_store_hpd_type': 2, 'tl_store_path_type': 2, 'tutk_server': 'disable'}
2026-06-02 07:29:17,027 DEBUG [backend.app.services.bambu_mqtt] [-] [[SERIAL]] wifi_signal received: -46dBm
2026-06-02 07:29:17,028 DEBUG [backend.app.services.bambu_mqtt] [-] [[SERIAL]] lights_report: [{'mode': 'on', 'node': 'chamber_light'}, {'mode': 'flashing', 'node': 'work_light'}]
2026-06-02 07:29:17,029 DEBUG [backend.app.services.bambu_mqtt] [-] [[SERIAL]] MQTT mapping field: [1]
2026-06-02 07:29:17,030 DEBUG [backend.app.services.bambu_mqtt] [-] [[SERIAL]] gcode_state: RUNNING -> RUNNING, file: /data/Metadata/plate_1.gcode, subtask: UCG-Fiber_v4_PETG_fan_speed
2026-06-02 07:29:17,497 DEBUG [backend.app.services.bambu_mqtt] [-] [[SERIAL]] Found xcam inside print data: {'allow_skip_parts': False, 'buildplate_marker_detector': True, 'first_layer_inspector': True, 'halt_print_sensitivity': 'medium', 'print_halt': True, 'printing_monitor': True, 'spaghetti_detector': True}
2026-06-02 07:29:17,498 DEBUG [backend.app.services.bambu_mqtt] [-] [[SERIAL]] Parsing xcam data - all fields: ['allow_skip_parts', 'buildplate_marker_detector', 'first_layer_inspector', 'halt_print_sensitivity', 'print_halt', 'printing_monitor', 'spaghetti_detector']
2026-06-02 07:29:17,499 DEBUG [backend.app.services.bambu_mqtt] [-] [[SERIAL]] Received gcode_state: RUNNING, gcode_file: /data/Metadata/plate_1.gcode, subtask_name: UCG-Fiber_v4_PETG_fan_speed
2026-06-02 07:29:17,500 DEBUG [backend.app.services.bambu_mqtt] [-] [[SERIAL]] AMS dict fields: {'ams_exist_bits': '0', 'ams_exist_bits_raw': '0', 'cali_id': 0, 'cali_stat': 0, 'insert_flag': True, 'power_on_flag': False, 'tray_exist_bits': '0', 'tray_is_bbl_bits': '0', 'tray_now': '254', 'tray_pre': '254', 'tray_read_done_bits': '0', 'tray_reading_bits': '0', 'tray_tar': '254', 'unbind_ams_stat': 0, 'version': 4}
2026-06-02 07:29:17,501 DEBUG [backend.app.services.bambu_mqtt] [-] [[SERIAL]] tray_now updated: 254
2026-06-02 07:29:17,502 DEBUG [backend.app.services.bambu_mqtt] [-] [[SERIAL]] Merged AMS data: 0 new units, 0 total
2026-06-02 07:29:17,503 DEBUG [backend.app.services.bambu_mqtt] [-] [[SERIAL]] ams_status: 768 (main=3, sub=0)
2026-06-02 07:29:17,504 DEBUG [backend.app.services.bambu_mqtt] [-] [[SERIAL]] Received command response: push_status
2026-06-02 07:29:17,505 DEBUG [backend.app.services.bambu_mqtt] [-] [[SERIAL]] device.extruder.state=1 (switch_state bits 12-14: 0)
2026-06-02 07:29:17,506 DEBUG [backend.app.services.bambu_mqtt] [-] [[SERIAL]] info.temp direct: 34°C (heater OFF)
2026-06-02 07:29:17,507 DEBUG [backend.app.services.bambu_mqtt] [-] [[SERIAL]] ctc_info keys: ['temp']
2026-06-02 07:29:17,508 DEBUG [backend.app.services.bambu_mqtt] [-] [[SERIAL]] Chamber heating calculated: target=0.0, current=34.0, heating=False, respect_local=False
2026-06-02 07:29:17,509 DEBUG [backend.app.services.bambu_mqtt] [-] [[SERIAL]] Chamber temp updated to: 34.0, target: 0.0, heating: False
2026-06-02 07:29:17,510 DEBUG [backend.app.services.bambu_mqtt] [-] [[SERIAL]] HMS data received: []
2026-06-02 07:29:17,511 DEBUG [backend.app.services.bambu_mqtt] [-] [[SERIAL]] ipcam field: {'agora_service': 'disable', 'brtc_service': 'enable', 'bs_state': 0, 'ipcam_dev': '1', 'ipcam_record': 'disable', 'laser_preview_res': 7, 'mode_bits': 2, 'resolution': '720p', 'rtsp_url': 'rtsps://[IP]:322/streaming/live/1', 'timelapse': 'disable', 'tl_store_hpd_type': 2, 'tl_store_path_type': 2, 'tutk_server': 'disable'}
2026-06-02 07:29:17,512 DEBUG [backend.app.services.bambu_mqtt] [-] [[SERIAL]] wifi_signal received: -55dBm
2026-06-02 07:29:17,512 DEBUG [backend.app.services.bambu_mqtt] [-] [[SERIAL]] lights_report: [{'mode': 'on', 'node': 'chamber_light'}, {'mode': 'flashing', 'node': 'work_light'}]
2026-06-02 07:29:17,513 DEBUG [backend.app.services.bambu_mqtt] [-] [[SERIAL]] MQTT mapping field: [65280]
2026-06-02 07:29:17,514 DEBUG [backend.app.services.bambu_mqtt] [-] [[SERIAL]] gcode_state: RUNNING -> RUNNING, file: /data/Metadata/plate_1.gcode, subtask: UCG-Fiber_v4_PETG_fan_speed
2026-06-02 07:29:18,094 DEBUG [backend.app.services.bambu_mqtt] [-] [[SERIAL]] Found xcam inside print data: {'allow_skip_parts': False, 'buildplate_marker_detector': True, 'first_layer_inspector': True, 'halt_print_sensitivity': 'low', 'print_halt': True, 'printing_monitor': True, 'spaghetti_detector': True}
2026-06-02 07:29:18,094 DEBUG [backend.app.services.bambu_mqtt] [-] [[SERIAL]] Parsing xcam data - all fields: ['allow_skip_parts', 'buildplate_marker_detector', 'first_layer_inspector', 'halt_print_sensitivity', 'print_halt', 'printing_monitor', 'spaghetti_detector']
2026-06-02 07:29:18,095 DEBUG [backend.app.services.bambu_mqtt] [-] [[SERIAL]] Received gcode_state: RUNNING, gcode_file: /data/Metadata/plate_1.gcode, subtask_name: UCG-Fiber_v4_PETG_fan_speed
2026-06-02 07:29:18,095 DEBUG [backend.app.services.bambu_mqtt] [-] [[SERIAL]] AMS dict fields: {'ams_exist_bits': '1', 'ams_exist_bits_raw': '1', 'cali_id': 0, 'cali_stat': 0, 'insert_flag': True, 'power_on_flag': True, 'tray_exist_bits': 'e', 'tray_is_bbl_bits': 'e', 'tray_now': '1', 'tray_pre': '1', 'tray_read_done_bits': 'e', 'tray_reading_bits': '0', 'tray_tar': '1', 'unbind_ams_stat': 0, 'version': 42}
2026-06-02 07:29:18,095 DEBUG [backend.app.services.bambu_mqtt] [-] [[SERIAL]] tray_now updated: 1
2026-06-02 07:29:18,096 DEBUG [backend.app.services.bambu_mqtt] [-] [[SERIAL]] Merged AMS data: 1 new units, 1 total
2026-06-02 07:29:18,096 DEBUG [backend.app.services.bambu_mqtt] [-] [[SERIAL]] AMS 0 info=0x1001 -> extruder 0
2026-06-02 07:29:18,096 DEBUG [backend.app.services.bambu_mqtt] [-] [[SERIAL]] ams_extruder_map: {'0': 0}
2026-06-02 07:29:18,096 DEBUG [backend.app.services.bambu_mqtt] [-] [[SERIAL]] ams_status: 768 (main=3, sub=0)
2026-06-02 07:29:18,097 DEBUG [backend.app.services.bambu_mqtt] [-] [[SERIAL]] Received command response: push_status
2026-06-02 07:29:18,097 DEBUG [backend.app.services.bambu_mqtt] [-] [[SERIAL]] device.extruder.state=1 (switch_state bits 12-14: 0)
2026-06-02 07:29:18,097 DEBUG [backend.app.services.bambu_mqtt] [-] [[SERIAL]] info.temp direct: 37°C (heater OFF)
2026-06-02 07:29:18,097 DEBUG [backend.app.services.bambu_mqtt] [-] [[SERIAL]] ctc_info keys: ['temp']
2026-06-02 07:29:18,098 DEBUG [backend.app.services.bambu_mqtt] [-] [[SERIAL]] Chamber heating calculated: target=0.0, current=37.0, heating=False, respect_local=False
2026-06-02 07:29:18,098 DEBUG [backend.app.services.bambu_mqtt] [-] [[SERIAL]] Chamber temp updated to: 37.0, target: 0.0, heating: False
2026-06-02 07:29:18,098 DEBUG [backend.app.services.bambu_mqtt] [-] [[SERIAL]] HMS data received: [{'attr': 50335744, 'code': 131074}]
2026-06-02 07:29:18,099 DEBUG [backend.app.services.bambu_mqtt] [-] [[SERIAL]] ipcam field: {'agora_service': 'disable', 'brtc_service': 'enable', 'bs_state': 0, 'ipcam_dev': '1', 'ipcam_record': 'enable', 'laser_preview_res': 7, 'mode_bits': 2, 'resolution': '720p', 'rtsp_url': 'rtsps://[IP]:322/streaming/live/1', 'timelapse': 'disable', 'tl_store_hpd_type': 2, 'tl_store_path_type': 2, 'tutk_server': 'disable'}
2026-06-02 07:29:18,099 DEBUG [backend.app.services.bambu_mqtt] [-] [[SERIAL]] wifi_signal received: -46dBm
2026-06-02 07:29:18,099 DEBUG [backend.app.services.bambu_mqtt] [-] [[SERIAL]] lights_report: [{'mode': 'on', 'node': 'chamber_light'}, {'mode': 'flashing', 'node': 'work_light'}]
2026-06-02 07:29:18,100 DEBUG [backend.app.services.bambu_mqtt] [-] [[SERIAL]] MQTT mapping field: [1]
2026-06-02 07:29:18,101 DEBUG [backend.app.services.bambu_mqtt] [-] [[SERIAL]] gcode_state: RUNNING -> RUNNING, file: /data/Metadata/plate_1.gcode, subtask: UCG-Fiber_v4_PETG_fan_speed
2026-06-02 07:29:18,588 DEBUG [backend.app.services.bambu_mqtt] [-] [[SERIAL]] Found xcam inside print data: {'allow_skip_parts': False, 'buildplate_marker_detector': True, 'first_layer_inspector': True, 'halt_print_sensitivity': 'medium', 'print_halt': True, 'printing_monitor': True, 'spaghetti_detector': True}
2026-06-02 07:29:18,589 DEBUG [backend.app.services.bambu_mqtt] [-] [[SERIAL]] Parsing xcam data - all fields: ['allow_skip_parts', 'buildplate_marker_detector', 'first_layer_inspector', 'halt_print_sensitivity', 'print_halt', 'printing_monitor', 'spaghetti_detector']
2026-06-02 07:29:18,589 DEBUG [backend.app.services.bambu_mqtt] [-] [[SERIAL]] Received gcode_state: RUNNING, gcode_file: /data/Metadata/plate_1.gcode, subtask_name: UCG-Fiber_v4_PETG_fan_speed
2026-06-02 07:29:18,589 DEBUG [backend.app.services.bambu_mqtt] [-] [[SERIAL]] AMS dict fields: {'ams_exist_bits': '0', 'ams_exist_bits_raw': '0', 'cali_id': 0, 'cali_stat': 0, 'insert_flag': True, 'power_on_flag': False, 'tray_exist_bits': '0', 'tray_is_bbl_bits': '0', 'tray_now': '254', 'tray_pre': '254', 'tray_read_done_bits': '0', 'tray_reading_bits': '0', 'tray_tar': '254', 'unbind_ams_stat': 0, 'version': 4}
2026-06-02 07:29:18,590 DEBUG [backend.app.services.bambu_mqtt] [-] [[SERIAL]] tray_now updated: 254
2026-06-02 07:29:18,590 DEBUG [backend.app.services.bambu_mqtt] [-] [[SERIAL]] Merged AMS data: 0 new units, 0 total
2026-06-02 07:29:18,591 DEBUG [backend.app.services.bambu_mqtt] [-] [[SERIAL]] ams_status: 768 (main=3, sub=0)
2026-06-02 07:29:18,591 DEBUG [backend.app.services.bambu_mqtt] [-] [[SERIAL]] Received command response: push_status
2026-06-02 07:29:18,592 DEBUG [backend.app.services.bambu_mqtt] [-] [[SERIAL]] device.extruder.state=1 (switch_state bits 12-14: 0)
2026-06-02 07:29:18,592 DEBUG [backend.app.services.bambu_mqtt] [-] [[SERIAL]] info.temp direct: 34°C (heater OFF)
2026-06-02 07:29:18,593 DEBUG [backend.app.services.bambu_mqtt] [-] [[SERIAL]] ctc_info keys: ['temp']
2026-06-02 07:29:18,593 DEBUG [backend.app.services.bambu_mqtt] [-] [[SERIAL]] Chamber heating calculated: target=0.0, current=34.0, heating=False, respect_local=False
2026-06-02 07:29:18,594 DEBUG [backend.app.services.bambu_mqtt] [-] [[SERIAL]] Chamber temp updated to: 34.0, target: 0.0, heating: False
2026-06-02 07:29:18,595 DEBUG [backend.app.services.bambu_mqtt] [-] [[SERIAL]] HMS data received: []
2026-06-02 07:29:18,595 DEBUG [backend.app.services.bambu_mqtt] [-] [[SERIAL]] ipcam field: {'agora_service': 'disable', 'brtc_service': 'enable', 'bs_state': 0, 'ipcam_dev': '1', 'ipcam_record': 'disable', 'laser_preview_res': 7, 'mode_bits': 2, 'resolution': '720p', 'rtsp_url': 'rtsps://[IP]:322/streaming/live/1', 'timelapse': 'disable', 'tl_store_hpd_type': 2, 'tl_store_path_type': 2, 'tutk_server': 'disable'}
2026-06-02 07:29:18,596 DEBUG [backend.app.services.bambu_mqtt] [-] [[SERIAL]] wifi_signal received: -55dBm
2026-06-02 07:29:18,596 DEBUG [backend.app.services.bambu_mqtt] [-] [[SERIAL]] lights_report: [{'mode': 'on', 'node': 'chamber_light'}, {'mode': 'flashing', 'node': 'work_light'}]
2026-06-02 07:29:18,597 DEBUG [backend.app.services.bambu_mqtt] [-] [[SERIAL]] MQTT mapping field: [65280]
2026-06-02 07:29:18,597 DEBUG [backend.app.services.bambu_mqtt] [-] [[SERIAL]] gcode_state: RUNNING -> RUNNING, file: /data/Metadata/plate_1.gcode, subtask: UCG-Fiber_v4_PETG_fan_speed
2026-06-02 07:29:19,189 DEBUG [backend.app.services.bambu_mqtt] [-] [[SERIAL]] Found xcam inside print data: {'allow_skip_parts': False, 'buildplate_marker_detector': True, 'first_layer_inspector': True, 'halt_print_sensitivity': 'low', 'print_halt': True, 'printing_monitor': True, 'spaghetti_detector': True}
2026-06-02 07:29:19,190 DEBUG [backend.app.services.bambu_mqtt] [-] [[SERIAL]] Parsing xcam data - all fields: ['allow_skip_parts', 'buildplate_marker_detector', 'first_layer_inspector', 'halt_print_sensitivity', 'print_halt', 'printing_monitor', 'spaghetti_detector']
2026-06-02 07:29:19,190 DEBUG [backend.app.services.bambu_mqtt] [-] [[SERIAL]] Received gcode_state: RUNNING, gcode_file: /data/Metadata/plate_1.gcode, subtask_name: UCG-Fiber_v4_PETG_fan_speed
2026-06-02 07:29:19,190 DEBUG [backend.app.services.bambu_mqtt] [-] [[SERIAL]] AMS dict fields: {'ams_exist_bits': '1', 'ams_exist_bits_raw': '1', 'cali_id': 0, 'cali_stat': 0, 'insert_flag': True, 'power_on_flag': True, 'tray_exist_bits': 'e', 'tray_is_bbl_bits': 'e', 'tray_now': '1', 'tray_pre': '1', 'tray_read_done_bits': 'e', 'tray_reading_bits': '0', 'tray_tar': '1', 'unbind_ams_stat': 0, 'version': 42}
2026-06-02 07:29:19,191 DEBUG [backend.app.services.bambu_mqtt] [-] [[SERIAL]] tray_now updated: 1
2026-06-02 07:29:19,191 DEBUG [backend.app.services.bambu_mqtt] [-] [[SERIAL]] Merged AMS data: 1 new units, 1 total
2026-06-02 07:29:19,191 DEBUG [backend.app.services.bambu_mqtt] [-] [[SERIAL]] AMS 0 info=0x1001 -> extruder 0
2026-06-02 07:29:19,191 DEBUG [backend.app.services.bambu_mqtt] [-] [[SERIAL]] ams_extruder_map: {'0': 0}
2026-06-02 07:29:19,192 DEBUG [backend.app.services.bambu_mqtt] [-] [[SERIAL]] ams_status: 768 (main=3, sub=0)
2026-06-02 07:29:19,192 DEBUG [backend.app.services.bambu_mqtt] [-] [[SERIAL]] Received command response: push_status
2026-06-02 07:29:19,192 DEBUG [backend.app.services.bambu_mqtt] [-] [[SERIAL]] device.extruder.state=1 (switch_state bits 12-14: 0)
2026-06-02 07:29:19,193 DEBUG [backend.app.services.bambu_mqtt] [-] [[SERIAL]] info.temp direct: 37°C (heater OFF)
2026-06-02 07:29:19,193 DEBUG [backend.app.services.bambu_mqtt] [-] [[SERIAL]] ctc_info keys: ['temp']
2026-06-02 07:29:19,193 DEBUG [backend.app.services.bambu_mqtt] [-] [[SERIAL]] Chamber heating calculated: target=0.0, current=37.0, heating=False, respect_local=False
2026-06-02 07:29:19,193 DEBUG [backend.app.services.bambu_mqtt] [-] [[SERIAL]] Chamber temp updated to: 37.0, target: 0.0, heating: False
2026-06-02 07:29:19,194 DEBUG [backend.app.services.bambu_mqtt] [-] [[SERIAL]] HMS data received: [{'attr': 50335744, 'code': 131074}]
2026-06-02 07:29:19,194 DEBUG [backend.app.services.bambu_mqtt] [-] [[SERIAL]] ipcam field: {'agora_service': 'disable', 'brtc_service': 'enable', 'bs_state': 0, 'ipcam_dev': '1', 'ipcam_record': 'enable', 'laser_preview_res': 7, 'mode_bits': 2, 'resolution': '720p', 'rtsp_url': 'rtsps://[IP]:322/streaming/live/1', 'timelapse': 'disable', 'tl_store_hpd_type': 2, 'tl_store_path_type': 2, 'tutk_server': 'disable'}
2026-06-02 07:29:19,194 DEBUG [backend.app.services.bambu_mqtt] [-] [[SERIAL]] wifi_signal received: -46dBm
2026-06-02 07:29:19,195 DEBUG [backend.app.services.bambu_mqtt] [-] [[SERIAL]] lights_report: [{'mode': 'on', 'node': 'chamber_light'}, {'mode': 'flashing', 'node': 'work_light'}]
2026-06-02 07:29:19,196 DEBUG [backend.app.services.bambu_mqtt] [-] [[SERIAL]] MQTT mapping field: [1]
2026-06-02 07:29:19,196 DEBUG [backend.app.services.bambu_mqtt] [-] [[SERIAL]] gcode_state: RUNNING -> RUNNING, file: /data/Metadata/plate_1.gcode, subtask: UCG-Fiber_v4_PETG_fan_speed